[2025-07-18T12:14:44.615+0000] {processor.py:186} INFO - Started process (PID=213) to work on /opt/airflow/dags/datasets_dags.py
[2025-07-18T12:14:44.616+0000] {processor.py:914} INFO - Processing file /opt/airflow/dags/datasets_dags.py for tasks to queue
[2025-07-18T12:14:44.620+0000] {logging_mixin.py:190} INFO - [2025-07-18T12:14:44.620+0000] {dagbag.py:588} INFO - Filling up the DagBag from /opt/airflow/dags/datasets_dags.py
[2025-07-18T12:14:44.650+0000] {processor.py:925} INFO - DAG(s) 'consumer_dag', 'producer_dag' retrieved from /opt/airflow/dags/datasets_dags.py
[2025-07-18T12:14:44.840+0000] {logging_mixin.py:190} INFO - [2025-07-18T12:14:44.839+0000] {override.py:1911} INFO - Created Permission View: can read on DAG:consumer_dag
[2025-07-18T12:14:44.856+0000] {logging_mixin.py:190} INFO - [2025-07-18T12:14:44.856+0000] {override.py:1911} INFO - Created Permission View: can edit on DAG:consumer_dag
[2025-07-18T12:14:44.867+0000] {logging_mixin.py:190} INFO - [2025-07-18T12:14:44.866+0000] {override.py:1911} INFO - Created Permission View: can delete on DAG:consumer_dag
[2025-07-18T12:14:44.900+0000] {logging_mixin.py:190} INFO - [2025-07-18T12:14:44.899+0000] {override.py:1911} INFO - Created Permission View: can read on DAG Run:consumer_dag
[2025-07-18T12:14:44.912+0000] {logging_mixin.py:190} INFO - [2025-07-18T12:14:44.912+0000] {override.py:1911} INFO - Created Permission View: can delete on DAG Run:consumer_dag
[2025-07-18T12:14:44.931+0000] {logging_mixin.py:190} INFO - [2025-07-18T12:14:44.931+0000] {override.py:1911} INFO - Created Permission View: menu access on DAG Run:consumer_dag
[2025-07-18T12:14:44.942+0000] {logging_mixin.py:190} INFO - [2025-07-18T12:14:44.941+0000] {override.py:1911} INFO - Created Permission View: can create on DAG Run:consumer_dag
[2025-07-18T12:14:44.963+0000] {logging_mixin.py:190} INFO - [2025-07-18T12:14:44.962+0000] {override.py:1911} INFO - Created Permission View: can read on DAG:producer_dag
[2025-07-18T12:14:44.972+0000] {logging_mixin.py:190} INFO - [2025-07-18T12:14:44.971+0000] {override.py:1911} INFO - Created Permission View: can edit on DAG:producer_dag
[2025-07-18T12:14:44.983+0000] {logging_mixin.py:190} INFO - [2025-07-18T12:14:44.982+0000] {override.py:1911} INFO - Created Permission View: can delete on DAG:producer_dag
[2025-07-18T12:14:44.996+0000] {logging_mixin.py:190} INFO - [2025-07-18T12:14:44.996+0000] {override.py:1911} INFO - Created Permission View: can read on DAG Run:producer_dag
[2025-07-18T12:14:45.015+0000] {logging_mixin.py:190} INFO - [2025-07-18T12:14:45.015+0000] {override.py:1911} INFO - Created Permission View: can delete on DAG Run:producer_dag
[2025-07-18T12:14:45.029+0000] {logging_mixin.py:190} INFO - [2025-07-18T12:14:45.028+0000] {override.py:1911} INFO - Created Permission View: menu access on DAG Run:producer_dag
[2025-07-18T12:14:45.037+0000] {logging_mixin.py:190} INFO - [2025-07-18T12:14:45.036+0000] {override.py:1911} INFO - Created Permission View: can create on DAG Run:producer_dag
[2025-07-18T12:14:45.038+0000] {logging_mixin.py:190} INFO - [2025-07-18T12:14:45.038+0000] {dag.py:3239} INFO - Sync 2 DAGs
[2025-07-18T12:14:45.059+0000] {logging_mixin.py:190} INFO - [2025-07-18T12:14:45.059+0000] {dag.py:3262} INFO - Creating ORM DAG for consumer_dag
[2025-07-18T12:14:45.061+0000] {logging_mixin.py:190} INFO - [2025-07-18T12:14:45.061+0000] {dag.py:3262} INFO - Creating ORM DAG for producer_dag
[2025-07-18T12:14:45.076+0000] {logging_mixin.py:190} INFO - [2025-07-18T12:14:45.076+0000] {dag.py:4180} INFO - Setting next_dagrun for consumer_dag to None, run_after=None
[2025-07-18T12:14:45.078+0000] {logging_mixin.py:190} INFO - [2025-07-18T12:14:45.078+0000] {dag.py:4180} INFO - Setting next_dagrun for producer_dag to 2025-07-17 00:00:00+00:00, run_after=2025-07-18 00:00:00+00:00
[2025-07-18T12:14:45.119+0000] {processor.py:208} INFO - Processing /opt/airflow/dags/datasets_dags.py took 0.512 seconds
[2025-07-18T12:15:15.250+0000] {processor.py:186} INFO - Started process (PID=234) to work on /opt/airflow/dags/datasets_dags.py
[2025-07-18T12:15:15.252+0000] {processor.py:914} INFO - Processing file /opt/airflow/dags/datasets_dags.py for tasks to queue
[2025-07-18T12:15:15.255+0000] {logging_mixin.py:190} INFO - [2025-07-18T12:15:15.254+0000] {dagbag.py:588} INFO - Filling up the DagBag from /opt/airflow/dags/datasets_dags.py
[2025-07-18T12:15:15.277+0000] {processor.py:925} INFO - DAG(s) 'consumer_dag', 'producer_dag' retrieved from /opt/airflow/dags/datasets_dags.py
[2025-07-18T12:15:15.324+0000] {logging_mixin.py:190} INFO - [2025-07-18T12:15:15.323+0000] {dag.py:3239} INFO - Sync 2 DAGs
[2025-07-18T12:15:15.360+0000] {logging_mixin.py:190} INFO - [2025-07-18T12:15:15.359+0000] {dag.py:4180} INFO - Setting next_dagrun for consumer_dag to None, run_after=None
[2025-07-18T12:15:15.368+0000] {logging_mixin.py:190} INFO - [2025-07-18T12:15:15.368+0000] {dag.py:4180} INFO - Setting next_dagrun for producer_dag to 2025-07-17 00:00:00+00:00, run_after=2025-07-18 00:00:00+00:00
[2025-07-18T12:15:15.403+0000] {processor.py:208} INFO - Processing /opt/airflow/dags/datasets_dags.py took 0.164 seconds
[2025-07-18T12:15:45.602+0000] {processor.py:186} INFO - Started process (PID=261) to work on /opt/airflow/dags/datasets_dags.py
[2025-07-18T12:15:45.603+0000] {processor.py:914} INFO - Processing file /opt/airflow/dags/datasets_dags.py for tasks to queue
[2025-07-18T12:15:45.608+0000] {logging_mixin.py:190} INFO - [2025-07-18T12:15:45.607+0000] {dagbag.py:588} INFO - Filling up the DagBag from /opt/airflow/dags/datasets_dags.py
[2025-07-18T12:15:45.631+0000] {processor.py:925} INFO - DAG(s) 'consumer_dag', 'producer_dag' retrieved from /opt/airflow/dags/datasets_dags.py
[2025-07-18T12:15:45.683+0000] {logging_mixin.py:190} INFO - [2025-07-18T12:15:45.682+0000] {dag.py:3239} INFO - Sync 2 DAGs
[2025-07-18T12:15:45.713+0000] {logging_mixin.py:190} INFO - [2025-07-18T12:15:45.713+0000] {dag.py:4180} INFO - Setting next_dagrun for consumer_dag to None, run_after=None
[2025-07-18T12:15:45.718+0000] {logging_mixin.py:190} INFO - [2025-07-18T12:15:45.718+0000] {dag.py:4180} INFO - Setting next_dagrun for producer_dag to 2025-07-17 00:00:00+00:00, run_after=2025-07-18 00:00:00+00:00
[2025-07-18T12:15:45.752+0000] {processor.py:208} INFO - Processing /opt/airflow/dags/datasets_dags.py took 0.158 seconds
[2025-07-18T12:16:16.154+0000] {processor.py:186} INFO - Started process (PID=288) to work on /opt/airflow/dags/datasets_dags.py
[2025-07-18T12:16:16.156+0000] {processor.py:914} INFO - Processing file /opt/airflow/dags/datasets_dags.py for tasks to queue
[2025-07-18T12:16:16.159+0000] {logging_mixin.py:190} INFO - [2025-07-18T12:16:16.158+0000] {dagbag.py:588} INFO - Filling up the DagBag from /opt/airflow/dags/datasets_dags.py
[2025-07-18T12:16:16.178+0000] {processor.py:925} INFO - DAG(s) 'consumer_dag', 'producer_dag' retrieved from /opt/airflow/dags/datasets_dags.py
[2025-07-18T12:16:16.215+0000] {logging_mixin.py:190} INFO - [2025-07-18T12:16:16.215+0000] {dag.py:3239} INFO - Sync 2 DAGs
[2025-07-18T12:16:16.246+0000] {logging_mixin.py:190} INFO - [2025-07-18T12:16:16.245+0000] {dag.py:4180} INFO - Setting next_dagrun for consumer_dag to None, run_after=None
[2025-07-18T12:16:16.251+0000] {logging_mixin.py:190} INFO - [2025-07-18T12:16:16.251+0000] {dag.py:4180} INFO - Setting next_dagrun for producer_dag to 2025-07-17 00:00:00+00:00, run_after=2025-07-18 00:00:00+00:00
[2025-07-18T12:16:16.285+0000] {processor.py:208} INFO - Processing /opt/airflow/dags/datasets_dags.py took 0.139 seconds
[2025-07-18T12:16:47.010+0000] {processor.py:186} INFO - Started process (PID=315) to work on /opt/airflow/dags/datasets_dags.py
[2025-07-18T12:16:47.011+0000] {processor.py:914} INFO - Processing file /opt/airflow/dags/datasets_dags.py for tasks to queue
[2025-07-18T12:16:47.014+0000] {logging_mixin.py:190} INFO - [2025-07-18T12:16:47.014+0000] {dagbag.py:588} INFO - Filling up the DagBag from /opt/airflow/dags/datasets_dags.py
[2025-07-18T12:16:47.039+0000] {processor.py:925} INFO - DAG(s) 'producer_dag', 'consumer_dag' retrieved from /opt/airflow/dags/datasets_dags.py
[2025-07-18T12:16:47.102+0000] {logging_mixin.py:190} INFO - [2025-07-18T12:16:47.102+0000] {dag.py:3239} INFO - Sync 2 DAGs
[2025-07-18T12:16:47.157+0000] {logging_mixin.py:190} INFO - [2025-07-18T12:16:47.156+0000] {dag.py:4180} INFO - Setting next_dagrun for consumer_dag to None, run_after=None
[2025-07-18T12:16:47.171+0000] {logging_mixin.py:190} INFO - [2025-07-18T12:16:47.170+0000] {dag.py:4180} INFO - Setting next_dagrun for producer_dag to 2025-07-17 00:00:00+00:00, run_after=2025-07-18 00:00:00+00:00
[2025-07-18T12:16:47.233+0000] {processor.py:208} INFO - Processing /opt/airflow/dags/datasets_dags.py took 0.234 seconds
[2025-07-18T12:17:17.964+0000] {processor.py:186} INFO - Started process (PID=342) to work on /opt/airflow/dags/datasets_dags.py
[2025-07-18T12:17:17.966+0000] {processor.py:914} INFO - Processing file /opt/airflow/dags/datasets_dags.py for tasks to queue
[2025-07-18T12:17:17.979+0000] {logging_mixin.py:190} INFO - [2025-07-18T12:17:17.978+0000] {dagbag.py:588} INFO - Filling up the DagBag from /opt/airflow/dags/datasets_dags.py
[2025-07-18T12:17:18.010+0000] {processor.py:925} INFO - DAG(s) 'producer_dag', 'consumer_dag' retrieved from /opt/airflow/dags/datasets_dags.py
[2025-07-18T12:17:18.057+0000] {logging_mixin.py:190} INFO - [2025-07-18T12:17:18.057+0000] {dag.py:3239} INFO - Sync 2 DAGs
[2025-07-18T12:17:18.121+0000] {logging_mixin.py:190} INFO - [2025-07-18T12:17:18.120+0000] {dag.py:4180} INFO - Setting next_dagrun for consumer_dag to None, run_after=None
[2025-07-18T12:17:18.131+0000] {logging_mixin.py:190} INFO - [2025-07-18T12:17:18.131+0000] {dag.py:4180} INFO - Setting next_dagrun for producer_dag to 2025-07-17 00:00:00+00:00, run_after=2025-07-18 00:00:00+00:00
[2025-07-18T12:17:18.182+0000] {processor.py:208} INFO - Processing /opt/airflow/dags/datasets_dags.py took 0.233 seconds
[2025-07-18T12:17:48.610+0000] {processor.py:186} INFO - Started process (PID=369) to work on /opt/airflow/dags/datasets_dags.py
[2025-07-18T12:17:48.611+0000] {processor.py:914} INFO - Processing file /opt/airflow/dags/datasets_dags.py for tasks to queue
[2025-07-18T12:17:48.614+0000] {logging_mixin.py:190} INFO - [2025-07-18T12:17:48.614+0000] {dagbag.py:588} INFO - Filling up the DagBag from /opt/airflow/dags/datasets_dags.py
[2025-07-18T12:17:48.636+0000] {processor.py:925} INFO - DAG(s) 'consumer_dag', 'producer_dag' retrieved from /opt/airflow/dags/datasets_dags.py
[2025-07-18T12:17:48.678+0000] {logging_mixin.py:190} INFO - [2025-07-18T12:17:48.678+0000] {dag.py:3239} INFO - Sync 2 DAGs
[2025-07-18T12:17:48.712+0000] {logging_mixin.py:190} INFO - [2025-07-18T12:17:48.711+0000] {dag.py:4180} INFO - Setting next_dagrun for consumer_dag to None, run_after=None
[2025-07-18T12:17:48.718+0000] {logging_mixin.py:190} INFO - [2025-07-18T12:17:48.718+0000] {dag.py:4180} INFO - Setting next_dagrun for producer_dag to 2025-07-17 00:00:00+00:00, run_after=2025-07-18 00:00:00+00:00
[2025-07-18T12:17:48.760+0000] {processor.py:208} INFO - Processing /opt/airflow/dags/datasets_dags.py took 0.157 seconds
[2025-07-18T12:18:18.875+0000] {processor.py:186} INFO - Started process (PID=396) to work on /opt/airflow/dags/datasets_dags.py
[2025-07-18T12:18:18.877+0000] {processor.py:914} INFO - Processing file /opt/airflow/dags/datasets_dags.py for tasks to queue
[2025-07-18T12:18:18.882+0000] {logging_mixin.py:190} INFO - [2025-07-18T12:18:18.881+0000] {dagbag.py:588} INFO - Filling up the DagBag from /opt/airflow/dags/datasets_dags.py
[2025-07-18T12:18:18.921+0000] {processor.py:925} INFO - DAG(s) 'producer_dag', 'consumer_dag' retrieved from /opt/airflow/dags/datasets_dags.py
[2025-07-18T12:18:18.976+0000] {logging_mixin.py:190} INFO - [2025-07-18T12:18:18.976+0000] {dag.py:3239} INFO - Sync 2 DAGs
[2025-07-18T12:18:19.018+0000] {logging_mixin.py:190} INFO - [2025-07-18T12:18:19.018+0000] {dag.py:4180} INFO - Setting next_dagrun for consumer_dag to None, run_after=None
[2025-07-18T12:18:19.033+0000] {logging_mixin.py:190} INFO - [2025-07-18T12:18:19.032+0000] {dag.py:4180} INFO - Setting next_dagrun for producer_dag to 2025-07-17 00:00:00+00:00, run_after=2025-07-18 00:00:00+00:00
[2025-07-18T12:18:19.116+0000] {processor.py:208} INFO - Processing /opt/airflow/dags/datasets_dags.py took 0.256 seconds
[2025-07-18T12:18:49.286+0000] {processor.py:186} INFO - Started process (PID=423) to work on /opt/airflow/dags/datasets_dags.py
[2025-07-18T12:18:49.287+0000] {processor.py:914} INFO - Processing file /opt/airflow/dags/datasets_dags.py for tasks to queue
[2025-07-18T12:18:49.290+0000] {logging_mixin.py:190} INFO - [2025-07-18T12:18:49.290+0000] {dagbag.py:588} INFO - Filling up the DagBag from /opt/airflow/dags/datasets_dags.py
[2025-07-18T12:18:49.310+0000] {processor.py:925} INFO - DAG(s) 'producer_dag', 'consumer_dag' retrieved from /opt/airflow/dags/datasets_dags.py
[2025-07-18T12:18:49.352+0000] {logging_mixin.py:190} INFO - [2025-07-18T12:18:49.352+0000] {dag.py:3239} INFO - Sync 2 DAGs
[2025-07-18T12:18:49.384+0000] {logging_mixin.py:190} INFO - [2025-07-18T12:18:49.384+0000] {dag.py:4180} INFO - Setting next_dagrun for consumer_dag to None, run_after=None
[2025-07-18T12:18:49.392+0000] {logging_mixin.py:190} INFO - [2025-07-18T12:18:49.391+0000] {dag.py:4180} INFO - Setting next_dagrun for producer_dag to 2025-07-17 00:00:00+00:00, run_after=2025-07-18 00:00:00+00:00
[2025-07-18T12:18:49.423+0000] {processor.py:208} INFO - Processing /opt/airflow/dags/datasets_dags.py took 0.145 seconds
[2025-07-18T12:19:19.921+0000] {processor.py:186} INFO - Started process (PID=450) to work on /opt/airflow/dags/datasets_dags.py
[2025-07-18T12:19:19.923+0000] {processor.py:914} INFO - Processing file /opt/airflow/dags/datasets_dags.py for tasks to queue
[2025-07-18T12:19:19.927+0000] {logging_mixin.py:190} INFO - [2025-07-18T12:19:19.926+0000] {dagbag.py:588} INFO - Filling up the DagBag from /opt/airflow/dags/datasets_dags.py
[2025-07-18T12:19:19.952+0000] {processor.py:925} INFO - DAG(s) 'consumer_dag', 'producer_dag' retrieved from /opt/airflow/dags/datasets_dags.py
[2025-07-18T12:19:19.994+0000] {logging_mixin.py:190} INFO - [2025-07-18T12:19:19.993+0000] {dag.py:3239} INFO - Sync 2 DAGs
[2025-07-18T12:19:20.037+0000] {logging_mixin.py:190} INFO - [2025-07-18T12:19:20.037+0000] {dag.py:4180} INFO - Setting next_dagrun for consumer_dag to None, run_after=None
[2025-07-18T12:19:20.043+0000] {logging_mixin.py:190} INFO - [2025-07-18T12:19:20.043+0000] {dag.py:4180} INFO - Setting next_dagrun for producer_dag to 2025-07-17 00:00:00+00:00, run_after=2025-07-18 00:00:00+00:00
[2025-07-18T12:19:20.077+0000] {processor.py:208} INFO - Processing /opt/airflow/dags/datasets_dags.py took 0.168 seconds
[2025-07-18T12:19:50.275+0000] {processor.py:186} INFO - Started process (PID=477) to work on /opt/airflow/dags/datasets_dags.py
[2025-07-18T12:19:50.276+0000] {processor.py:914} INFO - Processing file /opt/airflow/dags/datasets_dags.py for tasks to queue
[2025-07-18T12:19:50.280+0000] {logging_mixin.py:190} INFO - [2025-07-18T12:19:50.279+0000] {dagbag.py:588} INFO - Filling up the DagBag from /opt/airflow/dags/datasets_dags.py
[2025-07-18T12:19:50.305+0000] {processor.py:925} INFO - DAG(s) 'consumer_dag', 'producer_dag' retrieved from /opt/airflow/dags/datasets_dags.py
[2025-07-18T12:19:50.356+0000] {logging_mixin.py:190} INFO - [2025-07-18T12:19:50.355+0000] {dag.py:3239} INFO - Sync 2 DAGs
[2025-07-18T12:19:50.392+0000] {logging_mixin.py:190} INFO - [2025-07-18T12:19:50.391+0000] {dag.py:4180} INFO - Setting next_dagrun for consumer_dag to None, run_after=None
[2025-07-18T12:19:50.399+0000] {logging_mixin.py:190} INFO - [2025-07-18T12:19:50.399+0000] {dag.py:4180} INFO - Setting next_dagrun for producer_dag to 2025-07-17 00:00:00+00:00, run_after=2025-07-18 00:00:00+00:00
[2025-07-18T12:19:50.432+0000] {processor.py:208} INFO - Processing /opt/airflow/dags/datasets_dags.py took 0.167 seconds
[2025-07-18T12:20:20.553+0000] {processor.py:186} INFO - Started process (PID=505) to work on /opt/airflow/dags/datasets_dags.py
[2025-07-18T12:20:20.554+0000] {processor.py:914} INFO - Processing file /opt/airflow/dags/datasets_dags.py for tasks to queue
[2025-07-18T12:20:20.556+0000] {logging_mixin.py:190} INFO - [2025-07-18T12:20:20.556+0000] {dagbag.py:588} INFO - Filling up the DagBag from /opt/airflow/dags/datasets_dags.py
[2025-07-18T12:20:20.575+0000] {processor.py:925} INFO - DAG(s) 'producer_dag', 'consumer_dag' retrieved from /opt/airflow/dags/datasets_dags.py
[2025-07-18T12:20:20.613+0000] {logging_mixin.py:190} INFO - [2025-07-18T12:20:20.612+0000] {dag.py:3239} INFO - Sync 2 DAGs
[2025-07-18T12:20:20.640+0000] {logging_mixin.py:190} INFO - [2025-07-18T12:20:20.640+0000] {dag.py:4180} INFO - Setting next_dagrun for consumer_dag to None, run_after=None
[2025-07-18T12:20:20.646+0000] {logging_mixin.py:190} INFO - [2025-07-18T12:20:20.646+0000] {dag.py:4180} INFO - Setting next_dagrun for producer_dag to 2025-07-17 00:00:00+00:00, run_after=2025-07-18 00:00:00+00:00
[2025-07-18T12:20:20.676+0000] {processor.py:208} INFO - Processing /opt/airflow/dags/datasets_dags.py took 0.130 seconds
[2025-07-18T12:20:51.048+0000] {processor.py:186} INFO - Started process (PID=531) to work on /opt/airflow/dags/datasets_dags.py
[2025-07-18T12:20:51.050+0000] {processor.py:914} INFO - Processing file /opt/airflow/dags/datasets_dags.py for tasks to queue
[2025-07-18T12:20:51.058+0000] {logging_mixin.py:190} INFO - [2025-07-18T12:20:51.057+0000] {dagbag.py:588} INFO - Filling up the DagBag from /opt/airflow/dags/datasets_dags.py
[2025-07-18T12:20:51.175+0000] {processor.py:925} INFO - DAG(s) 'consumer_dag', 'producer_dag' retrieved from /opt/airflow/dags/datasets_dags.py
[2025-07-18T12:20:51.314+0000] {logging_mixin.py:190} INFO - [2025-07-18T12:20:51.313+0000] {dag.py:3239} INFO - Sync 2 DAGs
[2025-07-18T12:20:51.428+0000] {logging_mixin.py:190} INFO - [2025-07-18T12:20:51.427+0000] {dag.py:4180} INFO - Setting next_dagrun for consumer_dag to None, run_after=None
[2025-07-18T12:20:51.449+0000] {logging_mixin.py:190} INFO - [2025-07-18T12:20:51.446+0000] {dag.py:4180} INFO - Setting next_dagrun for producer_dag to 2025-07-17 00:00:00+00:00, run_after=2025-07-18 00:00:00+00:00
[2025-07-18T12:20:51.737+0000] {processor.py:208} INFO - Processing /opt/airflow/dags/datasets_dags.py took 0.724 seconds
[2025-07-18T12:21:21.955+0000] {processor.py:186} INFO - Started process (PID=560) to work on /opt/airflow/dags/datasets_dags.py
[2025-07-18T12:21:21.961+0000] {processor.py:914} INFO - Processing file /opt/airflow/dags/datasets_dags.py for tasks to queue
[2025-07-18T12:21:21.964+0000] {logging_mixin.py:190} INFO - [2025-07-18T12:21:21.964+0000] {dagbag.py:588} INFO - Filling up the DagBag from /opt/airflow/dags/datasets_dags.py
[2025-07-18T12:21:21.992+0000] {processor.py:925} INFO - DAG(s) 'producer_dag', 'consumer_dag' retrieved from /opt/airflow/dags/datasets_dags.py
[2025-07-18T12:21:22.050+0000] {logging_mixin.py:190} INFO - [2025-07-18T12:21:22.050+0000] {dag.py:3239} INFO - Sync 2 DAGs
[2025-07-18T12:21:22.107+0000] {logging_mixin.py:190} INFO - [2025-07-18T12:21:22.107+0000] {dag.py:4180} INFO - Setting next_dagrun for consumer_dag to None, run_after=None
[2025-07-18T12:21:22.117+0000] {logging_mixin.py:190} INFO - [2025-07-18T12:21:22.117+0000] {dag.py:4180} INFO - Setting next_dagrun for producer_dag to 2025-07-17 00:00:00+00:00, run_after=2025-07-18 00:00:00+00:00
[2025-07-18T12:21:22.165+0000] {processor.py:208} INFO - Processing /opt/airflow/dags/datasets_dags.py took 0.219 seconds
[2025-07-18T12:21:52.583+0000] {processor.py:186} INFO - Started process (PID=587) to work on /opt/airflow/dags/datasets_dags.py
[2025-07-18T12:21:52.589+0000] {processor.py:914} INFO - Processing file /opt/airflow/dags/datasets_dags.py for tasks to queue
[2025-07-18T12:21:52.592+0000] {logging_mixin.py:190} INFO - [2025-07-18T12:21:52.592+0000] {dagbag.py:588} INFO - Filling up the DagBag from /opt/airflow/dags/datasets_dags.py
[2025-07-18T12:21:52.617+0000] {processor.py:925} INFO - DAG(s) 'consumer_dag', 'producer_dag' retrieved from /opt/airflow/dags/datasets_dags.py
[2025-07-18T12:21:52.666+0000] {logging_mixin.py:190} INFO - [2025-07-18T12:21:52.665+0000] {dag.py:3239} INFO - Sync 2 DAGs
[2025-07-18T12:21:52.714+0000] {logging_mixin.py:190} INFO - [2025-07-18T12:21:52.713+0000] {dag.py:4180} INFO - Setting next_dagrun for consumer_dag to None, run_after=None
[2025-07-18T12:21:52.723+0000] {logging_mixin.py:190} INFO - [2025-07-18T12:21:52.723+0000] {dag.py:4180} INFO - Setting next_dagrun for producer_dag to 2025-07-17 00:00:00+00:00, run_after=2025-07-18 00:00:00+00:00
[2025-07-18T12:21:52.940+0000] {processor.py:208} INFO - Processing /opt/airflow/dags/datasets_dags.py took 0.368 seconds
[2025-07-18T12:22:23.553+0000] {processor.py:186} INFO - Started process (PID=612) to work on /opt/airflow/dags/datasets_dags.py
[2025-07-18T12:22:23.559+0000] {processor.py:914} INFO - Processing file /opt/airflow/dags/datasets_dags.py for tasks to queue
[2025-07-18T12:22:23.563+0000] {logging_mixin.py:190} INFO - [2025-07-18T12:22:23.563+0000] {dagbag.py:588} INFO - Filling up the DagBag from /opt/airflow/dags/datasets_dags.py
[2025-07-18T12:22:23.588+0000] {processor.py:925} INFO - DAG(s) 'consumer_dag', 'producer_dag' retrieved from /opt/airflow/dags/datasets_dags.py
[2025-07-18T12:22:23.636+0000] {logging_mixin.py:190} INFO - [2025-07-18T12:22:23.636+0000] {dag.py:3239} INFO - Sync 2 DAGs
[2025-07-18T12:22:23.695+0000] {logging_mixin.py:190} INFO - [2025-07-18T12:22:23.695+0000] {dag.py:4180} INFO - Setting next_dagrun for consumer_dag to None, run_after=None
[2025-07-18T12:22:23.715+0000] {logging_mixin.py:190} INFO - [2025-07-18T12:22:23.714+0000] {dag.py:4180} INFO - Setting next_dagrun for producer_dag to 2025-07-17 00:00:00+00:00, run_after=2025-07-18 00:00:00+00:00
[2025-07-18T12:22:23.755+0000] {processor.py:208} INFO - Processing /opt/airflow/dags/datasets_dags.py took 0.212 seconds
[2025-07-18T12:22:54.154+0000] {processor.py:186} INFO - Started process (PID=639) to work on /opt/airflow/dags/datasets_dags.py
[2025-07-18T12:22:54.156+0000] {processor.py:914} INFO - Processing file /opt/airflow/dags/datasets_dags.py for tasks to queue
[2025-07-18T12:22:54.161+0000] {logging_mixin.py:190} INFO - [2025-07-18T12:22:54.161+0000] {dagbag.py:588} INFO - Filling up the DagBag from /opt/airflow/dags/datasets_dags.py
[2025-07-18T12:22:54.197+0000] {processor.py:925} INFO - DAG(s) 'consumer_dag', 'producer_dag' retrieved from /opt/airflow/dags/datasets_dags.py
[2025-07-18T12:22:54.268+0000] {logging_mixin.py:190} INFO - [2025-07-18T12:22:54.268+0000] {dag.py:3239} INFO - Sync 2 DAGs
[2025-07-18T12:22:54.325+0000] {logging_mixin.py:190} INFO - [2025-07-18T12:22:54.325+0000] {dag.py:4180} INFO - Setting next_dagrun for consumer_dag to None, run_after=None
[2025-07-18T12:22:54.333+0000] {logging_mixin.py:190} INFO - [2025-07-18T12:22:54.333+0000] {dag.py:4180} INFO - Setting next_dagrun for producer_dag to 2025-07-17 00:00:00+00:00, run_after=2025-07-18 00:00:00+00:00
[2025-07-18T12:22:54.402+0000] {processor.py:208} INFO - Processing /opt/airflow/dags/datasets_dags.py took 0.262 seconds
[2025-07-18T12:23:25.278+0000] {processor.py:186} INFO - Started process (PID=666) to work on /opt/airflow/dags/datasets_dags.py
[2025-07-18T12:23:25.279+0000] {processor.py:914} INFO - Processing file /opt/airflow/dags/datasets_dags.py for tasks to queue
[2025-07-18T12:23:25.282+0000] {logging_mixin.py:190} INFO - [2025-07-18T12:23:25.281+0000] {dagbag.py:588} INFO - Filling up the DagBag from /opt/airflow/dags/datasets_dags.py
[2025-07-18T12:23:25.303+0000] {processor.py:925} INFO - DAG(s) 'producer_dag', 'consumer_dag' retrieved from /opt/airflow/dags/datasets_dags.py
[2025-07-18T12:23:25.339+0000] {logging_mixin.py:190} INFO - [2025-07-18T12:23:25.338+0000] {dag.py:3239} INFO - Sync 2 DAGs
[2025-07-18T12:23:25.370+0000] {logging_mixin.py:190} INFO - [2025-07-18T12:23:25.370+0000] {dag.py:4180} INFO - Setting next_dagrun for consumer_dag to None, run_after=None
[2025-07-18T12:23:25.377+0000] {logging_mixin.py:190} INFO - [2025-07-18T12:23:25.377+0000] {dag.py:4180} INFO - Setting next_dagrun for producer_dag to 2025-07-17 00:00:00+00:00, run_after=2025-07-18 00:00:00+00:00
[2025-07-18T12:23:25.563+0000] {processor.py:208} INFO - Processing /opt/airflow/dags/datasets_dags.py took 0.295 seconds
[2025-07-18T12:23:55.751+0000] {processor.py:186} INFO - Started process (PID=693) to work on /opt/airflow/dags/datasets_dags.py
[2025-07-18T12:23:55.752+0000] {processor.py:914} INFO - Processing file /opt/airflow/dags/datasets_dags.py for tasks to queue
[2025-07-18T12:23:55.755+0000] {logging_mixin.py:190} INFO - [2025-07-18T12:23:55.754+0000] {dagbag.py:588} INFO - Filling up the DagBag from /opt/airflow/dags/datasets_dags.py
[2025-07-18T12:23:55.776+0000] {processor.py:925} INFO - DAG(s) 'producer_dag', 'consumer_dag' retrieved from /opt/airflow/dags/datasets_dags.py
[2025-07-18T12:23:55.814+0000] {logging_mixin.py:190} INFO - [2025-07-18T12:23:55.814+0000] {dag.py:3239} INFO - Sync 2 DAGs
[2025-07-18T12:23:55.845+0000] {logging_mixin.py:190} INFO - [2025-07-18T12:23:55.845+0000] {dag.py:4180} INFO - Setting next_dagrun for consumer_dag to None, run_after=None
[2025-07-18T12:23:55.851+0000] {logging_mixin.py:190} INFO - [2025-07-18T12:23:55.850+0000] {dag.py:4180} INFO - Setting next_dagrun for producer_dag to 2025-07-17 00:00:00+00:00, run_after=2025-07-18 00:00:00+00:00
[2025-07-18T12:23:55.879+0000] {processor.py:208} INFO - Processing /opt/airflow/dags/datasets_dags.py took 0.138 seconds
