[2025-07-20T14:21:42.022+0000] {processor.py:186} INFO - Started process (PID=194) to work on /opt/airflow/dags/datasets_dags.py
[2025-07-20T14:21:42.024+0000] {processor.py:914} INFO - Processing file /opt/airflow/dags/datasets_dags.py for tasks to queue
[2025-07-20T14:21:42.027+0000] {logging_mixin.py:190} INFO - [2025-07-20T14:21:42.026+0000] {dagbag.py:588} INFO - Filling up the DagBag from /opt/airflow/dags/datasets_dags.py
[2025-07-20T14:21:42.050+0000] {processor.py:925} INFO - DAG(s) 'producer_dag', 'consumer_dag' retrieved from /opt/airflow/dags/datasets_dags.py
[2025-07-20T14:21:42.100+0000] {logging_mixin.py:190} INFO - [2025-07-20T14:21:42.100+0000] {dag.py:3239} INFO - Sync 2 DAGs
[2025-07-20T14:21:42.139+0000] {logging_mixin.py:190} INFO - [2025-07-20T14:21:42.138+0000] {dag.py:4180} INFO - Setting next_dagrun for consumer_dag to None, run_after=None
[2025-07-20T14:21:42.146+0000] {logging_mixin.py:190} INFO - [2025-07-20T14:21:42.146+0000] {dag.py:4180} INFO - Setting next_dagrun for producer_dag to 2025-07-19 00:00:00+00:00, run_after=2025-07-20 00:00:00+00:00
[2025-07-20T14:21:42.187+0000] {processor.py:208} INFO - Processing /opt/airflow/dags/datasets_dags.py took 0.174 seconds
[2025-07-20T14:22:12.487+0000] {processor.py:186} INFO - Started process (PID=216) to work on /opt/airflow/dags/datasets_dags.py
[2025-07-20T14:22:12.488+0000] {processor.py:914} INFO - Processing file /opt/airflow/dags/datasets_dags.py for tasks to queue
[2025-07-20T14:22:12.491+0000] {logging_mixin.py:190} INFO - [2025-07-20T14:22:12.490+0000] {dagbag.py:588} INFO - Filling up the DagBag from /opt/airflow/dags/datasets_dags.py
[2025-07-20T14:22:12.516+0000] {processor.py:925} INFO - DAG(s) 'producer_dag', 'consumer_dag' retrieved from /opt/airflow/dags/datasets_dags.py
[2025-07-20T14:22:12.556+0000] {logging_mixin.py:190} INFO - [2025-07-20T14:22:12.555+0000] {dag.py:3239} INFO - Sync 2 DAGs
[2025-07-20T14:22:12.590+0000] {logging_mixin.py:190} INFO - [2025-07-20T14:22:12.589+0000] {dag.py:4180} INFO - Setting next_dagrun for consumer_dag to None, run_after=None
[2025-07-20T14:22:12.596+0000] {logging_mixin.py:190} INFO - [2025-07-20T14:22:12.596+0000] {dag.py:4180} INFO - Setting next_dagrun for producer_dag to 2025-07-19 00:00:00+00:00, run_after=2025-07-20 00:00:00+00:00
[2025-07-20T14:22:12.627+0000] {processor.py:208} INFO - Processing /opt/airflow/dags/datasets_dags.py took 0.147 seconds
[2025-07-20T14:22:43.130+0000] {processor.py:186} INFO - Started process (PID=243) to work on /opt/airflow/dags/datasets_dags.py
[2025-07-20T14:22:43.131+0000] {processor.py:914} INFO - Processing file /opt/airflow/dags/datasets_dags.py for tasks to queue
[2025-07-20T14:22:43.133+0000] {logging_mixin.py:190} INFO - [2025-07-20T14:22:43.133+0000] {dagbag.py:588} INFO - Filling up the DagBag from /opt/airflow/dags/datasets_dags.py
[2025-07-20T14:22:43.150+0000] {processor.py:925} INFO - DAG(s) 'consumer_dag', 'producer_dag' retrieved from /opt/airflow/dags/datasets_dags.py
[2025-07-20T14:22:43.184+0000] {logging_mixin.py:190} INFO - [2025-07-20T14:22:43.184+0000] {dag.py:3239} INFO - Sync 2 DAGs
[2025-07-20T14:22:43.215+0000] {logging_mixin.py:190} INFO - [2025-07-20T14:22:43.215+0000] {dag.py:4180} INFO - Setting next_dagrun for consumer_dag to None, run_after=None
[2025-07-20T14:22:43.220+0000] {logging_mixin.py:190} INFO - [2025-07-20T14:22:43.220+0000] {dag.py:4180} INFO - Setting next_dagrun for producer_dag to 2025-07-19 00:00:00+00:00, run_after=2025-07-20 00:00:00+00:00
[2025-07-20T14:22:43.247+0000] {processor.py:208} INFO - Processing /opt/airflow/dags/datasets_dags.py took 0.124 seconds
[2025-07-20T14:49:08.147+0000] {processor.py:186} INFO - Started process (PID=192) to work on /opt/airflow/dags/datasets_dags.py
[2025-07-20T14:49:08.148+0000] {processor.py:914} INFO - Processing file /opt/airflow/dags/datasets_dags.py for tasks to queue
[2025-07-20T14:49:08.152+0000] {logging_mixin.py:190} INFO - [2025-07-20T14:49:08.151+0000] {dagbag.py:588} INFO - Filling up the DagBag from /opt/airflow/dags/datasets_dags.py
[2025-07-20T14:49:08.170+0000] {processor.py:925} INFO - DAG(s) 'producer_dag', 'consumer_dag' retrieved from /opt/airflow/dags/datasets_dags.py
[2025-07-20T14:49:08.221+0000] {logging_mixin.py:190} INFO - [2025-07-20T14:49:08.221+0000] {dag.py:3239} INFO - Sync 2 DAGs
[2025-07-20T14:49:08.253+0000] {logging_mixin.py:190} INFO - [2025-07-20T14:49:08.252+0000] {dag.py:4180} INFO - Setting next_dagrun for consumer_dag to None, run_after=None
[2025-07-20T14:49:08.258+0000] {logging_mixin.py:190} INFO - [2025-07-20T14:49:08.258+0000] {dag.py:4180} INFO - Setting next_dagrun for producer_dag to 2025-07-19 00:00:00+00:00, run_after=2025-07-20 00:00:00+00:00
[2025-07-20T14:49:08.290+0000] {processor.py:208} INFO - Processing /opt/airflow/dags/datasets_dags.py took 0.150 seconds
[2025-07-20T14:49:39.206+0000] {processor.py:186} INFO - Started process (PID=231) to work on /opt/airflow/dags/datasets_dags.py
[2025-07-20T14:49:39.207+0000] {processor.py:914} INFO - Processing file /opt/airflow/dags/datasets_dags.py for tasks to queue
[2025-07-20T14:49:39.209+0000] {logging_mixin.py:190} INFO - [2025-07-20T14:49:39.209+0000] {dagbag.py:588} INFO - Filling up the DagBag from /opt/airflow/dags/datasets_dags.py
[2025-07-20T14:49:39.226+0000] {processor.py:925} INFO - DAG(s) 'producer_dag', 'consumer_dag' retrieved from /opt/airflow/dags/datasets_dags.py
[2025-07-20T14:49:39.261+0000] {logging_mixin.py:190} INFO - [2025-07-20T14:49:39.260+0000] {dag.py:3239} INFO - Sync 2 DAGs
[2025-07-20T14:49:39.289+0000] {logging_mixin.py:190} INFO - [2025-07-20T14:49:39.289+0000] {dag.py:4180} INFO - Setting next_dagrun for consumer_dag to None, run_after=None
[2025-07-20T14:49:39.294+0000] {logging_mixin.py:190} INFO - [2025-07-20T14:49:39.294+0000] {dag.py:4180} INFO - Setting next_dagrun for producer_dag to 2025-07-19 00:00:00+00:00, run_after=2025-07-20 00:00:00+00:00
[2025-07-20T14:49:39.321+0000] {processor.py:208} INFO - Processing /opt/airflow/dags/datasets_dags.py took 0.121 seconds
[2025-07-20T14:50:09.941+0000] {processor.py:186} INFO - Started process (PID=263) to work on /opt/airflow/dags/datasets_dags.py
[2025-07-20T14:50:09.942+0000] {processor.py:914} INFO - Processing file /opt/airflow/dags/datasets_dags.py for tasks to queue
[2025-07-20T14:50:09.945+0000] {logging_mixin.py:190} INFO - [2025-07-20T14:50:09.945+0000] {dagbag.py:588} INFO - Filling up the DagBag from /opt/airflow/dags/datasets_dags.py
[2025-07-20T14:50:09.963+0000] {processor.py:925} INFO - DAG(s) 'producer_dag', 'consumer_dag' retrieved from /opt/airflow/dags/datasets_dags.py
[2025-07-20T14:50:10.005+0000] {logging_mixin.py:190} INFO - [2025-07-20T14:50:10.005+0000] {dag.py:3239} INFO - Sync 2 DAGs
[2025-07-20T14:50:10.051+0000] {logging_mixin.py:190} INFO - [2025-07-20T14:50:10.051+0000] {dag.py:4180} INFO - Setting next_dagrun for consumer_dag to None, run_after=None
[2025-07-20T14:50:10.058+0000] {logging_mixin.py:190} INFO - [2025-07-20T14:50:10.058+0000] {dag.py:4180} INFO - Setting next_dagrun for producer_dag to 2025-07-19 00:00:00+00:00, run_after=2025-07-20 00:00:00+00:00
[2025-07-20T14:50:10.093+0000] {processor.py:208} INFO - Processing /opt/airflow/dags/datasets_dags.py took 0.160 seconds
[2025-07-20T14:50:40.682+0000] {processor.py:186} INFO - Started process (PID=295) to work on /opt/airflow/dags/datasets_dags.py
[2025-07-20T14:50:40.683+0000] {processor.py:914} INFO - Processing file /opt/airflow/dags/datasets_dags.py for tasks to queue
[2025-07-20T14:50:40.687+0000] {logging_mixin.py:190} INFO - [2025-07-20T14:50:40.687+0000] {dagbag.py:588} INFO - Filling up the DagBag from /opt/airflow/dags/datasets_dags.py
[2025-07-20T14:50:40.707+0000] {processor.py:925} INFO - DAG(s) 'consumer_dag', 'producer_dag' retrieved from /opt/airflow/dags/datasets_dags.py
[2025-07-20T14:50:40.745+0000] {logging_mixin.py:190} INFO - [2025-07-20T14:50:40.745+0000] {dag.py:3239} INFO - Sync 2 DAGs
[2025-07-20T14:50:40.778+0000] {logging_mixin.py:190} INFO - [2025-07-20T14:50:40.778+0000] {dag.py:4180} INFO - Setting next_dagrun for consumer_dag to None, run_after=None
[2025-07-20T14:50:40.785+0000] {logging_mixin.py:190} INFO - [2025-07-20T14:50:40.784+0000] {dag.py:4180} INFO - Setting next_dagrun for producer_dag to 2025-07-19 00:00:00+00:00, run_after=2025-07-20 00:00:00+00:00
[2025-07-20T14:50:40.816+0000] {processor.py:208} INFO - Processing /opt/airflow/dags/datasets_dags.py took 0.143 seconds
[2025-07-20T14:51:10.957+0000] {processor.py:186} INFO - Started process (PID=324) to work on /opt/airflow/dags/datasets_dags.py
[2025-07-20T14:51:10.959+0000] {processor.py:914} INFO - Processing file /opt/airflow/dags/datasets_dags.py for tasks to queue
[2025-07-20T14:51:10.963+0000] {logging_mixin.py:190} INFO - [2025-07-20T14:51:10.962+0000] {dagbag.py:588} INFO - Filling up the DagBag from /opt/airflow/dags/datasets_dags.py
[2025-07-20T14:51:10.981+0000] {processor.py:925} INFO - DAG(s) 'consumer_dag', 'producer_dag' retrieved from /opt/airflow/dags/datasets_dags.py
[2025-07-20T14:51:11.014+0000] {logging_mixin.py:190} INFO - [2025-07-20T14:51:11.014+0000] {dag.py:3239} INFO - Sync 2 DAGs
[2025-07-20T14:51:11.040+0000] {logging_mixin.py:190} INFO - [2025-07-20T14:51:11.040+0000] {dag.py:4180} INFO - Setting next_dagrun for consumer_dag to None, run_after=None
[2025-07-20T14:51:11.046+0000] {logging_mixin.py:190} INFO - [2025-07-20T14:51:11.046+0000] {dag.py:4180} INFO - Setting next_dagrun for producer_dag to 2025-07-19 00:00:00+00:00, run_after=2025-07-20 00:00:00+00:00
[2025-07-20T14:51:11.070+0000] {processor.py:208} INFO - Processing /opt/airflow/dags/datasets_dags.py took 0.122 seconds
[2025-07-20T14:51:41.507+0000] {processor.py:186} INFO - Started process (PID=356) to work on /opt/airflow/dags/datasets_dags.py
[2025-07-20T14:51:41.508+0000] {processor.py:914} INFO - Processing file /opt/airflow/dags/datasets_dags.py for tasks to queue
[2025-07-20T14:51:41.511+0000] {logging_mixin.py:190} INFO - [2025-07-20T14:51:41.510+0000] {dagbag.py:588} INFO - Filling up the DagBag from /opt/airflow/dags/datasets_dags.py
[2025-07-20T14:51:41.531+0000] {processor.py:925} INFO - DAG(s) 'consumer_dag', 'producer_dag' retrieved from /opt/airflow/dags/datasets_dags.py
[2025-07-20T14:51:41.566+0000] {logging_mixin.py:190} INFO - [2025-07-20T14:51:41.565+0000] {dag.py:3239} INFO - Sync 2 DAGs
[2025-07-20T14:51:41.591+0000] {logging_mixin.py:190} INFO - [2025-07-20T14:51:41.590+0000] {dag.py:4180} INFO - Setting next_dagrun for consumer_dag to None, run_after=None
[2025-07-20T14:51:41.595+0000] {logging_mixin.py:190} INFO - [2025-07-20T14:51:41.595+0000] {dag.py:4180} INFO - Setting next_dagrun for producer_dag to 2025-07-19 00:00:00+00:00, run_after=2025-07-20 00:00:00+00:00
[2025-07-20T14:51:41.619+0000] {processor.py:208} INFO - Processing /opt/airflow/dags/datasets_dags.py took 0.120 seconds
[2025-07-20T14:52:12.123+0000] {processor.py:186} INFO - Started process (PID=388) to work on /opt/airflow/dags/datasets_dags.py
[2025-07-20T14:52:12.124+0000] {processor.py:914} INFO - Processing file /opt/airflow/dags/datasets_dags.py for tasks to queue
[2025-07-20T14:52:12.127+0000] {logging_mixin.py:190} INFO - [2025-07-20T14:52:12.126+0000] {dagbag.py:588} INFO - Filling up the DagBag from /opt/airflow/dags/datasets_dags.py
[2025-07-20T14:52:12.142+0000] {processor.py:925} INFO - DAG(s) 'producer_dag', 'consumer_dag' retrieved from /opt/airflow/dags/datasets_dags.py
[2025-07-20T14:52:12.171+0000] {logging_mixin.py:190} INFO - [2025-07-20T14:52:12.171+0000] {dag.py:3239} INFO - Sync 2 DAGs
[2025-07-20T14:52:12.197+0000] {logging_mixin.py:190} INFO - [2025-07-20T14:52:12.197+0000] {dag.py:4180} INFO - Setting next_dagrun for consumer_dag to None, run_after=None
[2025-07-20T14:52:12.202+0000] {logging_mixin.py:190} INFO - [2025-07-20T14:52:12.201+0000] {dag.py:4180} INFO - Setting next_dagrun for producer_dag to 2025-07-19 00:00:00+00:00, run_after=2025-07-20 00:00:00+00:00
[2025-07-20T14:52:12.226+0000] {processor.py:208} INFO - Processing /opt/airflow/dags/datasets_dags.py took 0.110 seconds
[2025-07-20T14:52:42.395+0000] {processor.py:186} INFO - Started process (PID=420) to work on /opt/airflow/dags/datasets_dags.py
[2025-07-20T14:52:42.396+0000] {processor.py:914} INFO - Processing file /opt/airflow/dags/datasets_dags.py for tasks to queue
[2025-07-20T14:52:42.398+0000] {logging_mixin.py:190} INFO - [2025-07-20T14:52:42.398+0000] {dagbag.py:588} INFO - Filling up the DagBag from /opt/airflow/dags/datasets_dags.py
[2025-07-20T14:52:42.417+0000] {processor.py:925} INFO - DAG(s) 'producer_dag', 'consumer_dag' retrieved from /opt/airflow/dags/datasets_dags.py
[2025-07-20T14:52:42.449+0000] {logging_mixin.py:190} INFO - [2025-07-20T14:52:42.448+0000] {dag.py:3239} INFO - Sync 2 DAGs
[2025-07-20T14:52:42.474+0000] {logging_mixin.py:190} INFO - [2025-07-20T14:52:42.473+0000] {dag.py:4180} INFO - Setting next_dagrun for consumer_dag to None, run_after=None
[2025-07-20T14:52:42.479+0000] {logging_mixin.py:190} INFO - [2025-07-20T14:52:42.478+0000] {dag.py:4180} INFO - Setting next_dagrun for producer_dag to 2025-07-19 00:00:00+00:00, run_after=2025-07-20 00:00:00+00:00
[2025-07-20T14:52:42.505+0000] {processor.py:208} INFO - Processing /opt/airflow/dags/datasets_dags.py took 0.117 seconds
[2025-07-20T14:53:13.005+0000] {processor.py:186} INFO - Started process (PID=452) to work on /opt/airflow/dags/datasets_dags.py
[2025-07-20T14:53:13.006+0000] {processor.py:914} INFO - Processing file /opt/airflow/dags/datasets_dags.py for tasks to queue
[2025-07-20T14:53:13.008+0000] {logging_mixin.py:190} INFO - [2025-07-20T14:53:13.008+0000] {dagbag.py:588} INFO - Filling up the DagBag from /opt/airflow/dags/datasets_dags.py
[2025-07-20T14:53:13.024+0000] {processor.py:925} INFO - DAG(s) 'consumer_dag', 'producer_dag' retrieved from /opt/airflow/dags/datasets_dags.py
[2025-07-20T14:53:13.054+0000] {logging_mixin.py:190} INFO - [2025-07-20T14:53:13.054+0000] {dag.py:3239} INFO - Sync 2 DAGs
[2025-07-20T14:53:13.079+0000] {logging_mixin.py:190} INFO - [2025-07-20T14:53:13.078+0000] {dag.py:4180} INFO - Setting next_dagrun for consumer_dag to None, run_after=None
[2025-07-20T14:53:13.083+0000] {logging_mixin.py:190} INFO - [2025-07-20T14:53:13.083+0000] {dag.py:4180} INFO - Setting next_dagrun for producer_dag to 2025-07-19 00:00:00+00:00, run_after=2025-07-20 00:00:00+00:00
[2025-07-20T14:53:13.110+0000] {processor.py:208} INFO - Processing /opt/airflow/dags/datasets_dags.py took 0.112 seconds
[2025-07-20T14:53:43.607+0000] {processor.py:186} INFO - Started process (PID=484) to work on /opt/airflow/dags/datasets_dags.py
[2025-07-20T14:53:43.609+0000] {processor.py:914} INFO - Processing file /opt/airflow/dags/datasets_dags.py for tasks to queue
[2025-07-20T14:53:43.612+0000] {logging_mixin.py:190} INFO - [2025-07-20T14:53:43.611+0000] {dagbag.py:588} INFO - Filling up the DagBag from /opt/airflow/dags/datasets_dags.py
[2025-07-20T14:53:43.631+0000] {processor.py:925} INFO - DAG(s) 'consumer_dag', 'producer_dag' retrieved from /opt/airflow/dags/datasets_dags.py
[2025-07-20T14:53:43.668+0000] {logging_mixin.py:190} INFO - [2025-07-20T14:53:43.668+0000] {dag.py:3239} INFO - Sync 2 DAGs
[2025-07-20T14:53:43.700+0000] {logging_mixin.py:190} INFO - [2025-07-20T14:53:43.699+0000] {dag.py:4180} INFO - Setting next_dagrun for consumer_dag to None, run_after=None
[2025-07-20T14:53:43.708+0000] {logging_mixin.py:190} INFO - [2025-07-20T14:53:43.707+0000] {dag.py:4180} INFO - Setting next_dagrun for producer_dag to 2025-07-19 00:00:00+00:00, run_after=2025-07-20 00:00:00+00:00
[2025-07-20T14:53:43.731+0000] {processor.py:208} INFO - Processing /opt/airflow/dags/datasets_dags.py took 0.132 seconds
[2025-07-20T14:54:13.832+0000] {processor.py:186} INFO - Started process (PID=516) to work on /opt/airflow/dags/datasets_dags.py
[2025-07-20T14:54:13.833+0000] {processor.py:914} INFO - Processing file /opt/airflow/dags/datasets_dags.py for tasks to queue
[2025-07-20T14:54:13.836+0000] {logging_mixin.py:190} INFO - [2025-07-20T14:54:13.835+0000] {dagbag.py:588} INFO - Filling up the DagBag from /opt/airflow/dags/datasets_dags.py
[2025-07-20T14:54:13.853+0000] {processor.py:925} INFO - DAG(s) 'producer_dag', 'consumer_dag' retrieved from /opt/airflow/dags/datasets_dags.py
[2025-07-20T14:54:13.883+0000] {logging_mixin.py:190} INFO - [2025-07-20T14:54:13.882+0000] {dag.py:3239} INFO - Sync 2 DAGs
[2025-07-20T14:54:13.907+0000] {logging_mixin.py:190} INFO - [2025-07-20T14:54:13.907+0000] {dag.py:4180} INFO - Setting next_dagrun for consumer_dag to None, run_after=None
[2025-07-20T14:54:13.913+0000] {logging_mixin.py:190} INFO - [2025-07-20T14:54:13.913+0000] {dag.py:4180} INFO - Setting next_dagrun for producer_dag to 2025-07-19 00:00:00+00:00, run_after=2025-07-20 00:00:00+00:00
[2025-07-20T14:54:14.076+0000] {processor.py:208} INFO - Processing /opt/airflow/dags/datasets_dags.py took 0.250 seconds
[2025-07-20T14:54:44.174+0000] {processor.py:186} INFO - Started process (PID=548) to work on /opt/airflow/dags/datasets_dags.py
[2025-07-20T14:54:44.175+0000] {processor.py:914} INFO - Processing file /opt/airflow/dags/datasets_dags.py for tasks to queue
[2025-07-20T14:54:44.177+0000] {logging_mixin.py:190} INFO - [2025-07-20T14:54:44.177+0000] {dagbag.py:588} INFO - Filling up the DagBag from /opt/airflow/dags/datasets_dags.py
[2025-07-20T14:54:44.197+0000] {processor.py:925} INFO - DAG(s) 'producer_dag', 'consumer_dag' retrieved from /opt/airflow/dags/datasets_dags.py
[2025-07-20T14:54:44.233+0000] {logging_mixin.py:190} INFO - [2025-07-20T14:54:44.232+0000] {dag.py:3239} INFO - Sync 2 DAGs
[2025-07-20T14:54:44.261+0000] {logging_mixin.py:190} INFO - [2025-07-20T14:54:44.261+0000] {dag.py:4180} INFO - Setting next_dagrun for consumer_dag to None, run_after=None
[2025-07-20T14:54:44.266+0000] {logging_mixin.py:190} INFO - [2025-07-20T14:54:44.266+0000] {dag.py:4180} INFO - Setting next_dagrun for producer_dag to 2025-07-19 00:00:00+00:00, run_after=2025-07-20 00:00:00+00:00
[2025-07-20T14:54:44.293+0000] {processor.py:208} INFO - Processing /opt/airflow/dags/datasets_dags.py took 0.126 seconds
[2025-07-20T14:55:14.360+0000] {processor.py:186} INFO - Started process (PID=580) to work on /opt/airflow/dags/datasets_dags.py
[2025-07-20T14:55:14.361+0000] {processor.py:914} INFO - Processing file /opt/airflow/dags/datasets_dags.py for tasks to queue
[2025-07-20T14:55:14.364+0000] {logging_mixin.py:190} INFO - [2025-07-20T14:55:14.363+0000] {dagbag.py:588} INFO - Filling up the DagBag from /opt/airflow/dags/datasets_dags.py
[2025-07-20T14:55:14.392+0000] {processor.py:925} INFO - DAG(s) 'producer_dag', 'consumer_dag' retrieved from /opt/airflow/dags/datasets_dags.py
[2025-07-20T14:55:14.439+0000] {logging_mixin.py:190} INFO - [2025-07-20T14:55:14.438+0000] {dag.py:3239} INFO - Sync 2 DAGs
[2025-07-20T14:55:14.470+0000] {logging_mixin.py:190} INFO - [2025-07-20T14:55:14.470+0000] {dag.py:4180} INFO - Setting next_dagrun for consumer_dag to None, run_after=None
[2025-07-20T14:55:14.476+0000] {logging_mixin.py:190} INFO - [2025-07-20T14:55:14.475+0000] {dag.py:4180} INFO - Setting next_dagrun for producer_dag to 2025-07-19 00:00:00+00:00, run_after=2025-07-20 00:00:00+00:00
[2025-07-20T14:55:14.503+0000] {processor.py:208} INFO - Processing /opt/airflow/dags/datasets_dags.py took 0.150 seconds
[2025-07-20T14:55:44.869+0000] {processor.py:186} INFO - Started process (PID=612) to work on /opt/airflow/dags/datasets_dags.py
[2025-07-20T14:55:44.870+0000] {processor.py:914} INFO - Processing file /opt/airflow/dags/datasets_dags.py for tasks to queue
[2025-07-20T14:55:44.872+0000] {logging_mixin.py:190} INFO - [2025-07-20T14:55:44.872+0000] {dagbag.py:588} INFO - Filling up the DagBag from /opt/airflow/dags/datasets_dags.py
[2025-07-20T14:55:44.890+0000] {processor.py:925} INFO - DAG(s) 'producer_dag', 'consumer_dag' retrieved from /opt/airflow/dags/datasets_dags.py
[2025-07-20T14:55:44.922+0000] {logging_mixin.py:190} INFO - [2025-07-20T14:55:44.922+0000] {dag.py:3239} INFO - Sync 2 DAGs
[2025-07-20T14:55:44.949+0000] {logging_mixin.py:190} INFO - [2025-07-20T14:55:44.949+0000] {dag.py:4180} INFO - Setting next_dagrun for consumer_dag to None, run_after=None
[2025-07-20T14:55:44.955+0000] {logging_mixin.py:190} INFO - [2025-07-20T14:55:44.954+0000] {dag.py:4180} INFO - Setting next_dagrun for producer_dag to 2025-07-19 00:00:00+00:00, run_after=2025-07-20 00:00:00+00:00
[2025-07-20T14:55:44.982+0000] {processor.py:208} INFO - Processing /opt/airflow/dags/datasets_dags.py took 0.120 seconds
[2025-07-20T14:56:15.204+0000] {processor.py:186} INFO - Started process (PID=644) to work on /opt/airflow/dags/datasets_dags.py
[2025-07-20T14:56:15.205+0000] {processor.py:914} INFO - Processing file /opt/airflow/dags/datasets_dags.py for tasks to queue
[2025-07-20T14:56:15.208+0000] {logging_mixin.py:190} INFO - [2025-07-20T14:56:15.208+0000] {dagbag.py:588} INFO - Filling up the DagBag from /opt/airflow/dags/datasets_dags.py
[2025-07-20T14:56:15.234+0000] {processor.py:925} INFO - DAG(s) 'producer_dag', 'consumer_dag' retrieved from /opt/airflow/dags/datasets_dags.py
[2025-07-20T14:56:15.267+0000] {logging_mixin.py:190} INFO - [2025-07-20T14:56:15.267+0000] {dag.py:3239} INFO - Sync 2 DAGs
[2025-07-20T14:56:15.291+0000] {logging_mixin.py:190} INFO - [2025-07-20T14:56:15.291+0000] {dag.py:4180} INFO - Setting next_dagrun for consumer_dag to None, run_after=None
[2025-07-20T14:56:15.296+0000] {logging_mixin.py:190} INFO - [2025-07-20T14:56:15.296+0000] {dag.py:4180} INFO - Setting next_dagrun for producer_dag to 2025-07-19 00:00:00+00:00, run_after=2025-07-20 00:00:00+00:00
[2025-07-20T14:56:15.321+0000] {processor.py:208} INFO - Processing /opt/airflow/dags/datasets_dags.py took 0.126 seconds
[2025-07-20T14:56:45.810+0000] {processor.py:186} INFO - Started process (PID=676) to work on /opt/airflow/dags/datasets_dags.py
[2025-07-20T14:56:45.811+0000] {processor.py:914} INFO - Processing file /opt/airflow/dags/datasets_dags.py for tasks to queue
[2025-07-20T14:56:45.814+0000] {logging_mixin.py:190} INFO - [2025-07-20T14:56:45.813+0000] {dagbag.py:588} INFO - Filling up the DagBag from /opt/airflow/dags/datasets_dags.py
[2025-07-20T14:56:45.835+0000] {processor.py:925} INFO - DAG(s) 'consumer_dag', 'producer_dag' retrieved from /opt/airflow/dags/datasets_dags.py
[2025-07-20T14:56:45.877+0000] {logging_mixin.py:190} INFO - [2025-07-20T14:56:45.876+0000] {dag.py:3239} INFO - Sync 2 DAGs
[2025-07-20T14:56:45.905+0000] {logging_mixin.py:190} INFO - [2025-07-20T14:56:45.905+0000] {dag.py:4180} INFO - Setting next_dagrun for consumer_dag to None, run_after=None
[2025-07-20T14:56:45.910+0000] {logging_mixin.py:190} INFO - [2025-07-20T14:56:45.910+0000] {dag.py:4180} INFO - Setting next_dagrun for producer_dag to 2025-07-19 00:00:00+00:00, run_after=2025-07-20 00:00:00+00:00
[2025-07-20T14:56:46.087+0000] {processor.py:208} INFO - Processing /opt/airflow/dags/datasets_dags.py took 0.283 seconds
[2025-07-20T14:57:16.715+0000] {processor.py:186} INFO - Started process (PID=708) to work on /opt/airflow/dags/datasets_dags.py
[2025-07-20T14:57:16.716+0000] {processor.py:914} INFO - Processing file /opt/airflow/dags/datasets_dags.py for tasks to queue
[2025-07-20T14:57:16.719+0000] {logging_mixin.py:190} INFO - [2025-07-20T14:57:16.718+0000] {dagbag.py:588} INFO - Filling up the DagBag from /opt/airflow/dags/datasets_dags.py
[2025-07-20T14:57:16.734+0000] {processor.py:925} INFO - DAG(s) 'producer_dag', 'consumer_dag' retrieved from /opt/airflow/dags/datasets_dags.py
[2025-07-20T14:57:16.771+0000] {logging_mixin.py:190} INFO - [2025-07-20T14:57:16.770+0000] {dag.py:3239} INFO - Sync 2 DAGs
[2025-07-20T14:57:16.935+0000] {logging_mixin.py:190} INFO - [2025-07-20T14:57:16.935+0000] {dag.py:4180} INFO - Setting next_dagrun for consumer_dag to None, run_after=None
[2025-07-20T14:57:16.939+0000] {logging_mixin.py:190} INFO - [2025-07-20T14:57:16.939+0000] {dag.py:4180} INFO - Setting next_dagrun for producer_dag to 2025-07-19 00:00:00+00:00, run_after=2025-07-20 00:00:00+00:00
[2025-07-20T14:57:16.960+0000] {processor.py:208} INFO - Processing /opt/airflow/dags/datasets_dags.py took 0.252 seconds
[2025-07-20T14:57:47.116+0000] {processor.py:186} INFO - Started process (PID=745) to work on /opt/airflow/dags/datasets_dags.py
[2025-07-20T14:57:47.117+0000] {processor.py:914} INFO - Processing file /opt/airflow/dags/datasets_dags.py for tasks to queue
[2025-07-20T14:57:47.120+0000] {logging_mixin.py:190} INFO - [2025-07-20T14:57:47.119+0000] {dagbag.py:588} INFO - Filling up the DagBag from /opt/airflow/dags/datasets_dags.py
[2025-07-20T14:57:47.139+0000] {processor.py:925} INFO - DAG(s) 'producer_dag', 'consumer_dag' retrieved from /opt/airflow/dags/datasets_dags.py
[2025-07-20T14:57:47.170+0000] {logging_mixin.py:190} INFO - [2025-07-20T14:57:47.169+0000] {dag.py:3239} INFO - Sync 2 DAGs
[2025-07-20T14:57:47.194+0000] {logging_mixin.py:190} INFO - [2025-07-20T14:57:47.194+0000] {dag.py:4180} INFO - Setting next_dagrun for consumer_dag to None, run_after=None
[2025-07-20T14:57:47.200+0000] {logging_mixin.py:190} INFO - [2025-07-20T14:57:47.200+0000] {dag.py:4180} INFO - Setting next_dagrun for producer_dag to 2025-07-19 00:00:00+00:00, run_after=2025-07-20 00:00:00+00:00
[2025-07-20T14:57:47.227+0000] {processor.py:208} INFO - Processing /opt/airflow/dags/datasets_dags.py took 0.118 seconds
[2025-07-20T14:58:17.383+0000] {processor.py:186} INFO - Started process (PID=777) to work on /opt/airflow/dags/datasets_dags.py
[2025-07-20T14:58:17.384+0000] {processor.py:914} INFO - Processing file /opt/airflow/dags/datasets_dags.py for tasks to queue
[2025-07-20T14:58:17.387+0000] {logging_mixin.py:190} INFO - [2025-07-20T14:58:17.386+0000] {dagbag.py:588} INFO - Filling up the DagBag from /opt/airflow/dags/datasets_dags.py
[2025-07-20T14:58:17.407+0000] {processor.py:925} INFO - DAG(s) 'consumer_dag', 'producer_dag' retrieved from /opt/airflow/dags/datasets_dags.py
[2025-07-20T14:58:17.441+0000] {logging_mixin.py:190} INFO - [2025-07-20T14:58:17.441+0000] {dag.py:3239} INFO - Sync 2 DAGs
[2025-07-20T14:58:17.468+0000] {logging_mixin.py:190} INFO - [2025-07-20T14:58:17.468+0000] {dag.py:4180} INFO - Setting next_dagrun for consumer_dag to None, run_after=None
[2025-07-20T14:58:17.473+0000] {logging_mixin.py:190} INFO - [2025-07-20T14:58:17.473+0000] {dag.py:4180} INFO - Setting next_dagrun for producer_dag to 2025-07-19 00:00:00+00:00, run_after=2025-07-20 00:00:00+00:00
[2025-07-20T14:58:17.497+0000] {processor.py:208} INFO - Processing /opt/airflow/dags/datasets_dags.py took 0.122 seconds
[2025-07-20T14:58:47.558+0000] {processor.py:186} INFO - Started process (PID=809) to work on /opt/airflow/dags/datasets_dags.py
[2025-07-20T14:58:47.559+0000] {processor.py:914} INFO - Processing file /opt/airflow/dags/datasets_dags.py for tasks to queue
[2025-07-20T14:58:47.562+0000] {logging_mixin.py:190} INFO - [2025-07-20T14:58:47.562+0000] {dagbag.py:588} INFO - Filling up the DagBag from /opt/airflow/dags/datasets_dags.py
[2025-07-20T14:58:47.583+0000] {processor.py:925} INFO - DAG(s) 'consumer_dag', 'producer_dag' retrieved from /opt/airflow/dags/datasets_dags.py
[2025-07-20T14:58:47.626+0000] {logging_mixin.py:190} INFO - [2025-07-20T14:58:47.626+0000] {dag.py:3239} INFO - Sync 2 DAGs
[2025-07-20T14:58:47.654+0000] {logging_mixin.py:190} INFO - [2025-07-20T14:58:47.654+0000] {dag.py:4180} INFO - Setting next_dagrun for consumer_dag to None, run_after=None
[2025-07-20T14:58:47.659+0000] {logging_mixin.py:190} INFO - [2025-07-20T14:58:47.659+0000] {dag.py:4180} INFO - Setting next_dagrun for producer_dag to 2025-07-19 00:00:00+00:00, run_after=2025-07-20 00:00:00+00:00
[2025-07-20T14:58:47.687+0000] {processor.py:208} INFO - Processing /opt/airflow/dags/datasets_dags.py took 0.135 seconds
[2025-07-20T14:59:17.824+0000] {processor.py:186} INFO - Started process (PID=836) to work on /opt/airflow/dags/datasets_dags.py
[2025-07-20T14:59:17.825+0000] {processor.py:914} INFO - Processing file /opt/airflow/dags/datasets_dags.py for tasks to queue
[2025-07-20T14:59:17.828+0000] {logging_mixin.py:190} INFO - [2025-07-20T14:59:17.828+0000] {dagbag.py:588} INFO - Filling up the DagBag from /opt/airflow/dags/datasets_dags.py
[2025-07-20T14:59:17.845+0000] {processor.py:925} INFO - DAG(s) 'producer_dag', 'consumer_dag' retrieved from /opt/airflow/dags/datasets_dags.py
[2025-07-20T14:59:17.874+0000] {logging_mixin.py:190} INFO - [2025-07-20T14:59:17.874+0000] {dag.py:3239} INFO - Sync 2 DAGs
[2025-07-20T14:59:17.900+0000] {logging_mixin.py:190} INFO - [2025-07-20T14:59:17.900+0000] {dag.py:4180} INFO - Setting next_dagrun for consumer_dag to None, run_after=None
[2025-07-20T14:59:18.059+0000] {logging_mixin.py:190} INFO - [2025-07-20T14:59:18.059+0000] {dag.py:4180} INFO - Setting next_dagrun for producer_dag to 2025-07-19 00:00:00+00:00, run_after=2025-07-20 00:00:00+00:00
[2025-07-20T14:59:18.085+0000] {processor.py:208} INFO - Processing /opt/airflow/dags/datasets_dags.py took 0.268 seconds
[2025-07-20T14:59:48.574+0000] {processor.py:186} INFO - Started process (PID=868) to work on /opt/airflow/dags/datasets_dags.py
[2025-07-20T14:59:48.575+0000] {processor.py:914} INFO - Processing file /opt/airflow/dags/datasets_dags.py for tasks to queue
[2025-07-20T14:59:48.578+0000] {logging_mixin.py:190} INFO - [2025-07-20T14:59:48.578+0000] {dagbag.py:588} INFO - Filling up the DagBag from /opt/airflow/dags/datasets_dags.py
[2025-07-20T14:59:48.596+0000] {processor.py:925} INFO - DAG(s) 'consumer_dag', 'producer_dag' retrieved from /opt/airflow/dags/datasets_dags.py
[2025-07-20T14:59:48.629+0000] {logging_mixin.py:190} INFO - [2025-07-20T14:59:48.628+0000] {dag.py:3239} INFO - Sync 2 DAGs
[2025-07-20T14:59:48.658+0000] {logging_mixin.py:190} INFO - [2025-07-20T14:59:48.658+0000] {dag.py:4180} INFO - Setting next_dagrun for consumer_dag to None, run_after=None
[2025-07-20T14:59:48.663+0000] {logging_mixin.py:190} INFO - [2025-07-20T14:59:48.663+0000] {dag.py:4180} INFO - Setting next_dagrun for producer_dag to 2025-07-19 00:00:00+00:00, run_after=2025-07-20 00:00:00+00:00
[2025-07-20T14:59:48.689+0000] {processor.py:208} INFO - Processing /opt/airflow/dags/datasets_dags.py took 0.121 seconds
[2025-07-20T15:00:19.172+0000] {processor.py:186} INFO - Started process (PID=900) to work on /opt/airflow/dags/datasets_dags.py
[2025-07-20T15:00:19.173+0000] {processor.py:914} INFO - Processing file /opt/airflow/dags/datasets_dags.py for tasks to queue
[2025-07-20T15:00:19.176+0000] {logging_mixin.py:190} INFO - [2025-07-20T15:00:19.175+0000] {dagbag.py:588} INFO - Filling up the DagBag from /opt/airflow/dags/datasets_dags.py
[2025-07-20T15:00:19.202+0000] {processor.py:925} INFO - DAG(s) 'producer_dag', 'consumer_dag' retrieved from /opt/airflow/dags/datasets_dags.py
[2025-07-20T15:00:19.243+0000] {logging_mixin.py:190} INFO - [2025-07-20T15:00:19.243+0000] {dag.py:3239} INFO - Sync 2 DAGs
[2025-07-20T15:00:19.277+0000] {logging_mixin.py:190} INFO - [2025-07-20T15:00:19.276+0000] {dag.py:4180} INFO - Setting next_dagrun for consumer_dag to None, run_after=None
[2025-07-20T15:00:19.284+0000] {logging_mixin.py:190} INFO - [2025-07-20T15:00:19.283+0000] {dag.py:4180} INFO - Setting next_dagrun for producer_dag to 2025-07-19 00:00:00+00:00, run_after=2025-07-20 00:00:00+00:00
[2025-07-20T15:00:19.309+0000] {processor.py:208} INFO - Processing /opt/airflow/dags/datasets_dags.py took 0.148 seconds
[2025-07-20T15:00:49.446+0000] {processor.py:186} INFO - Started process (PID=932) to work on /opt/airflow/dags/datasets_dags.py
[2025-07-20T15:00:49.447+0000] {processor.py:914} INFO - Processing file /opt/airflow/dags/datasets_dags.py for tasks to queue
[2025-07-20T15:00:49.449+0000] {logging_mixin.py:190} INFO - [2025-07-20T15:00:49.449+0000] {dagbag.py:588} INFO - Filling up the DagBag from /opt/airflow/dags/datasets_dags.py
[2025-07-20T15:00:49.466+0000] {processor.py:925} INFO - DAG(s) 'producer_dag', 'consumer_dag' retrieved from /opt/airflow/dags/datasets_dags.py
[2025-07-20T15:00:49.497+0000] {logging_mixin.py:190} INFO - [2025-07-20T15:00:49.497+0000] {dag.py:3239} INFO - Sync 2 DAGs
[2025-07-20T15:00:49.523+0000] {logging_mixin.py:190} INFO - [2025-07-20T15:00:49.523+0000] {dag.py:4180} INFO - Setting next_dagrun for consumer_dag to None, run_after=None
[2025-07-20T15:00:49.528+0000] {logging_mixin.py:190} INFO - [2025-07-20T15:00:49.528+0000] {dag.py:4180} INFO - Setting next_dagrun for producer_dag to 2025-07-19 00:00:00+00:00, run_after=2025-07-20 00:00:00+00:00
[2025-07-20T15:00:49.553+0000] {processor.py:208} INFO - Processing /opt/airflow/dags/datasets_dags.py took 0.113 seconds
[2025-07-20T15:01:19.907+0000] {processor.py:186} INFO - Started process (PID=964) to work on /opt/airflow/dags/datasets_dags.py
[2025-07-20T15:01:19.909+0000] {processor.py:914} INFO - Processing file /opt/airflow/dags/datasets_dags.py for tasks to queue
[2025-07-20T15:01:19.912+0000] {logging_mixin.py:190} INFO - [2025-07-20T15:01:19.911+0000] {dagbag.py:588} INFO - Filling up the DagBag from /opt/airflow/dags/datasets_dags.py
[2025-07-20T15:01:19.934+0000] {processor.py:925} INFO - DAG(s) 'producer_dag', 'consumer_dag' retrieved from /opt/airflow/dags/datasets_dags.py
[2025-07-20T15:01:19.970+0000] {logging_mixin.py:190} INFO - [2025-07-20T15:01:19.969+0000] {dag.py:3239} INFO - Sync 2 DAGs
[2025-07-20T15:01:19.997+0000] {logging_mixin.py:190} INFO - [2025-07-20T15:01:19.996+0000] {dag.py:4180} INFO - Setting next_dagrun for consumer_dag to None, run_after=None
[2025-07-20T15:01:20.002+0000] {logging_mixin.py:190} INFO - [2025-07-20T15:01:20.002+0000] {dag.py:4180} INFO - Setting next_dagrun for producer_dag to 2025-07-19 00:00:00+00:00, run_after=2025-07-20 00:00:00+00:00
[2025-07-20T15:01:20.178+0000] {processor.py:208} INFO - Processing /opt/airflow/dags/datasets_dags.py took 0.278 seconds
[2025-07-20T15:01:50.565+0000] {processor.py:186} INFO - Started process (PID=996) to work on /opt/airflow/dags/datasets_dags.py
[2025-07-20T15:01:50.566+0000] {processor.py:914} INFO - Processing file /opt/airflow/dags/datasets_dags.py for tasks to queue
[2025-07-20T15:01:50.569+0000] {logging_mixin.py:190} INFO - [2025-07-20T15:01:50.568+0000] {dagbag.py:588} INFO - Filling up the DagBag from /opt/airflow/dags/datasets_dags.py
[2025-07-20T15:01:50.587+0000] {processor.py:925} INFO - DAG(s) 'producer_dag', 'consumer_dag' retrieved from /opt/airflow/dags/datasets_dags.py
[2025-07-20T15:01:50.619+0000] {logging_mixin.py:190} INFO - [2025-07-20T15:01:50.618+0000] {dag.py:3239} INFO - Sync 2 DAGs
[2025-07-20T15:01:50.822+0000] {logging_mixin.py:190} INFO - [2025-07-20T15:01:50.822+0000] {dag.py:4180} INFO - Setting next_dagrun for consumer_dag to None, run_after=None
[2025-07-20T15:01:50.828+0000] {logging_mixin.py:190} INFO - [2025-07-20T15:01:50.828+0000] {dag.py:4180} INFO - Setting next_dagrun for producer_dag to 2025-07-19 00:00:00+00:00, run_after=2025-07-20 00:00:00+00:00
[2025-07-20T15:01:50.852+0000] {processor.py:208} INFO - Processing /opt/airflow/dags/datasets_dags.py took 0.294 seconds
[2025-07-20T15:02:21.389+0000] {processor.py:186} INFO - Started process (PID=1028) to work on /opt/airflow/dags/datasets_dags.py
[2025-07-20T15:02:21.391+0000] {processor.py:914} INFO - Processing file /opt/airflow/dags/datasets_dags.py for tasks to queue
[2025-07-20T15:02:21.393+0000] {logging_mixin.py:190} INFO - [2025-07-20T15:02:21.392+0000] {dagbag.py:588} INFO - Filling up the DagBag from /opt/airflow/dags/datasets_dags.py
[2025-07-20T15:02:21.412+0000] {processor.py:925} INFO - DAG(s) 'producer_dag', 'consumer_dag' retrieved from /opt/airflow/dags/datasets_dags.py
[2025-07-20T15:02:21.444+0000] {logging_mixin.py:190} INFO - [2025-07-20T15:02:21.444+0000] {dag.py:3239} INFO - Sync 2 DAGs
[2025-07-20T15:02:21.485+0000] {logging_mixin.py:190} INFO - [2025-07-20T15:02:21.485+0000] {dag.py:4180} INFO - Setting next_dagrun for consumer_dag to None, run_after=None
[2025-07-20T15:02:21.490+0000] {logging_mixin.py:190} INFO - [2025-07-20T15:02:21.490+0000] {dag.py:4180} INFO - Setting next_dagrun for producer_dag to 2025-07-19 00:00:00+00:00, run_after=2025-07-20 00:00:00+00:00
[2025-07-20T15:02:21.516+0000] {processor.py:208} INFO - Processing /opt/airflow/dags/datasets_dags.py took 0.134 seconds
[2025-07-20T15:02:51.610+0000] {processor.py:186} INFO - Started process (PID=1060) to work on /opt/airflow/dags/datasets_dags.py
[2025-07-20T15:02:51.611+0000] {processor.py:914} INFO - Processing file /opt/airflow/dags/datasets_dags.py for tasks to queue
[2025-07-20T15:02:51.614+0000] {logging_mixin.py:190} INFO - [2025-07-20T15:02:51.614+0000] {dagbag.py:588} INFO - Filling up the DagBag from /opt/airflow/dags/datasets_dags.py
[2025-07-20T15:02:51.632+0000] {processor.py:925} INFO - DAG(s) 'consumer_dag', 'producer_dag' retrieved from /opt/airflow/dags/datasets_dags.py
[2025-07-20T15:02:51.668+0000] {logging_mixin.py:190} INFO - [2025-07-20T15:02:51.668+0000] {dag.py:3239} INFO - Sync 2 DAGs
[2025-07-20T15:02:51.696+0000] {logging_mixin.py:190} INFO - [2025-07-20T15:02:51.696+0000] {dag.py:4180} INFO - Setting next_dagrun for consumer_dag to None, run_after=None
[2025-07-20T15:02:51.702+0000] {logging_mixin.py:190} INFO - [2025-07-20T15:02:51.702+0000] {dag.py:4180} INFO - Setting next_dagrun for producer_dag to 2025-07-19 00:00:00+00:00, run_after=2025-07-20 00:00:00+00:00
[2025-07-20T15:02:51.727+0000] {processor.py:208} INFO - Processing /opt/airflow/dags/datasets_dags.py took 0.126 seconds
[2025-07-20T15:03:21.840+0000] {processor.py:186} INFO - Started process (PID=1092) to work on /opt/airflow/dags/datasets_dags.py
[2025-07-20T15:03:21.854+0000] {processor.py:914} INFO - Processing file /opt/airflow/dags/datasets_dags.py for tasks to queue
[2025-07-20T15:03:21.858+0000] {logging_mixin.py:190} INFO - [2025-07-20T15:03:21.857+0000] {dagbag.py:588} INFO - Filling up the DagBag from /opt/airflow/dags/datasets_dags.py
[2025-07-20T15:03:21.883+0000] {processor.py:925} INFO - DAG(s) 'consumer_dag', 'producer_dag' retrieved from /opt/airflow/dags/datasets_dags.py
[2025-07-20T15:03:21.927+0000] {logging_mixin.py:190} INFO - [2025-07-20T15:03:21.926+0000] {dag.py:3239} INFO - Sync 2 DAGs
[2025-07-20T15:03:21.959+0000] {logging_mixin.py:190} INFO - [2025-07-20T15:03:21.958+0000] {dag.py:4180} INFO - Setting next_dagrun for consumer_dag to None, run_after=None
[2025-07-20T15:03:21.964+0000] {logging_mixin.py:190} INFO - [2025-07-20T15:03:21.963+0000] {dag.py:4180} INFO - Setting next_dagrun for producer_dag to 2025-07-19 00:00:00+00:00, run_after=2025-07-20 00:00:00+00:00
[2025-07-20T15:03:21.998+0000] {processor.py:208} INFO - Processing /opt/airflow/dags/datasets_dags.py took 0.171 seconds
[2025-07-20T15:03:52.233+0000] {processor.py:186} INFO - Started process (PID=1124) to work on /opt/airflow/dags/datasets_dags.py
[2025-07-20T15:03:52.234+0000] {processor.py:914} INFO - Processing file /opt/airflow/dags/datasets_dags.py for tasks to queue
[2025-07-20T15:03:52.237+0000] {logging_mixin.py:190} INFO - [2025-07-20T15:03:52.236+0000] {dagbag.py:588} INFO - Filling up the DagBag from /opt/airflow/dags/datasets_dags.py
[2025-07-20T15:03:52.252+0000] {processor.py:925} INFO - DAG(s) 'producer_dag', 'consumer_dag' retrieved from /opt/airflow/dags/datasets_dags.py
[2025-07-20T15:03:52.286+0000] {logging_mixin.py:190} INFO - [2025-07-20T15:03:52.286+0000] {dag.py:3239} INFO - Sync 2 DAGs
[2025-07-20T15:03:52.312+0000] {logging_mixin.py:190} INFO - [2025-07-20T15:03:52.312+0000] {dag.py:4180} INFO - Setting next_dagrun for consumer_dag to None, run_after=None
[2025-07-20T15:03:52.316+0000] {logging_mixin.py:190} INFO - [2025-07-20T15:03:52.316+0000] {dag.py:4180} INFO - Setting next_dagrun for producer_dag to 2025-07-19 00:00:00+00:00, run_after=2025-07-20 00:00:00+00:00
[2025-07-20T15:03:52.477+0000] {processor.py:208} INFO - Processing /opt/airflow/dags/datasets_dags.py took 0.250 seconds
[2025-07-20T15:04:22.898+0000] {processor.py:186} INFO - Started process (PID=1156) to work on /opt/airflow/dags/datasets_dags.py
[2025-07-20T15:04:22.899+0000] {processor.py:914} INFO - Processing file /opt/airflow/dags/datasets_dags.py for tasks to queue
[2025-07-20T15:04:22.901+0000] {logging_mixin.py:190} INFO - [2025-07-20T15:04:22.901+0000] {dagbag.py:588} INFO - Filling up the DagBag from /opt/airflow/dags/datasets_dags.py
[2025-07-20T15:04:22.917+0000] {processor.py:925} INFO - DAG(s) 'consumer_dag', 'producer_dag' retrieved from /opt/airflow/dags/datasets_dags.py
[2025-07-20T15:04:22.947+0000] {logging_mixin.py:190} INFO - [2025-07-20T15:04:22.947+0000] {dag.py:3239} INFO - Sync 2 DAGs
[2025-07-20T15:04:23.108+0000] {logging_mixin.py:190} INFO - [2025-07-20T15:04:23.108+0000] {dag.py:4180} INFO - Setting next_dagrun for consumer_dag to None, run_after=None
[2025-07-20T15:04:23.113+0000] {logging_mixin.py:190} INFO - [2025-07-20T15:04:23.113+0000] {dag.py:4180} INFO - Setting next_dagrun for producer_dag to 2025-07-19 00:00:00+00:00, run_after=2025-07-20 00:00:00+00:00
[2025-07-20T15:04:23.137+0000] {processor.py:208} INFO - Processing /opt/airflow/dags/datasets_dags.py took 0.245 seconds
[2025-07-20T15:04:53.641+0000] {processor.py:186} INFO - Started process (PID=1188) to work on /opt/airflow/dags/datasets_dags.py
[2025-07-20T15:04:53.642+0000] {processor.py:914} INFO - Processing file /opt/airflow/dags/datasets_dags.py for tasks to queue
[2025-07-20T15:04:53.645+0000] {logging_mixin.py:190} INFO - [2025-07-20T15:04:53.644+0000] {dagbag.py:588} INFO - Filling up the DagBag from /opt/airflow/dags/datasets_dags.py
[2025-07-20T15:04:53.663+0000] {processor.py:925} INFO - DAG(s) 'consumer_dag', 'producer_dag' retrieved from /opt/airflow/dags/datasets_dags.py
[2025-07-20T15:04:53.694+0000] {logging_mixin.py:190} INFO - [2025-07-20T15:04:53.694+0000] {dag.py:3239} INFO - Sync 2 DAGs
[2025-07-20T15:04:53.719+0000] {logging_mixin.py:190} INFO - [2025-07-20T15:04:53.719+0000] {dag.py:4180} INFO - Setting next_dagrun for consumer_dag to None, run_after=None
[2025-07-20T15:04:53.724+0000] {logging_mixin.py:190} INFO - [2025-07-20T15:04:53.724+0000] {dag.py:4180} INFO - Setting next_dagrun for producer_dag to 2025-07-19 00:00:00+00:00, run_after=2025-07-20 00:00:00+00:00
[2025-07-20T15:04:53.751+0000] {processor.py:208} INFO - Processing /opt/airflow/dags/datasets_dags.py took 0.117 seconds
[2025-07-20T15:05:23.842+0000] {processor.py:186} INFO - Started process (PID=1220) to work on /opt/airflow/dags/datasets_dags.py
[2025-07-20T15:05:23.843+0000] {processor.py:914} INFO - Processing file /opt/airflow/dags/datasets_dags.py for tasks to queue
[2025-07-20T15:05:23.846+0000] {logging_mixin.py:190} INFO - [2025-07-20T15:05:23.845+0000] {dagbag.py:588} INFO - Filling up the DagBag from /opt/airflow/dags/datasets_dags.py
[2025-07-20T15:05:23.864+0000] {processor.py:925} INFO - DAG(s) 'producer_dag', 'consumer_dag' retrieved from /opt/airflow/dags/datasets_dags.py
[2025-07-20T15:05:23.898+0000] {logging_mixin.py:190} INFO - [2025-07-20T15:05:23.898+0000] {dag.py:3239} INFO - Sync 2 DAGs
[2025-07-20T15:05:23.926+0000] {logging_mixin.py:190} INFO - [2025-07-20T15:05:23.926+0000] {dag.py:4180} INFO - Setting next_dagrun for consumer_dag to None, run_after=None
[2025-07-20T15:05:23.931+0000] {logging_mixin.py:190} INFO - [2025-07-20T15:05:23.931+0000] {dag.py:4180} INFO - Setting next_dagrun for producer_dag to 2025-07-19 00:00:00+00:00, run_after=2025-07-20 00:00:00+00:00
[2025-07-20T15:05:23.956+0000] {processor.py:208} INFO - Processing /opt/airflow/dags/datasets_dags.py took 0.121 seconds
[2025-07-20T15:05:54.063+0000] {processor.py:186} INFO - Started process (PID=1252) to work on /opt/airflow/dags/datasets_dags.py
[2025-07-20T15:05:54.064+0000] {processor.py:914} INFO - Processing file /opt/airflow/dags/datasets_dags.py for tasks to queue
[2025-07-20T15:05:54.067+0000] {logging_mixin.py:190} INFO - [2025-07-20T15:05:54.066+0000] {dagbag.py:588} INFO - Filling up the DagBag from /opt/airflow/dags/datasets_dags.py
[2025-07-20T15:05:54.083+0000] {processor.py:925} INFO - DAG(s) 'consumer_dag', 'producer_dag' retrieved from /opt/airflow/dags/datasets_dags.py
[2025-07-20T15:05:54.112+0000] {logging_mixin.py:190} INFO - [2025-07-20T15:05:54.112+0000] {dag.py:3239} INFO - Sync 2 DAGs
[2025-07-20T15:05:54.136+0000] {logging_mixin.py:190} INFO - [2025-07-20T15:05:54.136+0000] {dag.py:4180} INFO - Setting next_dagrun for consumer_dag to None, run_after=None
[2025-07-20T15:05:54.141+0000] {logging_mixin.py:190} INFO - [2025-07-20T15:05:54.141+0000] {dag.py:4180} INFO - Setting next_dagrun for producer_dag to 2025-07-19 00:00:00+00:00, run_after=2025-07-20 00:00:00+00:00
[2025-07-20T15:05:54.168+0000] {processor.py:208} INFO - Processing /opt/airflow/dags/datasets_dags.py took 0.111 seconds
[2025-07-20T15:06:24.796+0000] {processor.py:186} INFO - Started process (PID=1284) to work on /opt/airflow/dags/datasets_dags.py
[2025-07-20T15:06:24.797+0000] {processor.py:914} INFO - Processing file /opt/airflow/dags/datasets_dags.py for tasks to queue
[2025-07-20T15:06:24.800+0000] {logging_mixin.py:190} INFO - [2025-07-20T15:06:24.800+0000] {dagbag.py:588} INFO - Filling up the DagBag from /opt/airflow/dags/datasets_dags.py
[2025-07-20T15:06:24.818+0000] {processor.py:925} INFO - DAG(s) 'consumer_dag', 'producer_dag' retrieved from /opt/airflow/dags/datasets_dags.py
[2025-07-20T15:06:24.850+0000] {logging_mixin.py:190} INFO - [2025-07-20T15:06:24.850+0000] {dag.py:3239} INFO - Sync 2 DAGs
[2025-07-20T15:06:24.876+0000] {logging_mixin.py:190} INFO - [2025-07-20T15:06:24.876+0000] {dag.py:4180} INFO - Setting next_dagrun for consumer_dag to None, run_after=None
[2025-07-20T15:06:25.022+0000] {logging_mixin.py:190} INFO - [2025-07-20T15:06:25.022+0000] {dag.py:4180} INFO - Setting next_dagrun for producer_dag to 2025-07-19 00:00:00+00:00, run_after=2025-07-20 00:00:00+00:00
[2025-07-20T15:06:25.046+0000] {processor.py:208} INFO - Processing /opt/airflow/dags/datasets_dags.py took 0.257 seconds
[2025-07-20T15:06:55.274+0000] {processor.py:186} INFO - Started process (PID=1316) to work on /opt/airflow/dags/datasets_dags.py
[2025-07-20T15:06:55.275+0000] {processor.py:914} INFO - Processing file /opt/airflow/dags/datasets_dags.py for tasks to queue
[2025-07-20T15:06:55.278+0000] {logging_mixin.py:190} INFO - [2025-07-20T15:06:55.277+0000] {dagbag.py:588} INFO - Filling up the DagBag from /opt/airflow/dags/datasets_dags.py
[2025-07-20T15:06:55.295+0000] {processor.py:925} INFO - DAG(s) 'producer_dag', 'consumer_dag' retrieved from /opt/airflow/dags/datasets_dags.py
[2025-07-20T15:06:55.325+0000] {logging_mixin.py:190} INFO - [2025-07-20T15:06:55.324+0000] {dag.py:3239} INFO - Sync 2 DAGs
[2025-07-20T15:06:55.511+0000] {logging_mixin.py:190} INFO - [2025-07-20T15:06:55.511+0000] {dag.py:4180} INFO - Setting next_dagrun for consumer_dag to None, run_after=None
[2025-07-20T15:06:55.516+0000] {logging_mixin.py:190} INFO - [2025-07-20T15:06:55.516+0000] {dag.py:4180} INFO - Setting next_dagrun for producer_dag to 2025-07-19 00:00:00+00:00, run_after=2025-07-20 00:00:00+00:00
[2025-07-20T15:06:55.542+0000] {processor.py:208} INFO - Processing /opt/airflow/dags/datasets_dags.py took 0.279 seconds
