[2025-07-20T14:21:41.838+0000] {processor.py:186} INFO - Started process (PID=189) to work on /opt/airflow/dags/datasets_dependance.py
[2025-07-20T14:21:41.840+0000] {processor.py:914} INFO - Processing file /opt/airflow/dags/datasets_dependance.py for tasks to queue
[2025-07-20T14:21:41.845+0000] {logging_mixin.py:190} INFO - [2025-07-20T14:21:41.844+0000] {dagbag.py:588} INFO - Filling up the DagBag from /opt/airflow/dags/datasets_dependance.py
[2025-07-20T14:21:43.055+0000] {processor.py:925} INFO - DAG(s) 'dag_b', 'dag_a', 'dag_c' retrieved from /opt/airflow/dags/datasets_dependance.py
[2025-07-20T14:21:43.086+0000] {logging_mixin.py:190} INFO - [2025-07-20T14:21:43.085+0000] {dag.py:3239} INFO - Sync 3 DAGs
[2025-07-20T14:21:43.111+0000] {logging_mixin.py:190} INFO - [2025-07-20T14:21:43.111+0000] {dag.py:4180} INFO - Setting next_dagrun for dag_a to 2025-07-19 00:00:00+00:00, run_after=2025-07-20 00:00:00+00:00
[2025-07-20T14:21:43.115+0000] {logging_mixin.py:190} INFO - [2025-07-20T14:21:43.115+0000] {dag.py:4180} INFO - Setting next_dagrun for dag_b to None, run_after=None
[2025-07-20T14:21:43.117+0000] {logging_mixin.py:190} INFO - [2025-07-20T14:21:43.116+0000] {dag.py:4180} INFO - Setting next_dagrun for dag_c to None, run_after=None
[2025-07-20T14:21:43.143+0000] {processor.py:208} INFO - Processing /opt/airflow/dags/datasets_dependance.py took 1.318 seconds
[2025-07-20T14:22:13.684+0000] {processor.py:186} INFO - Started process (PID=228) to work on /opt/airflow/dags/datasets_dependance.py
[2025-07-20T14:22:13.685+0000] {processor.py:914} INFO - Processing file /opt/airflow/dags/datasets_dependance.py for tasks to queue
[2025-07-20T14:22:13.687+0000] {logging_mixin.py:190} INFO - [2025-07-20T14:22:13.687+0000] {dagbag.py:588} INFO - Filling up the DagBag from /opt/airflow/dags/datasets_dependance.py
[2025-07-20T14:22:14.166+0000] {processor.py:925} INFO - DAG(s) 'dag_b', 'dag_c', 'dag_a' retrieved from /opt/airflow/dags/datasets_dependance.py
[2025-07-20T14:22:14.203+0000] {logging_mixin.py:190} INFO - [2025-07-20T14:22:14.202+0000] {dag.py:3239} INFO - Sync 3 DAGs
[2025-07-20T14:22:14.232+0000] {logging_mixin.py:190} INFO - [2025-07-20T14:22:14.232+0000] {dag.py:4180} INFO - Setting next_dagrun for dag_a to 2025-07-19 00:00:00+00:00, run_after=2025-07-20 00:00:00+00:00
[2025-07-20T14:22:14.237+0000] {logging_mixin.py:190} INFO - [2025-07-20T14:22:14.237+0000] {dag.py:4180} INFO - Setting next_dagrun for dag_b to None, run_after=None
[2025-07-20T14:22:14.238+0000] {logging_mixin.py:190} INFO - [2025-07-20T14:22:14.238+0000] {dag.py:4180} INFO - Setting next_dagrun for dag_c to None, run_after=None
[2025-07-20T14:22:14.271+0000] {processor.py:208} INFO - Processing /opt/airflow/dags/datasets_dependance.py took 0.595 seconds
[2025-07-20T14:22:44.427+0000] {processor.py:186} INFO - Started process (PID=255) to work on /opt/airflow/dags/datasets_dependance.py
[2025-07-20T14:22:44.428+0000] {processor.py:914} INFO - Processing file /opt/airflow/dags/datasets_dependance.py for tasks to queue
[2025-07-20T14:22:44.431+0000] {logging_mixin.py:190} INFO - [2025-07-20T14:22:44.431+0000] {dagbag.py:588} INFO - Filling up the DagBag from /opt/airflow/dags/datasets_dependance.py
[2025-07-20T14:22:44.925+0000] {processor.py:925} INFO - DAG(s) 'dag_a', 'dag_c', 'dag_b' retrieved from /opt/airflow/dags/datasets_dependance.py
[2025-07-20T14:22:44.955+0000] {logging_mixin.py:190} INFO - [2025-07-20T14:22:44.954+0000] {dag.py:3239} INFO - Sync 3 DAGs
[2025-07-20T14:22:44.978+0000] {logging_mixin.py:190} INFO - [2025-07-20T14:22:44.977+0000] {dag.py:4180} INFO - Setting next_dagrun for dag_a to 2025-07-19 00:00:00+00:00, run_after=2025-07-20 00:00:00+00:00
[2025-07-20T14:22:44.981+0000] {logging_mixin.py:190} INFO - [2025-07-20T14:22:44.981+0000] {dag.py:4180} INFO - Setting next_dagrun for dag_b to None, run_after=None
[2025-07-20T14:22:44.983+0000] {logging_mixin.py:190} INFO - [2025-07-20T14:22:44.983+0000] {dag.py:4180} INFO - Setting next_dagrun for dag_c to None, run_after=None
[2025-07-20T14:22:45.011+0000] {processor.py:208} INFO - Processing /opt/airflow/dags/datasets_dependance.py took 0.593 seconds
[2025-07-20T14:49:08.080+0000] {processor.py:186} INFO - Started process (PID=187) to work on /opt/airflow/dags/datasets_dependance.py
[2025-07-20T14:49:08.081+0000] {processor.py:914} INFO - Processing file /opt/airflow/dags/datasets_dependance.py for tasks to queue
[2025-07-20T14:49:08.085+0000] {logging_mixin.py:190} INFO - [2025-07-20T14:49:08.084+0000] {dagbag.py:588} INFO - Filling up the DagBag from /opt/airflow/dags/datasets_dependance.py
[2025-07-20T14:49:08.675+0000] {processor.py:925} INFO - DAG(s) 'dag_a', 'dag_b', 'dag_c' retrieved from /opt/airflow/dags/datasets_dependance.py
[2025-07-20T14:49:08.705+0000] {logging_mixin.py:190} INFO - [2025-07-20T14:49:08.705+0000] {dag.py:3239} INFO - Sync 3 DAGs
[2025-07-20T14:49:08.727+0000] {logging_mixin.py:190} INFO - [2025-07-20T14:49:08.727+0000] {dag.py:4180} INFO - Setting next_dagrun for dag_a to 2025-07-19 00:00:00+00:00, run_after=2025-07-20 00:00:00+00:00
[2025-07-20T14:49:08.731+0000] {logging_mixin.py:190} INFO - [2025-07-20T14:49:08.731+0000] {dag.py:4180} INFO - Setting next_dagrun for dag_b to None, run_after=None
[2025-07-20T14:49:08.733+0000] {logging_mixin.py:190} INFO - [2025-07-20T14:49:08.733+0000] {dag.py:4180} INFO - Setting next_dagrun for dag_c to None, run_after=None
[2025-07-20T14:49:08.758+0000] {processor.py:208} INFO - Processing /opt/airflow/dags/datasets_dependance.py took 0.686 seconds
[2025-07-20T14:49:39.198+0000] {processor.py:186} INFO - Started process (PID=228) to work on /opt/airflow/dags/datasets_dependance.py
[2025-07-20T14:49:39.199+0000] {processor.py:914} INFO - Processing file /opt/airflow/dags/datasets_dependance.py for tasks to queue
[2025-07-20T14:49:39.201+0000] {logging_mixin.py:190} INFO - [2025-07-20T14:49:39.201+0000] {dagbag.py:588} INFO - Filling up the DagBag from /opt/airflow/dags/datasets_dependance.py
[2025-07-20T14:49:39.704+0000] {processor.py:925} INFO - DAG(s) 'dag_b', 'dag_c', 'dag_a' retrieved from /opt/airflow/dags/datasets_dependance.py
[2025-07-20T14:49:39.734+0000] {logging_mixin.py:190} INFO - [2025-07-20T14:49:39.733+0000] {dag.py:3239} INFO - Sync 3 DAGs
[2025-07-20T14:49:39.757+0000] {logging_mixin.py:190} INFO - [2025-07-20T14:49:39.757+0000] {dag.py:4180} INFO - Setting next_dagrun for dag_a to 2025-07-19 00:00:00+00:00, run_after=2025-07-20 00:00:00+00:00
[2025-07-20T14:49:39.761+0000] {logging_mixin.py:190} INFO - [2025-07-20T14:49:39.761+0000] {dag.py:4180} INFO - Setting next_dagrun for dag_b to None, run_after=None
[2025-07-20T14:49:39.763+0000] {logging_mixin.py:190} INFO - [2025-07-20T14:49:39.763+0000] {dag.py:4180} INFO - Setting next_dagrun for dag_c to None, run_after=None
[2025-07-20T14:49:39.786+0000] {processor.py:208} INFO - Processing /opt/airflow/dags/datasets_dependance.py took 0.595 seconds
[2025-07-20T14:50:09.932+0000] {processor.py:186} INFO - Started process (PID=260) to work on /opt/airflow/dags/datasets_dependance.py
[2025-07-20T14:50:09.933+0000] {processor.py:914} INFO - Processing file /opt/airflow/dags/datasets_dependance.py for tasks to queue
[2025-07-20T14:50:09.935+0000] {logging_mixin.py:190} INFO - [2025-07-20T14:50:09.935+0000] {dagbag.py:588} INFO - Filling up the DagBag from /opt/airflow/dags/datasets_dependance.py
[2025-07-20T14:50:10.484+0000] {processor.py:925} INFO - DAG(s) 'dag_c', 'dag_b', 'dag_a' retrieved from /opt/airflow/dags/datasets_dependance.py
[2025-07-20T14:50:10.511+0000] {logging_mixin.py:190} INFO - [2025-07-20T14:50:10.511+0000] {dag.py:3239} INFO - Sync 3 DAGs
[2025-07-20T14:50:10.531+0000] {logging_mixin.py:190} INFO - [2025-07-20T14:50:10.531+0000] {dag.py:4180} INFO - Setting next_dagrun for dag_a to 2025-07-19 00:00:00+00:00, run_after=2025-07-20 00:00:00+00:00
[2025-07-20T14:50:10.535+0000] {logging_mixin.py:190} INFO - [2025-07-20T14:50:10.535+0000] {dag.py:4180} INFO - Setting next_dagrun for dag_b to None, run_after=None
[2025-07-20T14:50:10.536+0000] {logging_mixin.py:190} INFO - [2025-07-20T14:50:10.536+0000] {dag.py:4180} INFO - Setting next_dagrun for dag_c to None, run_after=None
[2025-07-20T14:50:10.559+0000] {processor.py:208} INFO - Processing /opt/airflow/dags/datasets_dependance.py took 0.636 seconds
[2025-07-20T14:50:40.678+0000] {processor.py:186} INFO - Started process (PID=292) to work on /opt/airflow/dags/datasets_dependance.py
[2025-07-20T14:50:40.679+0000] {processor.py:914} INFO - Processing file /opt/airflow/dags/datasets_dependance.py for tasks to queue
[2025-07-20T14:50:40.684+0000] {logging_mixin.py:190} INFO - [2025-07-20T14:50:40.683+0000] {dagbag.py:588} INFO - Filling up the DagBag from /opt/airflow/dags/datasets_dependance.py
[2025-07-20T14:50:41.240+0000] {processor.py:925} INFO - DAG(s) 'dag_b', 'dag_a', 'dag_c' retrieved from /opt/airflow/dags/datasets_dependance.py
[2025-07-20T14:50:41.266+0000] {logging_mixin.py:190} INFO - [2025-07-20T14:50:41.266+0000] {dag.py:3239} INFO - Sync 3 DAGs
[2025-07-20T14:50:41.289+0000] {logging_mixin.py:190} INFO - [2025-07-20T14:50:41.288+0000] {dag.py:4180} INFO - Setting next_dagrun for dag_a to 2025-07-19 00:00:00+00:00, run_after=2025-07-20 00:00:00+00:00
[2025-07-20T14:50:41.292+0000] {logging_mixin.py:190} INFO - [2025-07-20T14:50:41.292+0000] {dag.py:4180} INFO - Setting next_dagrun for dag_b to None, run_after=None
[2025-07-20T14:50:41.294+0000] {logging_mixin.py:190} INFO - [2025-07-20T14:50:41.294+0000] {dag.py:4180} INFO - Setting next_dagrun for dag_c to None, run_after=None
[2025-07-20T14:50:41.321+0000] {processor.py:208} INFO - Processing /opt/airflow/dags/datasets_dependance.py took 0.653 seconds
[2025-07-20T14:51:12.146+0000] {processor.py:186} INFO - Started process (PID=334) to work on /opt/airflow/dags/datasets_dependance.py
[2025-07-20T14:51:12.149+0000] {processor.py:914} INFO - Processing file /opt/airflow/dags/datasets_dependance.py for tasks to queue
[2025-07-20T14:51:12.151+0000] {logging_mixin.py:190} INFO - [2025-07-20T14:51:12.151+0000] {dagbag.py:588} INFO - Filling up the DagBag from /opt/airflow/dags/datasets_dependance.py
[2025-07-20T14:51:12.881+0000] {processor.py:925} INFO - DAG(s) 'dag_b', 'dag_a', 'dag_c' retrieved from /opt/airflow/dags/datasets_dependance.py
[2025-07-20T14:51:12.937+0000] {logging_mixin.py:190} INFO - [2025-07-20T14:51:12.937+0000] {dag.py:3239} INFO - Sync 3 DAGs
[2025-07-20T14:51:12.991+0000] {logging_mixin.py:190} INFO - [2025-07-20T14:51:12.991+0000] {dag.py:4180} INFO - Setting next_dagrun for dag_a to 2025-07-19 00:00:00+00:00, run_after=2025-07-20 00:00:00+00:00
[2025-07-20T14:51:12.999+0000] {logging_mixin.py:190} INFO - [2025-07-20T14:51:12.999+0000] {dag.py:4180} INFO - Setting next_dagrun for dag_b to None, run_after=None
[2025-07-20T14:51:13.001+0000] {logging_mixin.py:190} INFO - [2025-07-20T14:51:13.001+0000] {dag.py:4180} INFO - Setting next_dagrun for dag_c to None, run_after=None
[2025-07-20T14:51:13.034+0000] {processor.py:208} INFO - Processing /opt/airflow/dags/datasets_dependance.py took 0.896 seconds
[2025-07-20T14:51:43.558+0000] {processor.py:186} INFO - Started process (PID=366) to work on /opt/airflow/dags/datasets_dependance.py
[2025-07-20T14:51:43.560+0000] {processor.py:914} INFO - Processing file /opt/airflow/dags/datasets_dependance.py for tasks to queue
[2025-07-20T14:51:43.567+0000] {logging_mixin.py:190} INFO - [2025-07-20T14:51:43.565+0000] {dagbag.py:588} INFO - Filling up the DagBag from /opt/airflow/dags/datasets_dependance.py
[2025-07-20T14:51:44.058+0000] {processor.py:925} INFO - DAG(s) 'dag_b', 'dag_c', 'dag_a' retrieved from /opt/airflow/dags/datasets_dependance.py
[2025-07-20T14:51:44.090+0000] {logging_mixin.py:190} INFO - [2025-07-20T14:51:44.089+0000] {dag.py:3239} INFO - Sync 3 DAGs
[2025-07-20T14:51:44.117+0000] {logging_mixin.py:190} INFO - [2025-07-20T14:51:44.117+0000] {dag.py:4180} INFO - Setting next_dagrun for dag_a to 2025-07-19 00:00:00+00:00, run_after=2025-07-20 00:00:00+00:00
[2025-07-20T14:51:44.122+0000] {logging_mixin.py:190} INFO - [2025-07-20T14:51:44.121+0000] {dag.py:4180} INFO - Setting next_dagrun for dag_b to None, run_after=None
[2025-07-20T14:51:44.125+0000] {logging_mixin.py:190} INFO - [2025-07-20T14:51:44.125+0000] {dag.py:4180} INFO - Setting next_dagrun for dag_c to None, run_after=None
[2025-07-20T14:51:44.149+0000] {processor.py:208} INFO - Processing /opt/airflow/dags/datasets_dependance.py took 0.597 seconds
[2025-07-20T14:52:14.296+0000] {processor.py:186} INFO - Started process (PID=398) to work on /opt/airflow/dags/datasets_dependance.py
[2025-07-20T14:52:14.298+0000] {processor.py:914} INFO - Processing file /opt/airflow/dags/datasets_dependance.py for tasks to queue
[2025-07-20T14:52:14.300+0000] {logging_mixin.py:190} INFO - [2025-07-20T14:52:14.300+0000] {dagbag.py:588} INFO - Filling up the DagBag from /opt/airflow/dags/datasets_dependance.py
[2025-07-20T14:52:14.828+0000] {processor.py:925} INFO - DAG(s) 'dag_b', 'dag_a', 'dag_c' retrieved from /opt/airflow/dags/datasets_dependance.py
[2025-07-20T14:52:14.854+0000] {logging_mixin.py:190} INFO - [2025-07-20T14:52:14.854+0000] {dag.py:3239} INFO - Sync 3 DAGs
[2025-07-20T14:52:14.874+0000] {logging_mixin.py:190} INFO - [2025-07-20T14:52:14.874+0000] {dag.py:4180} INFO - Setting next_dagrun for dag_a to 2025-07-19 00:00:00+00:00, run_after=2025-07-20 00:00:00+00:00
[2025-07-20T14:52:14.878+0000] {logging_mixin.py:190} INFO - [2025-07-20T14:52:14.878+0000] {dag.py:4180} INFO - Setting next_dagrun for dag_b to None, run_after=None
[2025-07-20T14:52:14.879+0000] {logging_mixin.py:190} INFO - [2025-07-20T14:52:14.879+0000] {dag.py:4180} INFO - Setting next_dagrun for dag_c to None, run_after=None
[2025-07-20T14:52:14.901+0000] {processor.py:208} INFO - Processing /opt/airflow/dags/datasets_dependance.py took 0.611 seconds
[2025-07-20T14:52:45.449+0000] {processor.py:186} INFO - Started process (PID=430) to work on /opt/airflow/dags/datasets_dependance.py
[2025-07-20T14:52:45.450+0000] {processor.py:914} INFO - Processing file /opt/airflow/dags/datasets_dependance.py for tasks to queue
[2025-07-20T14:52:45.452+0000] {logging_mixin.py:190} INFO - [2025-07-20T14:52:45.452+0000] {dagbag.py:588} INFO - Filling up the DagBag from /opt/airflow/dags/datasets_dependance.py
[2025-07-20T14:52:45.912+0000] {processor.py:925} INFO - DAG(s) 'dag_b', 'dag_c', 'dag_a' retrieved from /opt/airflow/dags/datasets_dependance.py
[2025-07-20T14:52:45.940+0000] {logging_mixin.py:190} INFO - [2025-07-20T14:52:45.939+0000] {dag.py:3239} INFO - Sync 3 DAGs
[2025-07-20T14:52:45.959+0000] {logging_mixin.py:190} INFO - [2025-07-20T14:52:45.959+0000] {dag.py:4180} INFO - Setting next_dagrun for dag_a to 2025-07-19 00:00:00+00:00, run_after=2025-07-20 00:00:00+00:00
[2025-07-20T14:52:45.963+0000] {logging_mixin.py:190} INFO - [2025-07-20T14:52:45.963+0000] {dag.py:4180} INFO - Setting next_dagrun for dag_b to None, run_after=None
[2025-07-20T14:52:45.964+0000] {logging_mixin.py:190} INFO - [2025-07-20T14:52:45.964+0000] {dag.py:4180} INFO - Setting next_dagrun for dag_c to None, run_after=None
[2025-07-20T14:52:45.986+0000] {processor.py:208} INFO - Processing /opt/airflow/dags/datasets_dependance.py took 0.543 seconds
[2025-07-20T14:53:16.075+0000] {processor.py:186} INFO - Started process (PID=462) to work on /opt/airflow/dags/datasets_dependance.py
[2025-07-20T14:53:16.076+0000] {processor.py:914} INFO - Processing file /opt/airflow/dags/datasets_dependance.py for tasks to queue
[2025-07-20T14:53:16.079+0000] {logging_mixin.py:190} INFO - [2025-07-20T14:53:16.079+0000] {dagbag.py:588} INFO - Filling up the DagBag from /opt/airflow/dags/datasets_dependance.py
[2025-07-20T14:53:16.560+0000] {processor.py:925} INFO - DAG(s) 'dag_b', 'dag_c', 'dag_a' retrieved from /opt/airflow/dags/datasets_dependance.py
[2025-07-20T14:53:16.586+0000] {logging_mixin.py:190} INFO - [2025-07-20T14:53:16.586+0000] {dag.py:3239} INFO - Sync 3 DAGs
[2025-07-20T14:53:16.612+0000] {logging_mixin.py:190} INFO - [2025-07-20T14:53:16.612+0000] {dag.py:4180} INFO - Setting next_dagrun for dag_a to 2025-07-19 00:00:00+00:00, run_after=2025-07-20 00:00:00+00:00
[2025-07-20T14:53:16.618+0000] {logging_mixin.py:190} INFO - [2025-07-20T14:53:16.618+0000] {dag.py:4180} INFO - Setting next_dagrun for dag_b to None, run_after=None
[2025-07-20T14:53:16.620+0000] {logging_mixin.py:190} INFO - [2025-07-20T14:53:16.620+0000] {dag.py:4180} INFO - Setting next_dagrun for dag_c to None, run_after=None
[2025-07-20T14:53:16.646+0000] {processor.py:208} INFO - Processing /opt/airflow/dags/datasets_dependance.py took 0.577 seconds
[2025-07-20T14:53:46.802+0000] {processor.py:186} INFO - Started process (PID=494) to work on /opt/airflow/dags/datasets_dependance.py
[2025-07-20T14:53:46.804+0000] {processor.py:914} INFO - Processing file /opt/airflow/dags/datasets_dependance.py for tasks to queue
[2025-07-20T14:53:46.807+0000] {logging_mixin.py:190} INFO - [2025-07-20T14:53:46.806+0000] {dagbag.py:588} INFO - Filling up the DagBag from /opt/airflow/dags/datasets_dependance.py
[2025-07-20T14:53:47.271+0000] {processor.py:925} INFO - DAG(s) 'dag_c', 'dag_a', 'dag_b' retrieved from /opt/airflow/dags/datasets_dependance.py
[2025-07-20T14:53:47.302+0000] {logging_mixin.py:190} INFO - [2025-07-20T14:53:47.301+0000] {dag.py:3239} INFO - Sync 3 DAGs
[2025-07-20T14:53:47.324+0000] {logging_mixin.py:190} INFO - [2025-07-20T14:53:47.324+0000] {dag.py:4180} INFO - Setting next_dagrun for dag_a to 2025-07-19 00:00:00+00:00, run_after=2025-07-20 00:00:00+00:00
[2025-07-20T14:53:47.328+0000] {logging_mixin.py:190} INFO - [2025-07-20T14:53:47.328+0000] {dag.py:4180} INFO - Setting next_dagrun for dag_b to None, run_after=None
[2025-07-20T14:53:47.334+0000] {logging_mixin.py:190} INFO - [2025-07-20T14:53:47.333+0000] {dag.py:4180} INFO - Setting next_dagrun for dag_c to None, run_after=None
[2025-07-20T14:53:47.363+0000] {processor.py:208} INFO - Processing /opt/airflow/dags/datasets_dependance.py took 0.568 seconds
[2025-07-20T14:54:18.170+0000] {processor.py:186} INFO - Started process (PID=526) to work on /opt/airflow/dags/datasets_dependance.py
[2025-07-20T14:54:18.171+0000] {processor.py:914} INFO - Processing file /opt/airflow/dags/datasets_dependance.py for tasks to queue
[2025-07-20T14:54:18.173+0000] {logging_mixin.py:190} INFO - [2025-07-20T14:54:18.173+0000] {dagbag.py:588} INFO - Filling up the DagBag from /opt/airflow/dags/datasets_dependance.py
[2025-07-20T14:54:18.632+0000] {processor.py:925} INFO - DAG(s) 'dag_b', 'dag_a', 'dag_c' retrieved from /opt/airflow/dags/datasets_dependance.py
[2025-07-20T14:54:18.661+0000] {logging_mixin.py:190} INFO - [2025-07-20T14:54:18.660+0000] {dag.py:3239} INFO - Sync 3 DAGs
[2025-07-20T14:54:18.683+0000] {logging_mixin.py:190} INFO - [2025-07-20T14:54:18.683+0000] {dag.py:4180} INFO - Setting next_dagrun for dag_a to 2025-07-19 00:00:00+00:00, run_after=2025-07-20 00:00:00+00:00
[2025-07-20T14:54:18.687+0000] {logging_mixin.py:190} INFO - [2025-07-20T14:54:18.687+0000] {dag.py:4180} INFO - Setting next_dagrun for dag_b to None, run_after=None
[2025-07-20T14:54:18.689+0000] {logging_mixin.py:190} INFO - [2025-07-20T14:54:18.689+0000] {dag.py:4180} INFO - Setting next_dagrun for dag_c to None, run_after=None
[2025-07-20T14:54:18.710+0000] {processor.py:208} INFO - Processing /opt/airflow/dags/datasets_dependance.py took 0.546 seconds
[2025-07-20T14:54:49.259+0000] {processor.py:186} INFO - Started process (PID=558) to work on /opt/airflow/dags/datasets_dependance.py
[2025-07-20T14:54:49.260+0000] {processor.py:914} INFO - Processing file /opt/airflow/dags/datasets_dependance.py for tasks to queue
[2025-07-20T14:54:49.262+0000] {logging_mixin.py:190} INFO - [2025-07-20T14:54:49.262+0000] {dagbag.py:588} INFO - Filling up the DagBag from /opt/airflow/dags/datasets_dependance.py
[2025-07-20T14:54:49.801+0000] {processor.py:925} INFO - DAG(s) 'dag_b', 'dag_c', 'dag_a' retrieved from /opt/airflow/dags/datasets_dependance.py
[2025-07-20T14:54:49.836+0000] {logging_mixin.py:190} INFO - [2025-07-20T14:54:49.836+0000] {dag.py:3239} INFO - Sync 3 DAGs
[2025-07-20T14:54:49.865+0000] {logging_mixin.py:190} INFO - [2025-07-20T14:54:49.865+0000] {dag.py:4180} INFO - Setting next_dagrun for dag_a to 2025-07-19 00:00:00+00:00, run_after=2025-07-20 00:00:00+00:00
[2025-07-20T14:54:49.869+0000] {logging_mixin.py:190} INFO - [2025-07-20T14:54:49.869+0000] {dag.py:4180} INFO - Setting next_dagrun for dag_b to None, run_after=None
[2025-07-20T14:54:49.871+0000] {logging_mixin.py:190} INFO - [2025-07-20T14:54:49.870+0000] {dag.py:4180} INFO - Setting next_dagrun for dag_c to None, run_after=None
[2025-07-20T14:54:49.893+0000] {processor.py:208} INFO - Processing /opt/airflow/dags/datasets_dependance.py took 0.642 seconds
[2025-07-20T14:55:20.465+0000] {processor.py:186} INFO - Started process (PID=590) to work on /opt/airflow/dags/datasets_dependance.py
[2025-07-20T14:55:20.466+0000] {processor.py:914} INFO - Processing file /opt/airflow/dags/datasets_dependance.py for tasks to queue
[2025-07-20T14:55:20.468+0000] {logging_mixin.py:190} INFO - [2025-07-20T14:55:20.468+0000] {dagbag.py:588} INFO - Filling up the DagBag from /opt/airflow/dags/datasets_dependance.py
[2025-07-20T14:55:20.921+0000] {processor.py:925} INFO - DAG(s) 'dag_a', 'dag_c', 'dag_b' retrieved from /opt/airflow/dags/datasets_dependance.py
[2025-07-20T14:55:20.947+0000] {logging_mixin.py:190} INFO - [2025-07-20T14:55:20.947+0000] {dag.py:3239} INFO - Sync 3 DAGs
[2025-07-20T14:55:20.967+0000] {logging_mixin.py:190} INFO - [2025-07-20T14:55:20.967+0000] {dag.py:4180} INFO - Setting next_dagrun for dag_a to 2025-07-19 00:00:00+00:00, run_after=2025-07-20 00:00:00+00:00
[2025-07-20T14:55:20.970+0000] {logging_mixin.py:190} INFO - [2025-07-20T14:55:20.970+0000] {dag.py:4180} INFO - Setting next_dagrun for dag_b to None, run_after=None
[2025-07-20T14:55:20.972+0000] {logging_mixin.py:190} INFO - [2025-07-20T14:55:20.972+0000] {dag.py:4180} INFO - Setting next_dagrun for dag_c to None, run_after=None
[2025-07-20T14:55:20.992+0000] {processor.py:208} INFO - Processing /opt/airflow/dags/datasets_dependance.py took 0.534 seconds
[2025-07-20T14:55:51.074+0000] {processor.py:186} INFO - Started process (PID=622) to work on /opt/airflow/dags/datasets_dependance.py
[2025-07-20T14:55:51.076+0000] {processor.py:914} INFO - Processing file /opt/airflow/dags/datasets_dependance.py for tasks to queue
[2025-07-20T14:55:51.082+0000] {logging_mixin.py:190} INFO - [2025-07-20T14:55:51.082+0000] {dagbag.py:588} INFO - Filling up the DagBag from /opt/airflow/dags/datasets_dependance.py
[2025-07-20T14:55:51.666+0000] {processor.py:925} INFO - DAG(s) 'dag_b', 'dag_c', 'dag_a' retrieved from /opt/airflow/dags/datasets_dependance.py
[2025-07-20T14:55:51.698+0000] {logging_mixin.py:190} INFO - [2025-07-20T14:55:51.698+0000] {dag.py:3239} INFO - Sync 3 DAGs
[2025-07-20T14:55:51.734+0000] {logging_mixin.py:190} INFO - [2025-07-20T14:55:51.733+0000] {dag.py:4180} INFO - Setting next_dagrun for dag_a to 2025-07-19 00:00:00+00:00, run_after=2025-07-20 00:00:00+00:00
[2025-07-20T14:55:51.738+0000] {logging_mixin.py:190} INFO - [2025-07-20T14:55:51.738+0000] {dag.py:4180} INFO - Setting next_dagrun for dag_b to None, run_after=None
[2025-07-20T14:55:51.740+0000] {logging_mixin.py:190} INFO - [2025-07-20T14:55:51.740+0000] {dag.py:4180} INFO - Setting next_dagrun for dag_c to None, run_after=None
[2025-07-20T14:55:51.767+0000] {processor.py:208} INFO - Processing /opt/airflow/dags/datasets_dependance.py took 0.700 seconds
[2025-07-20T14:56:22.325+0000] {processor.py:186} INFO - Started process (PID=654) to work on /opt/airflow/dags/datasets_dependance.py
[2025-07-20T14:56:22.326+0000] {processor.py:914} INFO - Processing file /opt/airflow/dags/datasets_dependance.py for tasks to queue
[2025-07-20T14:56:22.329+0000] {logging_mixin.py:190} INFO - [2025-07-20T14:56:22.329+0000] {dagbag.py:588} INFO - Filling up the DagBag from /opt/airflow/dags/datasets_dependance.py
[2025-07-20T14:56:22.778+0000] {processor.py:925} INFO - DAG(s) 'dag_b', 'dag_c', 'dag_a' retrieved from /opt/airflow/dags/datasets_dependance.py
[2025-07-20T14:56:22.802+0000] {logging_mixin.py:190} INFO - [2025-07-20T14:56:22.802+0000] {dag.py:3239} INFO - Sync 3 DAGs
[2025-07-20T14:56:22.822+0000] {logging_mixin.py:190} INFO - [2025-07-20T14:56:22.821+0000] {dag.py:4180} INFO - Setting next_dagrun for dag_a to 2025-07-19 00:00:00+00:00, run_after=2025-07-20 00:00:00+00:00
[2025-07-20T14:56:22.826+0000] {logging_mixin.py:190} INFO - [2025-07-20T14:56:22.826+0000] {dag.py:4180} INFO - Setting next_dagrun for dag_b to None, run_after=None
[2025-07-20T14:56:22.828+0000] {logging_mixin.py:190} INFO - [2025-07-20T14:56:22.828+0000] {dag.py:4180} INFO - Setting next_dagrun for dag_c to None, run_after=None
[2025-07-20T14:56:22.850+0000] {processor.py:208} INFO - Processing /opt/airflow/dags/datasets_dependance.py took 0.531 seconds
[2025-07-20T14:56:52.932+0000] {processor.py:186} INFO - Started process (PID=686) to work on /opt/airflow/dags/datasets_dependance.py
[2025-07-20T14:56:52.933+0000] {processor.py:914} INFO - Processing file /opt/airflow/dags/datasets_dependance.py for tasks to queue
[2025-07-20T14:56:52.935+0000] {logging_mixin.py:190} INFO - [2025-07-20T14:56:52.935+0000] {dagbag.py:588} INFO - Filling up the DagBag from /opt/airflow/dags/datasets_dependance.py
[2025-07-20T14:56:53.374+0000] {processor.py:925} INFO - DAG(s) 'dag_a', 'dag_b', 'dag_c' retrieved from /opt/airflow/dags/datasets_dependance.py
[2025-07-20T14:56:53.403+0000] {logging_mixin.py:190} INFO - [2025-07-20T14:56:53.402+0000] {dag.py:3239} INFO - Sync 3 DAGs
[2025-07-20T14:56:53.424+0000] {logging_mixin.py:190} INFO - [2025-07-20T14:56:53.424+0000] {dag.py:4180} INFO - Setting next_dagrun for dag_a to 2025-07-19 00:00:00+00:00, run_after=2025-07-20 00:00:00+00:00
[2025-07-20T14:56:53.428+0000] {logging_mixin.py:190} INFO - [2025-07-20T14:56:53.428+0000] {dag.py:4180} INFO - Setting next_dagrun for dag_b to None, run_after=None
[2025-07-20T14:56:53.429+0000] {logging_mixin.py:190} INFO - [2025-07-20T14:56:53.429+0000] {dag.py:4180} INFO - Setting next_dagrun for dag_c to None, run_after=None
[2025-07-20T14:56:53.453+0000] {processor.py:208} INFO - Processing /opt/airflow/dags/datasets_dependance.py took 0.528 seconds
[2025-07-20T14:57:23.962+0000] {processor.py:186} INFO - Started process (PID=718) to work on /opt/airflow/dags/datasets_dependance.py
[2025-07-20T14:57:23.963+0000] {processor.py:914} INFO - Processing file /opt/airflow/dags/datasets_dependance.py for tasks to queue
[2025-07-20T14:57:23.966+0000] {logging_mixin.py:190} INFO - [2025-07-20T14:57:23.966+0000] {dagbag.py:588} INFO - Filling up the DagBag from /opt/airflow/dags/datasets_dependance.py
[2025-07-20T14:57:24.410+0000] {processor.py:925} INFO - DAG(s) 'dag_b', 'dag_c', 'dag_a' retrieved from /opt/airflow/dags/datasets_dependance.py
[2025-07-20T14:57:24.442+0000] {logging_mixin.py:190} INFO - [2025-07-20T14:57:24.441+0000] {dag.py:3239} INFO - Sync 3 DAGs
[2025-07-20T14:57:24.498+0000] {logging_mixin.py:190} INFO - [2025-07-20T14:57:24.498+0000] {dag.py:4180} INFO - Setting next_dagrun for dag_a to 2025-07-19 00:00:00+00:00, run_after=2025-07-20 00:00:00+00:00
[2025-07-20T14:57:24.502+0000] {logging_mixin.py:190} INFO - [2025-07-20T14:57:24.502+0000] {dag.py:4180} INFO - Setting next_dagrun for dag_b to None, run_after=None
[2025-07-20T14:57:24.504+0000] {logging_mixin.py:190} INFO - [2025-07-20T14:57:24.504+0000] {dag.py:4180} INFO - Setting next_dagrun for dag_c to None, run_after=None
[2025-07-20T14:57:24.527+0000] {processor.py:208} INFO - Processing /opt/airflow/dags/datasets_dependance.py took 0.571 seconds
[2025-07-20T14:57:55.219+0000] {processor.py:186} INFO - Started process (PID=750) to work on /opt/airflow/dags/datasets_dependance.py
[2025-07-20T14:57:55.220+0000] {processor.py:914} INFO - Processing file /opt/airflow/dags/datasets_dependance.py for tasks to queue
[2025-07-20T14:57:55.223+0000] {logging_mixin.py:190} INFO - [2025-07-20T14:57:55.222+0000] {dagbag.py:588} INFO - Filling up the DagBag from /opt/airflow/dags/datasets_dependance.py
[2025-07-20T14:57:55.720+0000] {processor.py:925} INFO - DAG(s) 'dag_c', 'dag_b', 'dag_a' retrieved from /opt/airflow/dags/datasets_dependance.py
[2025-07-20T14:57:55.751+0000] {logging_mixin.py:190} INFO - [2025-07-20T14:57:55.750+0000] {dag.py:3239} INFO - Sync 3 DAGs
[2025-07-20T14:57:55.775+0000] {logging_mixin.py:190} INFO - [2025-07-20T14:57:55.775+0000] {dag.py:4180} INFO - Setting next_dagrun for dag_a to 2025-07-19 00:00:00+00:00, run_after=2025-07-20 00:00:00+00:00
[2025-07-20T14:57:55.780+0000] {logging_mixin.py:190} INFO - [2025-07-20T14:57:55.780+0000] {dag.py:4180} INFO - Setting next_dagrun for dag_b to None, run_after=None
[2025-07-20T14:57:55.783+0000] {logging_mixin.py:190} INFO - [2025-07-20T14:57:55.782+0000] {dag.py:4180} INFO - Setting next_dagrun for dag_c to None, run_after=None
[2025-07-20T14:57:55.810+0000] {processor.py:208} INFO - Processing /opt/airflow/dags/datasets_dependance.py took 0.598 seconds
[2025-07-20T14:58:26.481+0000] {processor.py:186} INFO - Started process (PID=782) to work on /opt/airflow/dags/datasets_dependance.py
[2025-07-20T14:58:26.482+0000] {processor.py:914} INFO - Processing file /opt/airflow/dags/datasets_dependance.py for tasks to queue
[2025-07-20T14:58:26.485+0000] {logging_mixin.py:190} INFO - [2025-07-20T14:58:26.484+0000] {dagbag.py:588} INFO - Filling up the DagBag from /opt/airflow/dags/datasets_dependance.py
[2025-07-20T14:58:27.051+0000] {processor.py:925} INFO - DAG(s) 'dag_a', 'dag_b', 'dag_c' retrieved from /opt/airflow/dags/datasets_dependance.py
[2025-07-20T14:58:27.080+0000] {logging_mixin.py:190} INFO - [2025-07-20T14:58:27.080+0000] {dag.py:3239} INFO - Sync 3 DAGs
[2025-07-20T14:58:27.106+0000] {logging_mixin.py:190} INFO - [2025-07-20T14:58:27.105+0000] {dag.py:4180} INFO - Setting next_dagrun for dag_a to 2025-07-19 00:00:00+00:00, run_after=2025-07-20 00:00:00+00:00
[2025-07-20T14:58:27.110+0000] {logging_mixin.py:190} INFO - [2025-07-20T14:58:27.110+0000] {dag.py:4180} INFO - Setting next_dagrun for dag_b to None, run_after=None
[2025-07-20T14:58:27.112+0000] {logging_mixin.py:190} INFO - [2025-07-20T14:58:27.111+0000] {dag.py:4180} INFO - Setting next_dagrun for dag_c to None, run_after=None
[2025-07-20T14:58:27.141+0000] {processor.py:208} INFO - Processing /opt/airflow/dags/datasets_dependance.py took 0.668 seconds
[2025-07-20T14:58:57.680+0000] {processor.py:186} INFO - Started process (PID=814) to work on /opt/airflow/dags/datasets_dependance.py
[2025-07-20T14:58:57.681+0000] {processor.py:914} INFO - Processing file /opt/airflow/dags/datasets_dependance.py for tasks to queue
[2025-07-20T14:58:57.684+0000] {logging_mixin.py:190} INFO - [2025-07-20T14:58:57.684+0000] {dagbag.py:588} INFO - Filling up the DagBag from /opt/airflow/dags/datasets_dependance.py
[2025-07-20T14:58:58.198+0000] {processor.py:925} INFO - DAG(s) 'dag_a', 'dag_c', 'dag_b' retrieved from /opt/airflow/dags/datasets_dependance.py
[2025-07-20T14:58:58.229+0000] {logging_mixin.py:190} INFO - [2025-07-20T14:58:58.228+0000] {dag.py:3239} INFO - Sync 3 DAGs
[2025-07-20T14:58:58.251+0000] {logging_mixin.py:190} INFO - [2025-07-20T14:58:58.251+0000] {dag.py:4180} INFO - Setting next_dagrun for dag_a to 2025-07-19 00:00:00+00:00, run_after=2025-07-20 00:00:00+00:00
[2025-07-20T14:58:58.255+0000] {logging_mixin.py:190} INFO - [2025-07-20T14:58:58.255+0000] {dag.py:4180} INFO - Setting next_dagrun for dag_b to None, run_after=None
[2025-07-20T14:58:58.257+0000] {logging_mixin.py:190} INFO - [2025-07-20T14:58:58.257+0000] {dag.py:4180} INFO - Setting next_dagrun for dag_c to None, run_after=None
[2025-07-20T14:58:58.280+0000] {processor.py:208} INFO - Processing /opt/airflow/dags/datasets_dependance.py took 0.609 seconds
[2025-07-20T14:59:28.974+0000] {processor.py:186} INFO - Started process (PID=846) to work on /opt/airflow/dags/datasets_dependance.py
[2025-07-20T14:59:28.976+0000] {processor.py:914} INFO - Processing file /opt/airflow/dags/datasets_dependance.py for tasks to queue
[2025-07-20T14:59:28.978+0000] {logging_mixin.py:190} INFO - [2025-07-20T14:59:28.978+0000] {dagbag.py:588} INFO - Filling up the DagBag from /opt/airflow/dags/datasets_dependance.py
[2025-07-20T14:59:29.410+0000] {processor.py:925} INFO - DAG(s) 'dag_c', 'dag_a', 'dag_b' retrieved from /opt/airflow/dags/datasets_dependance.py
[2025-07-20T14:59:29.436+0000] {logging_mixin.py:190} INFO - [2025-07-20T14:59:29.436+0000] {dag.py:3239} INFO - Sync 3 DAGs
[2025-07-20T14:59:29.457+0000] {logging_mixin.py:190} INFO - [2025-07-20T14:59:29.457+0000] {dag.py:4180} INFO - Setting next_dagrun for dag_a to 2025-07-19 00:00:00+00:00, run_after=2025-07-20 00:00:00+00:00
[2025-07-20T14:59:29.461+0000] {logging_mixin.py:190} INFO - [2025-07-20T14:59:29.461+0000] {dag.py:4180} INFO - Setting next_dagrun for dag_b to None, run_after=None
[2025-07-20T14:59:29.463+0000] {logging_mixin.py:190} INFO - [2025-07-20T14:59:29.463+0000] {dag.py:4180} INFO - Setting next_dagrun for dag_c to None, run_after=None
[2025-07-20T14:59:29.487+0000] {processor.py:208} INFO - Processing /opt/airflow/dags/datasets_dependance.py took 0.518 seconds
[2025-07-20T14:59:59.710+0000] {processor.py:186} INFO - Started process (PID=878) to work on /opt/airflow/dags/datasets_dependance.py
[2025-07-20T14:59:59.711+0000] {processor.py:914} INFO - Processing file /opt/airflow/dags/datasets_dependance.py for tasks to queue
[2025-07-20T14:59:59.714+0000] {logging_mixin.py:190} INFO - [2025-07-20T14:59:59.714+0000] {dagbag.py:588} INFO - Filling up the DagBag from /opt/airflow/dags/datasets_dependance.py
[2025-07-20T15:00:00.159+0000] {processor.py:925} INFO - DAG(s) 'dag_a', 'dag_c', 'dag_b' retrieved from /opt/airflow/dags/datasets_dependance.py
[2025-07-20T15:00:00.194+0000] {logging_mixin.py:190} INFO - [2025-07-20T15:00:00.194+0000] {dag.py:3239} INFO - Sync 3 DAGs
[2025-07-20T15:00:00.227+0000] {logging_mixin.py:190} INFO - [2025-07-20T15:00:00.226+0000] {dag.py:4180} INFO - Setting next_dagrun for dag_a to 2025-07-19 00:00:00+00:00, run_after=2025-07-20 00:00:00+00:00
[2025-07-20T15:00:00.233+0000] {logging_mixin.py:190} INFO - [2025-07-20T15:00:00.233+0000] {dag.py:4180} INFO - Setting next_dagrun for dag_b to None, run_after=None
[2025-07-20T15:00:00.236+0000] {logging_mixin.py:190} INFO - [2025-07-20T15:00:00.235+0000] {dag.py:4180} INFO - Setting next_dagrun for dag_c to None, run_after=None
[2025-07-20T15:00:00.262+0000] {processor.py:208} INFO - Processing /opt/airflow/dags/datasets_dependance.py took 0.558 seconds
[2025-07-20T15:00:30.388+0000] {processor.py:186} INFO - Started process (PID=910) to work on /opt/airflow/dags/datasets_dependance.py
[2025-07-20T15:00:30.389+0000] {processor.py:914} INFO - Processing file /opt/airflow/dags/datasets_dependance.py for tasks to queue
[2025-07-20T15:00:30.392+0000] {logging_mixin.py:190} INFO - [2025-07-20T15:00:30.391+0000] {dagbag.py:588} INFO - Filling up the DagBag from /opt/airflow/dags/datasets_dependance.py
[2025-07-20T15:00:30.963+0000] {processor.py:925} INFO - DAG(s) 'dag_c', 'dag_a', 'dag_b' retrieved from /opt/airflow/dags/datasets_dependance.py
[2025-07-20T15:00:30.996+0000] {logging_mixin.py:190} INFO - [2025-07-20T15:00:30.996+0000] {dag.py:3239} INFO - Sync 3 DAGs
[2025-07-20T15:00:31.021+0000] {logging_mixin.py:190} INFO - [2025-07-20T15:00:31.021+0000] {dag.py:4180} INFO - Setting next_dagrun for dag_a to 2025-07-19 00:00:00+00:00, run_after=2025-07-20 00:00:00+00:00
[2025-07-20T15:00:31.026+0000] {logging_mixin.py:190} INFO - [2025-07-20T15:00:31.025+0000] {dag.py:4180} INFO - Setting next_dagrun for dag_b to None, run_after=None
[2025-07-20T15:00:31.028+0000] {logging_mixin.py:190} INFO - [2025-07-20T15:00:31.028+0000] {dag.py:4180} INFO - Setting next_dagrun for dag_c to None, run_after=None
[2025-07-20T15:00:31.055+0000] {processor.py:208} INFO - Processing /opt/airflow/dags/datasets_dependance.py took 0.674 seconds
[2025-07-20T15:01:01.596+0000] {processor.py:186} INFO - Started process (PID=942) to work on /opt/airflow/dags/datasets_dependance.py
[2025-07-20T15:01:01.597+0000] {processor.py:914} INFO - Processing file /opt/airflow/dags/datasets_dependance.py for tasks to queue
[2025-07-20T15:01:01.599+0000] {logging_mixin.py:190} INFO - [2025-07-20T15:01:01.599+0000] {dagbag.py:588} INFO - Filling up the DagBag from /opt/airflow/dags/datasets_dependance.py
[2025-07-20T15:01:02.118+0000] {processor.py:925} INFO - DAG(s) 'dag_a', 'dag_b', 'dag_c' retrieved from /opt/airflow/dags/datasets_dependance.py
[2025-07-20T15:01:02.147+0000] {logging_mixin.py:190} INFO - [2025-07-20T15:01:02.146+0000] {dag.py:3239} INFO - Sync 3 DAGs
[2025-07-20T15:01:02.170+0000] {logging_mixin.py:190} INFO - [2025-07-20T15:01:02.170+0000] {dag.py:4180} INFO - Setting next_dagrun for dag_a to 2025-07-19 00:00:00+00:00, run_after=2025-07-20 00:00:00+00:00
[2025-07-20T15:01:02.175+0000] {logging_mixin.py:190} INFO - [2025-07-20T15:01:02.175+0000] {dag.py:4180} INFO - Setting next_dagrun for dag_b to None, run_after=None
[2025-07-20T15:01:02.177+0000] {logging_mixin.py:190} INFO - [2025-07-20T15:01:02.177+0000] {dag.py:4180} INFO - Setting next_dagrun for dag_c to None, run_after=None
[2025-07-20T15:01:02.206+0000] {processor.py:208} INFO - Processing /opt/airflow/dags/datasets_dependance.py took 0.617 seconds
[2025-07-20T15:01:32.359+0000] {processor.py:186} INFO - Started process (PID=974) to work on /opt/airflow/dags/datasets_dependance.py
[2025-07-20T15:01:32.360+0000] {processor.py:914} INFO - Processing file /opt/airflow/dags/datasets_dependance.py for tasks to queue
[2025-07-20T15:01:32.363+0000] {logging_mixin.py:190} INFO - [2025-07-20T15:01:32.363+0000] {dagbag.py:588} INFO - Filling up the DagBag from /opt/airflow/dags/datasets_dependance.py
[2025-07-20T15:01:32.824+0000] {processor.py:925} INFO - DAG(s) 'dag_a', 'dag_b', 'dag_c' retrieved from /opt/airflow/dags/datasets_dependance.py
[2025-07-20T15:01:32.851+0000] {logging_mixin.py:190} INFO - [2025-07-20T15:01:32.851+0000] {dag.py:3239} INFO - Sync 3 DAGs
[2025-07-20T15:01:32.872+0000] {logging_mixin.py:190} INFO - [2025-07-20T15:01:32.872+0000] {dag.py:4180} INFO - Setting next_dagrun for dag_a to 2025-07-19 00:00:00+00:00, run_after=2025-07-20 00:00:00+00:00
[2025-07-20T15:01:32.876+0000] {logging_mixin.py:190} INFO - [2025-07-20T15:01:32.876+0000] {dag.py:4180} INFO - Setting next_dagrun for dag_b to None, run_after=None
[2025-07-20T15:01:32.878+0000] {logging_mixin.py:190} INFO - [2025-07-20T15:01:32.878+0000] {dag.py:4180} INFO - Setting next_dagrun for dag_c to None, run_after=None
[2025-07-20T15:01:32.901+0000] {processor.py:208} INFO - Processing /opt/airflow/dags/datasets_dependance.py took 0.548 seconds
[2025-07-20T15:02:03.036+0000] {processor.py:186} INFO - Started process (PID=1006) to work on /opt/airflow/dags/datasets_dependance.py
[2025-07-20T15:02:03.037+0000] {processor.py:914} INFO - Processing file /opt/airflow/dags/datasets_dependance.py for tasks to queue
[2025-07-20T15:02:03.040+0000] {logging_mixin.py:190} INFO - [2025-07-20T15:02:03.040+0000] {dagbag.py:588} INFO - Filling up the DagBag from /opt/airflow/dags/datasets_dependance.py
[2025-07-20T15:02:03.493+0000] {processor.py:925} INFO - DAG(s) 'dag_a', 'dag_b', 'dag_c' retrieved from /opt/airflow/dags/datasets_dependance.py
[2025-07-20T15:02:03.520+0000] {logging_mixin.py:190} INFO - [2025-07-20T15:02:03.520+0000] {dag.py:3239} INFO - Sync 3 DAGs
[2025-07-20T15:02:03.541+0000] {logging_mixin.py:190} INFO - [2025-07-20T15:02:03.540+0000] {dag.py:4180} INFO - Setting next_dagrun for dag_a to 2025-07-19 00:00:00+00:00, run_after=2025-07-20 00:00:00+00:00
[2025-07-20T15:02:03.544+0000] {logging_mixin.py:190} INFO - [2025-07-20T15:02:03.544+0000] {dag.py:4180} INFO - Setting next_dagrun for dag_b to None, run_after=None
[2025-07-20T15:02:03.546+0000] {logging_mixin.py:190} INFO - [2025-07-20T15:02:03.546+0000] {dag.py:4180} INFO - Setting next_dagrun for dag_c to None, run_after=None
[2025-07-20T15:02:03.569+0000] {processor.py:208} INFO - Processing /opt/airflow/dags/datasets_dependance.py took 0.539 seconds
[2025-07-20T15:02:33.678+0000] {processor.py:186} INFO - Started process (PID=1038) to work on /opt/airflow/dags/datasets_dependance.py
[2025-07-20T15:02:33.679+0000] {processor.py:914} INFO - Processing file /opt/airflow/dags/datasets_dependance.py for tasks to queue
[2025-07-20T15:02:33.682+0000] {logging_mixin.py:190} INFO - [2025-07-20T15:02:33.682+0000] {dagbag.py:588} INFO - Filling up the DagBag from /opt/airflow/dags/datasets_dependance.py
[2025-07-20T15:02:34.155+0000] {processor.py:925} INFO - DAG(s) 'dag_a', 'dag_c', 'dag_b' retrieved from /opt/airflow/dags/datasets_dependance.py
[2025-07-20T15:02:34.184+0000] {logging_mixin.py:190} INFO - [2025-07-20T15:02:34.183+0000] {dag.py:3239} INFO - Sync 3 DAGs
[2025-07-20T15:02:34.206+0000] {logging_mixin.py:190} INFO - [2025-07-20T15:02:34.206+0000] {dag.py:4180} INFO - Setting next_dagrun for dag_a to 2025-07-19 00:00:00+00:00, run_after=2025-07-20 00:00:00+00:00
[2025-07-20T15:02:34.210+0000] {logging_mixin.py:190} INFO - [2025-07-20T15:02:34.210+0000] {dag.py:4180} INFO - Setting next_dagrun for dag_b to None, run_after=None
[2025-07-20T15:02:34.211+0000] {logging_mixin.py:190} INFO - [2025-07-20T15:02:34.211+0000] {dag.py:4180} INFO - Setting next_dagrun for dag_c to None, run_after=None
[2025-07-20T15:02:34.233+0000] {processor.py:208} INFO - Processing /opt/airflow/dags/datasets_dependance.py took 0.561 seconds
[2025-07-20T15:03:04.810+0000] {processor.py:186} INFO - Started process (PID=1070) to work on /opt/airflow/dags/datasets_dependance.py
[2025-07-20T15:03:04.811+0000] {processor.py:914} INFO - Processing file /opt/airflow/dags/datasets_dependance.py for tasks to queue
[2025-07-20T15:03:04.814+0000] {logging_mixin.py:190} INFO - [2025-07-20T15:03:04.814+0000] {dagbag.py:588} INFO - Filling up the DagBag from /opt/airflow/dags/datasets_dependance.py
[2025-07-20T15:03:05.359+0000] {processor.py:925} INFO - DAG(s) 'dag_c', 'dag_b', 'dag_a' retrieved from /opt/airflow/dags/datasets_dependance.py
[2025-07-20T15:03:05.387+0000] {logging_mixin.py:190} INFO - [2025-07-20T15:03:05.387+0000] {dag.py:3239} INFO - Sync 3 DAGs
[2025-07-20T15:03:05.411+0000] {logging_mixin.py:190} INFO - [2025-07-20T15:03:05.410+0000] {dag.py:4180} INFO - Setting next_dagrun for dag_a to 2025-07-19 00:00:00+00:00, run_after=2025-07-20 00:00:00+00:00
[2025-07-20T15:03:05.416+0000] {logging_mixin.py:190} INFO - [2025-07-20T15:03:05.415+0000] {dag.py:4180} INFO - Setting next_dagrun for dag_b to None, run_after=None
[2025-07-20T15:03:05.417+0000] {logging_mixin.py:190} INFO - [2025-07-20T15:03:05.417+0000] {dag.py:4180} INFO - Setting next_dagrun for dag_c to None, run_after=None
[2025-07-20T15:03:05.442+0000] {processor.py:208} INFO - Processing /opt/airflow/dags/datasets_dependance.py took 0.644 seconds
[2025-07-20T15:03:36.186+0000] {processor.py:186} INFO - Started process (PID=1102) to work on /opt/airflow/dags/datasets_dependance.py
[2025-07-20T15:03:36.187+0000] {processor.py:914} INFO - Processing file /opt/airflow/dags/datasets_dependance.py for tasks to queue
[2025-07-20T15:03:36.189+0000] {logging_mixin.py:190} INFO - [2025-07-20T15:03:36.189+0000] {dagbag.py:588} INFO - Filling up the DagBag from /opt/airflow/dags/datasets_dependance.py
[2025-07-20T15:03:36.674+0000] {processor.py:925} INFO - DAG(s) 'dag_b', 'dag_a', 'dag_c' retrieved from /opt/airflow/dags/datasets_dependance.py
[2025-07-20T15:03:36.702+0000] {logging_mixin.py:190} INFO - [2025-07-20T15:03:36.701+0000] {dag.py:3239} INFO - Sync 3 DAGs
[2025-07-20T15:03:36.724+0000] {logging_mixin.py:190} INFO - [2025-07-20T15:03:36.724+0000] {dag.py:4180} INFO - Setting next_dagrun for dag_a to 2025-07-19 00:00:00+00:00, run_after=2025-07-20 00:00:00+00:00
[2025-07-20T15:03:36.728+0000] {logging_mixin.py:190} INFO - [2025-07-20T15:03:36.728+0000] {dag.py:4180} INFO - Setting next_dagrun for dag_b to None, run_after=None
[2025-07-20T15:03:36.729+0000] {logging_mixin.py:190} INFO - [2025-07-20T15:03:36.729+0000] {dag.py:4180} INFO - Setting next_dagrun for dag_c to None, run_after=None
[2025-07-20T15:03:36.752+0000] {processor.py:208} INFO - Processing /opt/airflow/dags/datasets_dependance.py took 0.573 seconds
[2025-07-20T15:04:07.410+0000] {processor.py:186} INFO - Started process (PID=1134) to work on /opt/airflow/dags/datasets_dependance.py
[2025-07-20T15:04:07.411+0000] {processor.py:914} INFO - Processing file /opt/airflow/dags/datasets_dependance.py for tasks to queue
[2025-07-20T15:04:07.414+0000] {logging_mixin.py:190} INFO - [2025-07-20T15:04:07.413+0000] {dagbag.py:588} INFO - Filling up the DagBag from /opt/airflow/dags/datasets_dependance.py
[2025-07-20T15:04:07.903+0000] {processor.py:925} INFO - DAG(s) 'dag_c', 'dag_a', 'dag_b' retrieved from /opt/airflow/dags/datasets_dependance.py
[2025-07-20T15:04:07.932+0000] {logging_mixin.py:190} INFO - [2025-07-20T15:04:07.931+0000] {dag.py:3239} INFO - Sync 3 DAGs
[2025-07-20T15:04:07.959+0000] {logging_mixin.py:190} INFO - [2025-07-20T15:04:07.959+0000] {dag.py:4180} INFO - Setting next_dagrun for dag_a to 2025-07-19 00:00:00+00:00, run_after=2025-07-20 00:00:00+00:00
[2025-07-20T15:04:07.964+0000] {logging_mixin.py:190} INFO - [2025-07-20T15:04:07.964+0000] {dag.py:4180} INFO - Setting next_dagrun for dag_b to None, run_after=None
[2025-07-20T15:04:07.966+0000] {logging_mixin.py:190} INFO - [2025-07-20T15:04:07.966+0000] {dag.py:4180} INFO - Setting next_dagrun for dag_c to None, run_after=None
[2025-07-20T15:04:07.989+0000] {processor.py:208} INFO - Processing /opt/airflow/dags/datasets_dependance.py took 0.586 seconds
[2025-07-20T15:04:38.317+0000] {processor.py:186} INFO - Started process (PID=1166) to work on /opt/airflow/dags/datasets_dependance.py
[2025-07-20T15:04:38.318+0000] {processor.py:914} INFO - Processing file /opt/airflow/dags/datasets_dependance.py for tasks to queue
[2025-07-20T15:04:38.321+0000] {logging_mixin.py:190} INFO - [2025-07-20T15:04:38.321+0000] {dagbag.py:588} INFO - Filling up the DagBag from /opt/airflow/dags/datasets_dependance.py
[2025-07-20T15:04:38.783+0000] {processor.py:925} INFO - DAG(s) 'dag_c', 'dag_b', 'dag_a' retrieved from /opt/airflow/dags/datasets_dependance.py
[2025-07-20T15:04:38.815+0000] {logging_mixin.py:190} INFO - [2025-07-20T15:04:38.814+0000] {dag.py:3239} INFO - Sync 3 DAGs
[2025-07-20T15:04:38.838+0000] {logging_mixin.py:190} INFO - [2025-07-20T15:04:38.837+0000] {dag.py:4180} INFO - Setting next_dagrun for dag_a to 2025-07-19 00:00:00+00:00, run_after=2025-07-20 00:00:00+00:00
[2025-07-20T15:04:38.842+0000] {logging_mixin.py:190} INFO - [2025-07-20T15:04:38.841+0000] {dag.py:4180} INFO - Setting next_dagrun for dag_b to None, run_after=None
[2025-07-20T15:04:38.843+0000] {logging_mixin.py:190} INFO - [2025-07-20T15:04:38.843+0000] {dag.py:4180} INFO - Setting next_dagrun for dag_c to None, run_after=None
[2025-07-20T15:04:38.869+0000] {processor.py:208} INFO - Processing /opt/airflow/dags/datasets_dependance.py took 0.558 seconds
[2025-07-20T15:05:08.935+0000] {processor.py:186} INFO - Started process (PID=1198) to work on /opt/airflow/dags/datasets_dependance.py
[2025-07-20T15:05:08.937+0000] {processor.py:914} INFO - Processing file /opt/airflow/dags/datasets_dependance.py for tasks to queue
[2025-07-20T15:05:08.939+0000] {logging_mixin.py:190} INFO - [2025-07-20T15:05:08.939+0000] {dagbag.py:588} INFO - Filling up the DagBag from /opt/airflow/dags/datasets_dependance.py
[2025-07-20T15:05:09.422+0000] {processor.py:925} INFO - DAG(s) 'dag_c', 'dag_b', 'dag_a' retrieved from /opt/airflow/dags/datasets_dependance.py
[2025-07-20T15:05:09.455+0000] {logging_mixin.py:190} INFO - [2025-07-20T15:05:09.455+0000] {dag.py:3239} INFO - Sync 3 DAGs
[2025-07-20T15:05:09.479+0000] {logging_mixin.py:190} INFO - [2025-07-20T15:05:09.478+0000] {dag.py:4180} INFO - Setting next_dagrun for dag_a to 2025-07-19 00:00:00+00:00, run_after=2025-07-20 00:00:00+00:00
[2025-07-20T15:05:09.483+0000] {logging_mixin.py:190} INFO - [2025-07-20T15:05:09.483+0000] {dag.py:4180} INFO - Setting next_dagrun for dag_b to None, run_after=None
[2025-07-20T15:05:09.485+0000] {logging_mixin.py:190} INFO - [2025-07-20T15:05:09.484+0000] {dag.py:4180} INFO - Setting next_dagrun for dag_c to None, run_after=None
[2025-07-20T15:05:09.507+0000] {processor.py:208} INFO - Processing /opt/airflow/dags/datasets_dependance.py took 0.578 seconds
[2025-07-20T15:05:40.048+0000] {processor.py:186} INFO - Started process (PID=1230) to work on /opt/airflow/dags/datasets_dependance.py
[2025-07-20T15:05:40.050+0000] {processor.py:914} INFO - Processing file /opt/airflow/dags/datasets_dependance.py for tasks to queue
[2025-07-20T15:05:40.058+0000] {logging_mixin.py:190} INFO - [2025-07-20T15:05:40.057+0000] {dagbag.py:588} INFO - Filling up the DagBag from /opt/airflow/dags/datasets_dependance.py
[2025-07-20T15:05:40.659+0000] {processor.py:925} INFO - DAG(s) 'dag_c', 'dag_b', 'dag_a' retrieved from /opt/airflow/dags/datasets_dependance.py
[2025-07-20T15:05:40.689+0000] {logging_mixin.py:190} INFO - [2025-07-20T15:05:40.689+0000] {dag.py:3239} INFO - Sync 3 DAGs
[2025-07-20T15:05:40.712+0000] {logging_mixin.py:190} INFO - [2025-07-20T15:05:40.712+0000] {dag.py:4180} INFO - Setting next_dagrun for dag_a to 2025-07-19 00:00:00+00:00, run_after=2025-07-20 00:00:00+00:00
[2025-07-20T15:05:40.716+0000] {logging_mixin.py:190} INFO - [2025-07-20T15:05:40.716+0000] {dag.py:4180} INFO - Setting next_dagrun for dag_b to None, run_after=None
[2025-07-20T15:05:40.718+0000] {logging_mixin.py:190} INFO - [2025-07-20T15:05:40.718+0000] {dag.py:4180} INFO - Setting next_dagrun for dag_c to None, run_after=None
[2025-07-20T15:05:40.746+0000] {processor.py:208} INFO - Processing /opt/airflow/dags/datasets_dependance.py took 0.712 seconds
[2025-07-20T15:06:11.272+0000] {processor.py:186} INFO - Started process (PID=1268) to work on /opt/airflow/dags/datasets_dependance.py
[2025-07-20T15:06:11.273+0000] {processor.py:914} INFO - Processing file /opt/airflow/dags/datasets_dependance.py for tasks to queue
[2025-07-20T15:06:11.276+0000] {logging_mixin.py:190} INFO - [2025-07-20T15:06:11.276+0000] {dagbag.py:588} INFO - Filling up the DagBag from /opt/airflow/dags/datasets_dependance.py
[2025-07-20T15:06:11.729+0000] {processor.py:925} INFO - DAG(s) 'dag_b', 'dag_a', 'dag_c' retrieved from /opt/airflow/dags/datasets_dependance.py
[2025-07-20T15:06:11.754+0000] {logging_mixin.py:190} INFO - [2025-07-20T15:06:11.754+0000] {dag.py:3239} INFO - Sync 3 DAGs
[2025-07-20T15:06:11.775+0000] {logging_mixin.py:190} INFO - [2025-07-20T15:06:11.775+0000] {dag.py:4180} INFO - Setting next_dagrun for dag_a to 2025-07-19 00:00:00+00:00, run_after=2025-07-20 00:00:00+00:00
[2025-07-20T15:06:11.778+0000] {logging_mixin.py:190} INFO - [2025-07-20T15:06:11.778+0000] {dag.py:4180} INFO - Setting next_dagrun for dag_b to None, run_after=None
[2025-07-20T15:06:11.780+0000] {logging_mixin.py:190} INFO - [2025-07-20T15:06:11.780+0000] {dag.py:4180} INFO - Setting next_dagrun for dag_c to None, run_after=None
[2025-07-20T15:06:11.801+0000] {processor.py:208} INFO - Processing /opt/airflow/dags/datasets_dependance.py took 0.536 seconds
[2025-07-20T15:06:42.264+0000] {processor.py:186} INFO - Started process (PID=1300) to work on /opt/airflow/dags/datasets_dependance.py
[2025-07-20T15:06:42.266+0000] {processor.py:914} INFO - Processing file /opt/airflow/dags/datasets_dependance.py for tasks to queue
[2025-07-20T15:06:42.268+0000] {logging_mixin.py:190} INFO - [2025-07-20T15:06:42.268+0000] {dagbag.py:588} INFO - Filling up the DagBag from /opt/airflow/dags/datasets_dependance.py
[2025-07-20T15:06:42.731+0000] {processor.py:925} INFO - DAG(s) 'dag_a', 'dag_c', 'dag_b' retrieved from /opt/airflow/dags/datasets_dependance.py
[2025-07-20T15:06:42.759+0000] {logging_mixin.py:190} INFO - [2025-07-20T15:06:42.758+0000] {dag.py:3239} INFO - Sync 3 DAGs
[2025-07-20T15:06:42.782+0000] {logging_mixin.py:190} INFO - [2025-07-20T15:06:42.781+0000] {dag.py:4180} INFO - Setting next_dagrun for dag_a to 2025-07-19 00:00:00+00:00, run_after=2025-07-20 00:00:00+00:00
[2025-07-20T15:06:42.785+0000] {logging_mixin.py:190} INFO - [2025-07-20T15:06:42.785+0000] {dag.py:4180} INFO - Setting next_dagrun for dag_b to None, run_after=None
[2025-07-20T15:06:42.787+0000] {logging_mixin.py:190} INFO - [2025-07-20T15:06:42.787+0000] {dag.py:4180} INFO - Setting next_dagrun for dag_c to None, run_after=None
[2025-07-20T15:06:42.808+0000] {processor.py:208} INFO - Processing /opt/airflow/dags/datasets_dependance.py took 0.551 seconds
[2025-07-20T15:07:13.467+0000] {processor.py:186} INFO - Started process (PID=1332) to work on /opt/airflow/dags/datasets_dependance.py
[2025-07-20T15:07:13.468+0000] {processor.py:914} INFO - Processing file /opt/airflow/dags/datasets_dependance.py for tasks to queue
[2025-07-20T15:07:13.471+0000] {logging_mixin.py:190} INFO - [2025-07-20T15:07:13.470+0000] {dagbag.py:588} INFO - Filling up the DagBag from /opt/airflow/dags/datasets_dependance.py
[2025-07-20T15:07:13.910+0000] {processor.py:925} INFO - DAG(s) 'dag_c', 'dag_a', 'dag_b' retrieved from /opt/airflow/dags/datasets_dependance.py
[2025-07-20T15:07:13.937+0000] {logging_mixin.py:190} INFO - [2025-07-20T15:07:13.937+0000] {dag.py:3239} INFO - Sync 3 DAGs
[2025-07-20T15:07:13.957+0000] {logging_mixin.py:190} INFO - [2025-07-20T15:07:13.956+0000] {dag.py:4180} INFO - Setting next_dagrun for dag_a to 2025-07-19 00:00:00+00:00, run_after=2025-07-20 00:00:00+00:00
[2025-07-20T15:07:13.960+0000] {logging_mixin.py:190} INFO - [2025-07-20T15:07:13.960+0000] {dag.py:4180} INFO - Setting next_dagrun for dag_b to None, run_after=None
[2025-07-20T15:07:13.962+0000] {logging_mixin.py:190} INFO - [2025-07-20T15:07:13.961+0000] {dag.py:4180} INFO - Setting next_dagrun for dag_c to None, run_after=None
[2025-07-20T15:07:13.983+0000] {processor.py:208} INFO - Processing /opt/airflow/dags/datasets_dependance.py took 0.523 seconds
