[2025-07-20T14:49:07.833+0000] {processor.py:186} INFO - Started process (PID=179) to work on /opt/airflow/dags/Task_groups.py
[2025-07-20T14:49:07.835+0000] {processor.py:914} INFO - Processing file /opt/airflow/dags/Task_groups.py for tasks to queue
[2025-07-20T14:49:07.841+0000] {logging_mixin.py:190} INFO - [2025-07-20T14:49:07.840+0000] {dagbag.py:588} INFO - Filling up the DagBag from /opt/airflow/dags/Task_groups.py
[2025-07-20T14:49:07.987+0000] {logging_mixin.py:190} INFO - [2025-07-20T14:49:07.980+0000] {dagbag.py:387} ERROR - Failed to import: /opt/airflow/dags/Task_groups.py
Traceback (most recent call last):
  File "/home/airflow/.local/lib/python3.12/site-packages/airflow/models/dagbag.py", line 383, in parse
    loader.exec_module(new_module)
  File "<frozen importlib._bootstrap_external>", line 999, in exec_module
  File "<frozen importlib._bootstrap>", line 488, in _call_with_frames_removed
  File "/opt/airflow/dags/Task_groups.py", line 19, in <module>
    with TaskGroup(
         ^^^^^^^^^^
  File "/home/airflow/.local/lib/python3.12/site-packages/airflow/utils/task_group.py", line 132, in __init__
    validate_group_key(group_id)
  File "/home/airflow/.local/lib/python3.12/site-packages/airflow/utils/helpers.py", line 81, in validate_group_key
    raise AirflowException(
airflow.exceptions.AirflowException: The key 'extracting data as a group' has to be made of alphanumeric characters, dashes and underscores exclusively
[2025-07-20T14:49:07.989+0000] {processor.py:927} WARNING - No viable dags retrieved from /opt/airflow/dags/Task_groups.py
[2025-07-20T14:49:08.015+0000] {processor.py:208} INFO - Processing /opt/airflow/dags/Task_groups.py took 0.202 seconds
[2025-07-20T14:49:38.088+0000] {processor.py:186} INFO - Started process (PID=212) to work on /opt/airflow/dags/Task_groups.py
[2025-07-20T14:49:38.089+0000] {processor.py:914} INFO - Processing file /opt/airflow/dags/Task_groups.py for tasks to queue
[2025-07-20T14:49:38.091+0000] {logging_mixin.py:190} INFO - [2025-07-20T14:49:38.091+0000] {dagbag.py:588} INFO - Filling up the DagBag from /opt/airflow/dags/Task_groups.py
[2025-07-20T14:49:38.110+0000] {logging_mixin.py:190} INFO - [2025-07-20T14:49:38.105+0000] {dagbag.py:387} ERROR - Failed to import: /opt/airflow/dags/Task_groups.py
Traceback (most recent call last):
  File "/home/airflow/.local/lib/python3.12/site-packages/airflow/models/dagbag.py", line 383, in parse
    loader.exec_module(new_module)
  File "<frozen importlib._bootstrap_external>", line 999, in exec_module
  File "<frozen importlib._bootstrap>", line 488, in _call_with_frames_removed
  File "/opt/airflow/dags/Task_groups.py", line 19, in <module>
    with TaskGroup(
         ^^^^^^^^^^
  File "/home/airflow/.local/lib/python3.12/site-packages/airflow/utils/task_group.py", line 132, in __init__
    validate_group_key(group_id)
  File "/home/airflow/.local/lib/python3.12/site-packages/airflow/utils/helpers.py", line 81, in validate_group_key
    raise AirflowException(
airflow.exceptions.AirflowException: The key 'extracting data as a group' has to be made of alphanumeric characters, dashes and underscores exclusively
[2025-07-20T14:49:38.111+0000] {processor.py:927} WARNING - No viable dags retrieved from /opt/airflow/dags/Task_groups.py
[2025-07-20T14:49:38.133+0000] {processor.py:208} INFO - Processing /opt/airflow/dags/Task_groups.py took 0.052 seconds
[2025-07-20T14:50:08.831+0000] {processor.py:186} INFO - Started process (PID=244) to work on /opt/airflow/dags/Task_groups.py
[2025-07-20T14:50:08.832+0000] {processor.py:914} INFO - Processing file /opt/airflow/dags/Task_groups.py for tasks to queue
[2025-07-20T14:50:08.834+0000] {logging_mixin.py:190} INFO - [2025-07-20T14:50:08.833+0000] {dagbag.py:588} INFO - Filling up the DagBag from /opt/airflow/dags/Task_groups.py
[2025-07-20T14:50:08.852+0000] {logging_mixin.py:190} INFO - [2025-07-20T14:50:08.847+0000] {dagbag.py:387} ERROR - Failed to import: /opt/airflow/dags/Task_groups.py
Traceback (most recent call last):
  File "/home/airflow/.local/lib/python3.12/site-packages/airflow/models/dagbag.py", line 383, in parse
    loader.exec_module(new_module)
  File "<frozen importlib._bootstrap_external>", line 999, in exec_module
  File "<frozen importlib._bootstrap>", line 488, in _call_with_frames_removed
  File "/opt/airflow/dags/Task_groups.py", line 19, in <module>
    with TaskGroup(
         ^^^^^^^^^^
  File "/home/airflow/.local/lib/python3.12/site-packages/airflow/utils/task_group.py", line 132, in __init__
    validate_group_key(group_id)
  File "/home/airflow/.local/lib/python3.12/site-packages/airflow/utils/helpers.py", line 81, in validate_group_key
    raise AirflowException(
airflow.exceptions.AirflowException: The key 'extracting data as a group' has to be made of alphanumeric characters, dashes and underscores exclusively
[2025-07-20T14:50:08.853+0000] {processor.py:927} WARNING - No viable dags retrieved from /opt/airflow/dags/Task_groups.py
[2025-07-20T14:50:08.873+0000] {processor.py:208} INFO - Processing /opt/airflow/dags/Task_groups.py took 0.050 seconds
[2025-07-20T14:50:39.571+0000] {processor.py:186} INFO - Started process (PID=282) to work on /opt/airflow/dags/Task_groups.py
[2025-07-20T14:50:39.572+0000] {processor.py:914} INFO - Processing file /opt/airflow/dags/Task_groups.py for tasks to queue
[2025-07-20T14:50:39.575+0000] {logging_mixin.py:190} INFO - [2025-07-20T14:50:39.575+0000] {dagbag.py:588} INFO - Filling up the DagBag from /opt/airflow/dags/Task_groups.py
[2025-07-20T14:50:39.594+0000] {logging_mixin.py:190} INFO - [2025-07-20T14:50:39.590+0000] {dagbag.py:387} ERROR - Failed to import: /opt/airflow/dags/Task_groups.py
Traceback (most recent call last):
  File "/home/airflow/.local/lib/python3.12/site-packages/airflow/models/dagbag.py", line 383, in parse
    loader.exec_module(new_module)
  File "<frozen importlib._bootstrap_external>", line 999, in exec_module
  File "<frozen importlib._bootstrap>", line 488, in _call_with_frames_removed
  File "/opt/airflow/dags/Task_groups.py", line 19, in <module>
    with TaskGroup(
         ^^^^^^^^^^
  File "/home/airflow/.local/lib/python3.12/site-packages/airflow/utils/task_group.py", line 132, in __init__
    validate_group_key(group_id)
  File "/home/airflow/.local/lib/python3.12/site-packages/airflow/utils/helpers.py", line 81, in validate_group_key
    raise AirflowException(
airflow.exceptions.AirflowException: The key 'extracting data as a group' has to be made of alphanumeric characters, dashes and underscores exclusively
[2025-07-20T14:50:39.595+0000] {processor.py:927} WARNING - No viable dags retrieved from /opt/airflow/dags/Task_groups.py
[2025-07-20T14:50:39.616+0000] {processor.py:208} INFO - Processing /opt/airflow/dags/Task_groups.py took 0.051 seconds
[2025-07-20T14:51:05.319+0000] {processor.py:186} INFO - Started process (PID=308) to work on /opt/airflow/dags/Task_groups.py
[2025-07-20T14:51:05.320+0000] {processor.py:914} INFO - Processing file /opt/airflow/dags/Task_groups.py for tasks to queue
[2025-07-20T14:51:05.323+0000] {logging_mixin.py:190} INFO - [2025-07-20T14:51:05.323+0000] {dagbag.py:588} INFO - Filling up the DagBag from /opt/airflow/dags/Task_groups.py
[2025-07-20T14:51:05.349+0000] {processor.py:925} INFO - DAG(s) 'Task_groups' retrieved from /opt/airflow/dags/Task_groups.py
[2025-07-20T14:51:05.542+0000] {logging_mixin.py:190} INFO - [2025-07-20T14:51:05.541+0000] {override.py:1911} INFO - Created Permission View: can read on DAG:Task_groups
[2025-07-20T14:51:05.559+0000] {logging_mixin.py:190} INFO - [2025-07-20T14:51:05.559+0000] {override.py:1911} INFO - Created Permission View: can delete on DAG:Task_groups
[2025-07-20T14:51:05.570+0000] {logging_mixin.py:190} INFO - [2025-07-20T14:51:05.570+0000] {override.py:1911} INFO - Created Permission View: can edit on DAG:Task_groups
[2025-07-20T14:51:05.584+0000] {logging_mixin.py:190} INFO - [2025-07-20T14:51:05.584+0000] {override.py:1911} INFO - Created Permission View: can create on DAG Run:Task_groups
[2025-07-20T14:51:05.593+0000] {logging_mixin.py:190} INFO - [2025-07-20T14:51:05.593+0000] {override.py:1911} INFO - Created Permission View: can read on DAG Run:Task_groups
[2025-07-20T14:51:05.603+0000] {logging_mixin.py:190} INFO - [2025-07-20T14:51:05.603+0000] {override.py:1911} INFO - Created Permission View: menu access on DAG Run:Task_groups
[2025-07-20T14:51:05.615+0000] {logging_mixin.py:190} INFO - [2025-07-20T14:51:05.614+0000] {override.py:1911} INFO - Created Permission View: can delete on DAG Run:Task_groups
[2025-07-20T14:51:05.615+0000] {logging_mixin.py:190} INFO - [2025-07-20T14:51:05.615+0000] {dag.py:3239} INFO - Sync 1 DAGs
[2025-07-20T14:51:05.631+0000] {logging_mixin.py:190} INFO - [2025-07-20T14:51:05.630+0000] {dag.py:3262} INFO - Creating ORM DAG for Task_groups
[2025-07-20T14:51:05.641+0000] {logging_mixin.py:190} INFO - [2025-07-20T14:51:05.641+0000] {dag.py:4180} INFO - Setting next_dagrun for Task_groups to 2025-07-19 00:00:00+00:00, run_after=2025-07-20 00:00:00+00:00
[2025-07-20T14:51:05.665+0000] {processor.py:208} INFO - Processing /opt/airflow/dags/Task_groups.py took 0.353 seconds
[2025-07-20T14:51:36.305+0000] {processor.py:186} INFO - Started process (PID=340) to work on /opt/airflow/dags/Task_groups.py
[2025-07-20T14:51:36.306+0000] {processor.py:914} INFO - Processing file /opt/airflow/dags/Task_groups.py for tasks to queue
[2025-07-20T14:51:36.308+0000] {logging_mixin.py:190} INFO - [2025-07-20T14:51:36.308+0000] {dagbag.py:588} INFO - Filling up the DagBag from /opt/airflow/dags/Task_groups.py
[2025-07-20T14:51:36.325+0000] {processor.py:925} INFO - DAG(s) 'Task_groups' retrieved from /opt/airflow/dags/Task_groups.py
[2025-07-20T14:51:36.355+0000] {logging_mixin.py:190} INFO - [2025-07-20T14:51:36.355+0000] {dag.py:3239} INFO - Sync 1 DAGs
[2025-07-20T14:51:36.383+0000] {logging_mixin.py:190} INFO - [2025-07-20T14:51:36.382+0000] {dag.py:4180} INFO - Setting next_dagrun for Task_groups to 2025-07-20 00:00:00+00:00, run_after=2025-07-21 00:00:00+00:00
[2025-07-20T14:51:36.406+0000] {processor.py:208} INFO - Processing /opt/airflow/dags/Task_groups.py took 0.109 seconds
[2025-07-20T14:52:06.929+0000] {processor.py:186} INFO - Started process (PID=372) to work on /opt/airflow/dags/Task_groups.py
[2025-07-20T14:52:06.930+0000] {processor.py:914} INFO - Processing file /opt/airflow/dags/Task_groups.py for tasks to queue
[2025-07-20T14:52:06.932+0000] {logging_mixin.py:190} INFO - [2025-07-20T14:52:06.932+0000] {dagbag.py:588} INFO - Filling up the DagBag from /opt/airflow/dags/Task_groups.py
[2025-07-20T14:52:06.952+0000] {processor.py:925} INFO - DAG(s) 'Task_groups' retrieved from /opt/airflow/dags/Task_groups.py
[2025-07-20T14:52:06.979+0000] {logging_mixin.py:190} INFO - [2025-07-20T14:52:06.979+0000] {dag.py:3239} INFO - Sync 1 DAGs
[2025-07-20T14:52:07.004+0000] {logging_mixin.py:190} INFO - [2025-07-20T14:52:07.004+0000] {dag.py:4180} INFO - Setting next_dagrun for Task_groups to 2025-07-20 00:00:00+00:00, run_after=2025-07-21 00:00:00+00:00
[2025-07-20T14:52:07.023+0000] {processor.py:208} INFO - Processing /opt/airflow/dags/Task_groups.py took 0.101 seconds
[2025-07-20T14:52:37.177+0000] {processor.py:186} INFO - Started process (PID=404) to work on /opt/airflow/dags/Task_groups.py
[2025-07-20T14:52:37.178+0000] {processor.py:914} INFO - Processing file /opt/airflow/dags/Task_groups.py for tasks to queue
[2025-07-20T14:52:37.180+0000] {logging_mixin.py:190} INFO - [2025-07-20T14:52:37.180+0000] {dagbag.py:588} INFO - Filling up the DagBag from /opt/airflow/dags/Task_groups.py
[2025-07-20T14:52:37.205+0000] {processor.py:925} INFO - DAG(s) 'Task_groups' retrieved from /opt/airflow/dags/Task_groups.py
[2025-07-20T14:52:37.237+0000] {logging_mixin.py:190} INFO - [2025-07-20T14:52:37.237+0000] {dag.py:3239} INFO - Sync 1 DAGs
[2025-07-20T14:52:37.261+0000] {logging_mixin.py:190} INFO - [2025-07-20T14:52:37.261+0000] {dag.py:4180} INFO - Setting next_dagrun for Task_groups to 2025-07-20 00:00:00+00:00, run_after=2025-07-21 00:00:00+00:00
[2025-07-20T14:52:37.293+0000] {processor.py:208} INFO - Processing /opt/airflow/dags/Task_groups.py took 0.123 seconds
[2025-07-20T14:53:07.800+0000] {processor.py:186} INFO - Started process (PID=436) to work on /opt/airflow/dags/Task_groups.py
[2025-07-20T14:53:07.801+0000] {processor.py:914} INFO - Processing file /opt/airflow/dags/Task_groups.py for tasks to queue
[2025-07-20T14:53:07.804+0000] {logging_mixin.py:190} INFO - [2025-07-20T14:53:07.803+0000] {dagbag.py:588} INFO - Filling up the DagBag from /opt/airflow/dags/Task_groups.py
[2025-07-20T14:53:07.824+0000] {processor.py:925} INFO - DAG(s) 'Task_groups' retrieved from /opt/airflow/dags/Task_groups.py
[2025-07-20T14:53:07.854+0000] {logging_mixin.py:190} INFO - [2025-07-20T14:53:07.854+0000] {dag.py:3239} INFO - Sync 1 DAGs
[2025-07-20T14:53:07.879+0000] {logging_mixin.py:190} INFO - [2025-07-20T14:53:07.879+0000] {dag.py:4180} INFO - Setting next_dagrun for Task_groups to 2025-07-20 00:00:00+00:00, run_after=2025-07-21 00:00:00+00:00
[2025-07-20T14:53:07.903+0000] {processor.py:208} INFO - Processing /opt/airflow/dags/Task_groups.py took 0.109 seconds
[2025-07-20T14:53:38.413+0000] {processor.py:186} INFO - Started process (PID=468) to work on /opt/airflow/dags/Task_groups.py
[2025-07-20T14:53:38.415+0000] {processor.py:914} INFO - Processing file /opt/airflow/dags/Task_groups.py for tasks to queue
[2025-07-20T14:53:38.417+0000] {logging_mixin.py:190} INFO - [2025-07-20T14:53:38.417+0000] {dagbag.py:588} INFO - Filling up the DagBag from /opt/airflow/dags/Task_groups.py
[2025-07-20T14:53:38.436+0000] {processor.py:925} INFO - DAG(s) 'Task_groups' retrieved from /opt/airflow/dags/Task_groups.py
[2025-07-20T14:53:38.464+0000] {logging_mixin.py:190} INFO - [2025-07-20T14:53:38.464+0000] {dag.py:3239} INFO - Sync 1 DAGs
[2025-07-20T14:53:38.487+0000] {logging_mixin.py:190} INFO - [2025-07-20T14:53:38.487+0000] {dag.py:4180} INFO - Setting next_dagrun for Task_groups to 2025-07-20 00:00:00+00:00, run_after=2025-07-21 00:00:00+00:00
[2025-07-20T14:53:38.509+0000] {processor.py:208} INFO - Processing /opt/airflow/dags/Task_groups.py took 0.101 seconds
[2025-07-20T14:54:08.624+0000] {processor.py:186} INFO - Started process (PID=500) to work on /opt/airflow/dags/Task_groups.py
[2025-07-20T14:54:08.626+0000] {processor.py:914} INFO - Processing file /opt/airflow/dags/Task_groups.py for tasks to queue
[2025-07-20T14:54:08.628+0000] {logging_mixin.py:190} INFO - [2025-07-20T14:54:08.628+0000] {dagbag.py:588} INFO - Filling up the DagBag from /opt/airflow/dags/Task_groups.py
[2025-07-20T14:54:08.654+0000] {processor.py:925} INFO - DAG(s) 'Task_groups' retrieved from /opt/airflow/dags/Task_groups.py
[2025-07-20T14:54:08.681+0000] {logging_mixin.py:190} INFO - [2025-07-20T14:54:08.681+0000] {dag.py:3239} INFO - Sync 1 DAGs
[2025-07-20T14:54:08.706+0000] {logging_mixin.py:190} INFO - [2025-07-20T14:54:08.706+0000] {dag.py:4180} INFO - Setting next_dagrun for Task_groups to 2025-07-20 00:00:00+00:00, run_after=2025-07-21 00:00:00+00:00
[2025-07-20T14:54:08.729+0000] {processor.py:208} INFO - Processing /opt/airflow/dags/Task_groups.py took 0.111 seconds
[2025-07-20T14:54:38.969+0000] {processor.py:186} INFO - Started process (PID=532) to work on /opt/airflow/dags/Task_groups.py
[2025-07-20T14:54:38.970+0000] {processor.py:914} INFO - Processing file /opt/airflow/dags/Task_groups.py for tasks to queue
[2025-07-20T14:54:38.973+0000] {logging_mixin.py:190} INFO - [2025-07-20T14:54:38.972+0000] {dagbag.py:588} INFO - Filling up the DagBag from /opt/airflow/dags/Task_groups.py
[2025-07-20T14:54:38.996+0000] {processor.py:925} INFO - DAG(s) 'Task_groups' retrieved from /opt/airflow/dags/Task_groups.py
[2025-07-20T14:54:39.024+0000] {logging_mixin.py:190} INFO - [2025-07-20T14:54:39.024+0000] {dag.py:3239} INFO - Sync 1 DAGs
[2025-07-20T14:54:39.058+0000] {logging_mixin.py:190} INFO - [2025-07-20T14:54:39.057+0000] {dag.py:4180} INFO - Setting next_dagrun for Task_groups to 2025-07-20 00:00:00+00:00, run_after=2025-07-21 00:00:00+00:00
[2025-07-20T14:54:39.081+0000] {processor.py:208} INFO - Processing /opt/airflow/dags/Task_groups.py took 0.119 seconds
[2025-07-20T14:55:09.145+0000] {processor.py:186} INFO - Started process (PID=564) to work on /opt/airflow/dags/Task_groups.py
[2025-07-20T14:55:09.146+0000] {processor.py:914} INFO - Processing file /opt/airflow/dags/Task_groups.py for tasks to queue
[2025-07-20T14:55:09.149+0000] {logging_mixin.py:190} INFO - [2025-07-20T14:55:09.148+0000] {dagbag.py:588} INFO - Filling up the DagBag from /opt/airflow/dags/Task_groups.py
[2025-07-20T14:55:09.173+0000] {processor.py:925} INFO - DAG(s) 'Task_groups' retrieved from /opt/airflow/dags/Task_groups.py
[2025-07-20T14:55:09.203+0000] {logging_mixin.py:190} INFO - [2025-07-20T14:55:09.203+0000] {dag.py:3239} INFO - Sync 1 DAGs
[2025-07-20T14:55:09.228+0000] {logging_mixin.py:190} INFO - [2025-07-20T14:55:09.228+0000] {dag.py:4180} INFO - Setting next_dagrun for Task_groups to 2025-07-20 00:00:00+00:00, run_after=2025-07-21 00:00:00+00:00
[2025-07-20T14:55:09.256+0000] {processor.py:208} INFO - Processing /opt/airflow/dags/Task_groups.py took 0.118 seconds
[2025-07-20T14:55:39.807+0000] {processor.py:186} INFO - Started process (PID=602) to work on /opt/airflow/dags/Task_groups.py
[2025-07-20T14:55:39.808+0000] {processor.py:914} INFO - Processing file /opt/airflow/dags/Task_groups.py for tasks to queue
[2025-07-20T14:55:39.811+0000] {logging_mixin.py:190} INFO - [2025-07-20T14:55:39.810+0000] {dagbag.py:588} INFO - Filling up the DagBag from /opt/airflow/dags/Task_groups.py
[2025-07-20T14:55:39.831+0000] {processor.py:925} INFO - DAG(s) 'Task_groups' retrieved from /opt/airflow/dags/Task_groups.py
[2025-07-20T14:55:39.862+0000] {logging_mixin.py:190} INFO - [2025-07-20T14:55:39.861+0000] {dag.py:3239} INFO - Sync 1 DAGs
[2025-07-20T14:55:39.892+0000] {logging_mixin.py:190} INFO - [2025-07-20T14:55:39.891+0000] {dag.py:4180} INFO - Setting next_dagrun for Task_groups to 2025-07-20 00:00:00+00:00, run_after=2025-07-21 00:00:00+00:00
[2025-07-20T14:55:39.915+0000] {processor.py:208} INFO - Processing /opt/airflow/dags/Task_groups.py took 0.116 seconds
[2025-07-20T14:56:10.003+0000] {processor.py:186} INFO - Started process (PID=634) to work on /opt/airflow/dags/Task_groups.py
[2025-07-20T14:56:10.005+0000] {processor.py:914} INFO - Processing file /opt/airflow/dags/Task_groups.py for tasks to queue
[2025-07-20T14:56:10.008+0000] {logging_mixin.py:190} INFO - [2025-07-20T14:56:10.007+0000] {dagbag.py:588} INFO - Filling up the DagBag from /opt/airflow/dags/Task_groups.py
[2025-07-20T14:56:10.028+0000] {processor.py:925} INFO - DAG(s) 'Task_groups' retrieved from /opt/airflow/dags/Task_groups.py
[2025-07-20T14:56:10.057+0000] {logging_mixin.py:190} INFO - [2025-07-20T14:56:10.057+0000] {dag.py:3239} INFO - Sync 1 DAGs
[2025-07-20T14:56:10.081+0000] {logging_mixin.py:190} INFO - [2025-07-20T14:56:10.081+0000] {dag.py:4180} INFO - Setting next_dagrun for Task_groups to 2025-07-20 00:00:00+00:00, run_after=2025-07-21 00:00:00+00:00
[2025-07-20T14:56:10.103+0000] {processor.py:208} INFO - Processing /opt/airflow/dags/Task_groups.py took 0.106 seconds
[2025-07-20T14:56:40.607+0000] {processor.py:186} INFO - Started process (PID=666) to work on /opt/airflow/dags/Task_groups.py
[2025-07-20T14:56:40.608+0000] {processor.py:914} INFO - Processing file /opt/airflow/dags/Task_groups.py for tasks to queue
[2025-07-20T14:56:40.610+0000] {logging_mixin.py:190} INFO - [2025-07-20T14:56:40.610+0000] {dagbag.py:588} INFO - Filling up the DagBag from /opt/airflow/dags/Task_groups.py
[2025-07-20T14:56:40.630+0000] {processor.py:925} INFO - DAG(s) 'Task_groups' retrieved from /opt/airflow/dags/Task_groups.py
[2025-07-20T14:56:40.658+0000] {logging_mixin.py:190} INFO - [2025-07-20T14:56:40.657+0000] {dag.py:3239} INFO - Sync 1 DAGs
[2025-07-20T14:56:40.681+0000] {logging_mixin.py:190} INFO - [2025-07-20T14:56:40.681+0000] {dag.py:4180} INFO - Setting next_dagrun for Task_groups to 2025-07-20 00:00:00+00:00, run_after=2025-07-21 00:00:00+00:00
[2025-07-20T14:56:40.706+0000] {processor.py:208} INFO - Processing /opt/airflow/dags/Task_groups.py took 0.106 seconds
[2025-07-20T14:57:11.395+0000] {processor.py:186} INFO - Started process (PID=698) to work on /opt/airflow/dags/Task_groups.py
[2025-07-20T14:57:11.396+0000] {processor.py:914} INFO - Processing file /opt/airflow/dags/Task_groups.py for tasks to queue
[2025-07-20T14:57:11.398+0000] {logging_mixin.py:190} INFO - [2025-07-20T14:57:11.398+0000] {dagbag.py:588} INFO - Filling up the DagBag from /opt/airflow/dags/Task_groups.py
[2025-07-20T14:57:11.419+0000] {processor.py:925} INFO - DAG(s) 'Task_groups' retrieved from /opt/airflow/dags/Task_groups.py
[2025-07-20T14:57:11.447+0000] {logging_mixin.py:190} INFO - [2025-07-20T14:57:11.446+0000] {dag.py:3239} INFO - Sync 1 DAGs
[2025-07-20T14:57:11.592+0000] {logging_mixin.py:190} INFO - [2025-07-20T14:57:11.591+0000] {dag.py:4180} INFO - Setting next_dagrun for Task_groups to 2025-07-20 00:00:00+00:00, run_after=2025-07-21 00:00:00+00:00
[2025-07-20T14:57:11.608+0000] {processor.py:208} INFO - Processing /opt/airflow/dags/Task_groups.py took 0.219 seconds
[2025-07-20T14:57:41.755+0000] {processor.py:186} INFO - Started process (PID=730) to work on /opt/airflow/dags/Task_groups.py
[2025-07-20T14:57:41.757+0000] {processor.py:914} INFO - Processing file /opt/airflow/dags/Task_groups.py for tasks to queue
[2025-07-20T14:57:41.759+0000] {logging_mixin.py:190} INFO - [2025-07-20T14:57:41.759+0000] {dagbag.py:588} INFO - Filling up the DagBag from /opt/airflow/dags/Task_groups.py
[2025-07-20T14:57:41.780+0000] {processor.py:925} INFO - DAG(s) 'Task_groups' retrieved from /opt/airflow/dags/Task_groups.py
[2025-07-20T14:57:41.812+0000] {logging_mixin.py:190} INFO - [2025-07-20T14:57:41.812+0000] {dag.py:3239} INFO - Sync 1 DAGs
[2025-07-20T14:57:41.839+0000] {logging_mixin.py:190} INFO - [2025-07-20T14:57:41.839+0000] {dag.py:4180} INFO - Setting next_dagrun for Task_groups to 2025-07-20 00:00:00+00:00, run_after=2025-07-21 00:00:00+00:00
[2025-07-20T14:57:41.861+0000] {processor.py:208} INFO - Processing /opt/airflow/dags/Task_groups.py took 0.113 seconds
[2025-07-20T14:58:12.024+0000] {processor.py:186} INFO - Started process (PID=762) to work on /opt/airflow/dags/Task_groups.py
[2025-07-20T14:58:12.025+0000] {processor.py:914} INFO - Processing file /opt/airflow/dags/Task_groups.py for tasks to queue
[2025-07-20T14:58:12.028+0000] {logging_mixin.py:190} INFO - [2025-07-20T14:58:12.027+0000] {dagbag.py:588} INFO - Filling up the DagBag from /opt/airflow/dags/Task_groups.py
[2025-07-20T14:58:12.048+0000] {processor.py:925} INFO - DAG(s) 'Task_groups' retrieved from /opt/airflow/dags/Task_groups.py
[2025-07-20T14:58:12.079+0000] {logging_mixin.py:190} INFO - [2025-07-20T14:58:12.079+0000] {dag.py:3239} INFO - Sync 1 DAGs
[2025-07-20T14:58:12.105+0000] {logging_mixin.py:190} INFO - [2025-07-20T14:58:12.105+0000] {dag.py:4180} INFO - Setting next_dagrun for Task_groups to 2025-07-20 00:00:00+00:00, run_after=2025-07-21 00:00:00+00:00
[2025-07-20T14:58:12.129+0000] {processor.py:208} INFO - Processing /opt/airflow/dags/Task_groups.py took 0.113 seconds
[2025-07-20T14:58:42.345+0000] {processor.py:186} INFO - Started process (PID=794) to work on /opt/airflow/dags/Task_groups.py
[2025-07-20T14:58:42.347+0000] {processor.py:914} INFO - Processing file /opt/airflow/dags/Task_groups.py for tasks to queue
[2025-07-20T14:58:42.352+0000] {logging_mixin.py:190} INFO - [2025-07-20T14:58:42.351+0000] {dagbag.py:588} INFO - Filling up the DagBag from /opt/airflow/dags/Task_groups.py
[2025-07-20T14:58:42.376+0000] {processor.py:925} INFO - DAG(s) 'Task_groups' retrieved from /opt/airflow/dags/Task_groups.py
[2025-07-20T14:58:42.405+0000] {logging_mixin.py:190} INFO - [2025-07-20T14:58:42.405+0000] {dag.py:3239} INFO - Sync 1 DAGs
[2025-07-20T14:58:42.430+0000] {logging_mixin.py:190} INFO - [2025-07-20T14:58:42.429+0000] {dag.py:4180} INFO - Setting next_dagrun for Task_groups to 2025-07-20 00:00:00+00:00, run_after=2025-07-21 00:00:00+00:00
[2025-07-20T14:58:42.453+0000] {processor.py:208} INFO - Processing /opt/airflow/dags/Task_groups.py took 0.114 seconds
[2025-07-20T14:59:12.498+0000] {processor.py:186} INFO - Started process (PID=826) to work on /opt/airflow/dags/Task_groups.py
[2025-07-20T14:59:12.499+0000] {processor.py:914} INFO - Processing file /opt/airflow/dags/Task_groups.py for tasks to queue
[2025-07-20T14:59:12.502+0000] {logging_mixin.py:190} INFO - [2025-07-20T14:59:12.502+0000] {dagbag.py:588} INFO - Filling up the DagBag from /opt/airflow/dags/Task_groups.py
[2025-07-20T14:59:12.521+0000] {processor.py:925} INFO - DAG(s) 'Task_groups' retrieved from /opt/airflow/dags/Task_groups.py
[2025-07-20T14:59:12.555+0000] {logging_mixin.py:190} INFO - [2025-07-20T14:59:12.554+0000] {dag.py:3239} INFO - Sync 1 DAGs
[2025-07-20T14:59:12.581+0000] {logging_mixin.py:190} INFO - [2025-07-20T14:59:12.580+0000] {dag.py:4180} INFO - Setting next_dagrun for Task_groups to 2025-07-20 00:00:00+00:00, run_after=2025-07-21 00:00:00+00:00
[2025-07-20T14:59:12.724+0000] {processor.py:208} INFO - Processing /opt/airflow/dags/Task_groups.py took 0.234 seconds
[2025-07-20T14:59:43.383+0000] {processor.py:186} INFO - Started process (PID=858) to work on /opt/airflow/dags/Task_groups.py
[2025-07-20T14:59:43.384+0000] {processor.py:914} INFO - Processing file /opt/airflow/dags/Task_groups.py for tasks to queue
[2025-07-20T14:59:43.386+0000] {logging_mixin.py:190} INFO - [2025-07-20T14:59:43.386+0000] {dagbag.py:588} INFO - Filling up the DagBag from /opt/airflow/dags/Task_groups.py
[2025-07-20T14:59:43.403+0000] {processor.py:925} INFO - DAG(s) 'Task_groups' retrieved from /opt/airflow/dags/Task_groups.py
[2025-07-20T14:59:43.431+0000] {logging_mixin.py:190} INFO - [2025-07-20T14:59:43.431+0000] {dag.py:3239} INFO - Sync 1 DAGs
[2025-07-20T14:59:43.458+0000] {logging_mixin.py:190} INFO - [2025-07-20T14:59:43.457+0000] {dag.py:4180} INFO - Setting next_dagrun for Task_groups to 2025-07-20 00:00:00+00:00, run_after=2025-07-21 00:00:00+00:00
[2025-07-20T14:59:43.478+0000] {processor.py:208} INFO - Processing /opt/airflow/dags/Task_groups.py took 0.102 seconds
[2025-07-20T15:00:13.970+0000] {processor.py:186} INFO - Started process (PID=890) to work on /opt/airflow/dags/Task_groups.py
[2025-07-20T15:00:13.971+0000] {processor.py:914} INFO - Processing file /opt/airflow/dags/Task_groups.py for tasks to queue
[2025-07-20T15:00:13.973+0000] {logging_mixin.py:190} INFO - [2025-07-20T15:00:13.973+0000] {dagbag.py:588} INFO - Filling up the DagBag from /opt/airflow/dags/Task_groups.py
[2025-07-20T15:00:13.995+0000] {processor.py:925} INFO - DAG(s) 'Task_groups' retrieved from /opt/airflow/dags/Task_groups.py
[2025-07-20T15:00:14.022+0000] {logging_mixin.py:190} INFO - [2025-07-20T15:00:14.022+0000] {dag.py:3239} INFO - Sync 1 DAGs
[2025-07-20T15:00:14.049+0000] {logging_mixin.py:190} INFO - [2025-07-20T15:00:14.048+0000] {dag.py:4180} INFO - Setting next_dagrun for Task_groups to 2025-07-20 00:00:00+00:00, run_after=2025-07-21 00:00:00+00:00
[2025-07-20T15:00:14.073+0000] {processor.py:208} INFO - Processing /opt/airflow/dags/Task_groups.py took 0.109 seconds
[2025-07-20T15:00:44.251+0000] {processor.py:186} INFO - Started process (PID=922) to work on /opt/airflow/dags/Task_groups.py
[2025-07-20T15:00:44.252+0000] {processor.py:914} INFO - Processing file /opt/airflow/dags/Task_groups.py for tasks to queue
[2025-07-20T15:00:44.254+0000] {logging_mixin.py:190} INFO - [2025-07-20T15:00:44.254+0000] {dagbag.py:588} INFO - Filling up the DagBag from /opt/airflow/dags/Task_groups.py
[2025-07-20T15:00:44.278+0000] {processor.py:925} INFO - DAG(s) 'Task_groups' retrieved from /opt/airflow/dags/Task_groups.py
[2025-07-20T15:00:44.309+0000] {logging_mixin.py:190} INFO - [2025-07-20T15:00:44.309+0000] {dag.py:3239} INFO - Sync 1 DAGs
[2025-07-20T15:00:44.335+0000] {logging_mixin.py:190} INFO - [2025-07-20T15:00:44.334+0000] {dag.py:4180} INFO - Setting next_dagrun for Task_groups to 2025-07-20 00:00:00+00:00, run_after=2025-07-21 00:00:00+00:00
[2025-07-20T15:00:44.356+0000] {processor.py:208} INFO - Processing /opt/airflow/dags/Task_groups.py took 0.112 seconds
[2025-07-20T15:01:14.837+0000] {processor.py:186} INFO - Started process (PID=954) to work on /opt/airflow/dags/Task_groups.py
[2025-07-20T15:01:14.838+0000] {processor.py:914} INFO - Processing file /opt/airflow/dags/Task_groups.py for tasks to queue
[2025-07-20T15:01:14.841+0000] {logging_mixin.py:190} INFO - [2025-07-20T15:01:14.840+0000] {dagbag.py:588} INFO - Filling up the DagBag from /opt/airflow/dags/Task_groups.py
[2025-07-20T15:01:14.860+0000] {processor.py:925} INFO - DAG(s) 'Task_groups' retrieved from /opt/airflow/dags/Task_groups.py
[2025-07-20T15:01:14.893+0000] {logging_mixin.py:190} INFO - [2025-07-20T15:01:14.893+0000] {dag.py:3239} INFO - Sync 1 DAGs
[2025-07-20T15:01:14.957+0000] {logging_mixin.py:190} INFO - [2025-07-20T15:01:14.956+0000] {dag.py:4180} INFO - Setting next_dagrun for Task_groups to 2025-07-20 00:00:00+00:00, run_after=2025-07-21 00:00:00+00:00
[2025-07-20T15:01:15.172+0000] {processor.py:208} INFO - Processing /opt/airflow/dags/Task_groups.py took 0.342 seconds
[2025-07-20T15:01:45.498+0000] {processor.py:186} INFO - Started process (PID=986) to work on /opt/airflow/dags/Task_groups.py
[2025-07-20T15:01:45.499+0000] {processor.py:914} INFO - Processing file /opt/airflow/dags/Task_groups.py for tasks to queue
[2025-07-20T15:01:45.502+0000] {logging_mixin.py:190} INFO - [2025-07-20T15:01:45.501+0000] {dagbag.py:588} INFO - Filling up the DagBag from /opt/airflow/dags/Task_groups.py
[2025-07-20T15:01:45.523+0000] {processor.py:925} INFO - DAG(s) 'Task_groups' retrieved from /opt/airflow/dags/Task_groups.py
[2025-07-20T15:01:45.554+0000] {logging_mixin.py:190} INFO - [2025-07-20T15:01:45.554+0000] {dag.py:3239} INFO - Sync 1 DAGs
[2025-07-20T15:01:45.713+0000] {logging_mixin.py:190} INFO - [2025-07-20T15:01:45.713+0000] {dag.py:4180} INFO - Setting next_dagrun for Task_groups to 2025-07-20 00:00:00+00:00, run_after=2025-07-21 00:00:00+00:00
[2025-07-20T15:01:45.735+0000] {processor.py:208} INFO - Processing /opt/airflow/dags/Task_groups.py took 0.244 seconds
[2025-07-20T15:02:16.193+0000] {processor.py:186} INFO - Started process (PID=1018) to work on /opt/airflow/dags/Task_groups.py
[2025-07-20T15:02:16.194+0000] {processor.py:914} INFO - Processing file /opt/airflow/dags/Task_groups.py for tasks to queue
[2025-07-20T15:02:16.196+0000] {logging_mixin.py:190} INFO - [2025-07-20T15:02:16.196+0000] {dagbag.py:588} INFO - Filling up the DagBag from /opt/airflow/dags/Task_groups.py
[2025-07-20T15:02:16.215+0000] {processor.py:925} INFO - DAG(s) 'Task_groups' retrieved from /opt/airflow/dags/Task_groups.py
[2025-07-20T15:02:16.244+0000] {logging_mixin.py:190} INFO - [2025-07-20T15:02:16.244+0000] {dag.py:3239} INFO - Sync 1 DAGs
[2025-07-20T15:02:16.270+0000] {logging_mixin.py:190} INFO - [2025-07-20T15:02:16.270+0000] {dag.py:4180} INFO - Setting next_dagrun for Task_groups to 2025-07-20 00:00:00+00:00, run_after=2025-07-21 00:00:00+00:00
[2025-07-20T15:02:16.291+0000] {processor.py:208} INFO - Processing /opt/airflow/dags/Task_groups.py took 0.105 seconds
[2025-07-20T15:02:46.406+0000] {processor.py:186} INFO - Started process (PID=1050) to work on /opt/airflow/dags/Task_groups.py
[2025-07-20T15:02:46.407+0000] {processor.py:914} INFO - Processing file /opt/airflow/dags/Task_groups.py for tasks to queue
[2025-07-20T15:02:46.410+0000] {logging_mixin.py:190} INFO - [2025-07-20T15:02:46.409+0000] {dagbag.py:588} INFO - Filling up the DagBag from /opt/airflow/dags/Task_groups.py
[2025-07-20T15:02:46.431+0000] {processor.py:925} INFO - DAG(s) 'Task_groups' retrieved from /opt/airflow/dags/Task_groups.py
[2025-07-20T15:02:46.459+0000] {logging_mixin.py:190} INFO - [2025-07-20T15:02:46.459+0000] {dag.py:3239} INFO - Sync 1 DAGs
[2025-07-20T15:02:46.484+0000] {logging_mixin.py:190} INFO - [2025-07-20T15:02:46.484+0000] {dag.py:4180} INFO - Setting next_dagrun for Task_groups to 2025-07-20 00:00:00+00:00, run_after=2025-07-21 00:00:00+00:00
[2025-07-20T15:02:46.506+0000] {processor.py:208} INFO - Processing /opt/airflow/dags/Task_groups.py took 0.106 seconds
[2025-07-20T15:03:16.617+0000] {processor.py:186} INFO - Started process (PID=1082) to work on /opt/airflow/dags/Task_groups.py
[2025-07-20T15:03:16.618+0000] {processor.py:914} INFO - Processing file /opt/airflow/dags/Task_groups.py for tasks to queue
[2025-07-20T15:03:16.621+0000] {logging_mixin.py:190} INFO - [2025-07-20T15:03:16.620+0000] {dagbag.py:588} INFO - Filling up the DagBag from /opt/airflow/dags/Task_groups.py
[2025-07-20T15:03:16.646+0000] {processor.py:925} INFO - DAG(s) 'Task_groups' retrieved from /opt/airflow/dags/Task_groups.py
[2025-07-20T15:03:16.675+0000] {logging_mixin.py:190} INFO - [2025-07-20T15:03:16.675+0000] {dag.py:3239} INFO - Sync 1 DAGs
[2025-07-20T15:03:16.699+0000] {logging_mixin.py:190} INFO - [2025-07-20T15:03:16.699+0000] {dag.py:4180} INFO - Setting next_dagrun for Task_groups to 2025-07-20 00:00:00+00:00, run_after=2025-07-21 00:00:00+00:00
[2025-07-20T15:03:16.723+0000] {processor.py:208} INFO - Processing /opt/airflow/dags/Task_groups.py took 0.113 seconds
[2025-07-20T15:03:46.904+0000] {processor.py:186} INFO - Started process (PID=1114) to work on /opt/airflow/dags/Task_groups.py
[2025-07-20T15:03:46.905+0000] {processor.py:914} INFO - Processing file /opt/airflow/dags/Task_groups.py for tasks to queue
[2025-07-20T15:03:46.907+0000] {logging_mixin.py:190} INFO - [2025-07-20T15:03:46.907+0000] {dagbag.py:588} INFO - Filling up the DagBag from /opt/airflow/dags/Task_groups.py
[2025-07-20T15:03:46.925+0000] {processor.py:925} INFO - DAG(s) 'Task_groups' retrieved from /opt/airflow/dags/Task_groups.py
[2025-07-20T15:03:46.955+0000] {logging_mixin.py:190} INFO - [2025-07-20T15:03:46.955+0000] {dag.py:3239} INFO - Sync 1 DAGs
[2025-07-20T15:03:46.981+0000] {logging_mixin.py:190} INFO - [2025-07-20T15:03:46.981+0000] {dag.py:4180} INFO - Setting next_dagrun for Task_groups to 2025-07-20 00:00:00+00:00, run_after=2025-07-21 00:00:00+00:00
[2025-07-20T15:03:47.138+0000] {processor.py:208} INFO - Processing /opt/airflow/dags/Task_groups.py took 0.241 seconds
[2025-07-20T15:04:17.834+0000] {processor.py:186} INFO - Started process (PID=1146) to work on /opt/airflow/dags/Task_groups.py
[2025-07-20T15:04:17.835+0000] {processor.py:914} INFO - Processing file /opt/airflow/dags/Task_groups.py for tasks to queue
[2025-07-20T15:04:17.838+0000] {logging_mixin.py:190} INFO - [2025-07-20T15:04:17.837+0000] {dagbag.py:588} INFO - Filling up the DagBag from /opt/airflow/dags/Task_groups.py
[2025-07-20T15:04:17.860+0000] {processor.py:925} INFO - DAG(s) 'Task_groups' retrieved from /opt/airflow/dags/Task_groups.py
[2025-07-20T15:04:17.890+0000] {logging_mixin.py:190} INFO - [2025-07-20T15:04:17.889+0000] {dag.py:3239} INFO - Sync 1 DAGs
[2025-07-20T15:04:18.049+0000] {logging_mixin.py:190} INFO - [2025-07-20T15:04:18.049+0000] {dag.py:4180} INFO - Setting next_dagrun for Task_groups to 2025-07-20 00:00:00+00:00, run_after=2025-07-21 00:00:00+00:00
[2025-07-20T15:04:18.068+0000] {processor.py:208} INFO - Processing /opt/airflow/dags/Task_groups.py took 0.246 seconds
[2025-07-20T15:04:48.434+0000] {processor.py:186} INFO - Started process (PID=1178) to work on /opt/airflow/dags/Task_groups.py
[2025-07-20T15:04:48.435+0000] {processor.py:914} INFO - Processing file /opt/airflow/dags/Task_groups.py for tasks to queue
[2025-07-20T15:04:48.438+0000] {logging_mixin.py:190} INFO - [2025-07-20T15:04:48.437+0000] {dagbag.py:588} INFO - Filling up the DagBag from /opt/airflow/dags/Task_groups.py
[2025-07-20T15:04:48.457+0000] {processor.py:925} INFO - DAG(s) 'Task_groups' retrieved from /opt/airflow/dags/Task_groups.py
[2025-07-20T15:04:48.486+0000] {logging_mixin.py:190} INFO - [2025-07-20T15:04:48.486+0000] {dag.py:3239} INFO - Sync 1 DAGs
[2025-07-20T15:04:48.511+0000] {logging_mixin.py:190} INFO - [2025-07-20T15:04:48.511+0000] {dag.py:4180} INFO - Setting next_dagrun for Task_groups to 2025-07-20 00:00:00+00:00, run_after=2025-07-21 00:00:00+00:00
[2025-07-20T15:04:48.539+0000] {processor.py:208} INFO - Processing /opt/airflow/dags/Task_groups.py took 0.112 seconds
[2025-07-20T15:05:18.643+0000] {processor.py:186} INFO - Started process (PID=1210) to work on /opt/airflow/dags/Task_groups.py
[2025-07-20T15:05:18.644+0000] {processor.py:914} INFO - Processing file /opt/airflow/dags/Task_groups.py for tasks to queue
[2025-07-20T15:05:18.646+0000] {logging_mixin.py:190} INFO - [2025-07-20T15:05:18.646+0000] {dagbag.py:588} INFO - Filling up the DagBag from /opt/airflow/dags/Task_groups.py
[2025-07-20T15:05:18.669+0000] {processor.py:925} INFO - DAG(s) 'Task_groups' retrieved from /opt/airflow/dags/Task_groups.py
[2025-07-20T15:05:18.696+0000] {logging_mixin.py:190} INFO - [2025-07-20T15:05:18.696+0000] {dag.py:3239} INFO - Sync 1 DAGs
[2025-07-20T15:05:18.721+0000] {logging_mixin.py:190} INFO - [2025-07-20T15:05:18.721+0000] {dag.py:4180} INFO - Setting next_dagrun for Task_groups to 2025-07-20 00:00:00+00:00, run_after=2025-07-21 00:00:00+00:00
[2025-07-20T15:05:18.743+0000] {processor.py:208} INFO - Processing /opt/airflow/dags/Task_groups.py took 0.107 seconds
[2025-07-20T15:05:48.866+0000] {processor.py:186} INFO - Started process (PID=1242) to work on /opt/airflow/dags/Task_groups.py
[2025-07-20T15:05:48.867+0000] {processor.py:914} INFO - Processing file /opt/airflow/dags/Task_groups.py for tasks to queue
[2025-07-20T15:05:48.870+0000] {logging_mixin.py:190} INFO - [2025-07-20T15:05:48.869+0000] {dagbag.py:588} INFO - Filling up the DagBag from /opt/airflow/dags/Task_groups.py
[2025-07-20T15:05:48.889+0000] {processor.py:925} INFO - DAG(s) 'Task_groups' retrieved from /opt/airflow/dags/Task_groups.py
[2025-07-20T15:05:48.920+0000] {logging_mixin.py:190} INFO - [2025-07-20T15:05:48.920+0000] {dag.py:3239} INFO - Sync 1 DAGs
[2025-07-20T15:05:48.949+0000] {logging_mixin.py:190} INFO - [2025-07-20T15:05:48.949+0000] {dag.py:4180} INFO - Setting next_dagrun for Task_groups to 2025-07-20 00:00:00+00:00, run_after=2025-07-21 00:00:00+00:00
[2025-07-20T15:05:48.972+0000] {processor.py:208} INFO - Processing /opt/airflow/dags/Task_groups.py took 0.113 seconds
[2025-07-20T15:06:19.474+0000] {processor.py:186} INFO - Started process (PID=1274) to work on /opt/airflow/dags/Task_groups.py
[2025-07-20T15:06:19.475+0000] {processor.py:914} INFO - Processing file /opt/airflow/dags/Task_groups.py for tasks to queue
[2025-07-20T15:06:19.477+0000] {logging_mixin.py:190} INFO - [2025-07-20T15:06:19.477+0000] {dagbag.py:588} INFO - Filling up the DagBag from /opt/airflow/dags/Task_groups.py
[2025-07-20T15:06:19.498+0000] {processor.py:925} INFO - DAG(s) 'Task_groups' retrieved from /opt/airflow/dags/Task_groups.py
[2025-07-20T15:06:19.528+0000] {logging_mixin.py:190} INFO - [2025-07-20T15:06:19.528+0000] {dag.py:3239} INFO - Sync 1 DAGs
[2025-07-20T15:06:19.554+0000] {logging_mixin.py:190} INFO - [2025-07-20T15:06:19.554+0000] {dag.py:4180} INFO - Setting next_dagrun for Task_groups to 2025-07-20 00:00:00+00:00, run_after=2025-07-21 00:00:00+00:00
[2025-07-20T15:06:19.700+0000] {processor.py:208} INFO - Processing /opt/airflow/dags/Task_groups.py took 0.233 seconds
[2025-07-20T15:06:49.929+0000] {processor.py:186} INFO - Started process (PID=1306) to work on /opt/airflow/dags/Task_groups.py
[2025-07-20T15:06:49.930+0000] {processor.py:914} INFO - Processing file /opt/airflow/dags/Task_groups.py for tasks to queue
[2025-07-20T15:06:49.932+0000] {logging_mixin.py:190} INFO - [2025-07-20T15:06:49.932+0000] {dagbag.py:588} INFO - Filling up the DagBag from /opt/airflow/dags/Task_groups.py
[2025-07-20T15:06:49.958+0000] {processor.py:925} INFO - DAG(s) 'Task_groups' retrieved from /opt/airflow/dags/Task_groups.py
[2025-07-20T15:06:49.986+0000] {logging_mixin.py:190} INFO - [2025-07-20T15:06:49.986+0000] {dag.py:3239} INFO - Sync 1 DAGs
[2025-07-20T15:06:50.126+0000] {logging_mixin.py:190} INFO - [2025-07-20T15:06:50.126+0000] {dag.py:4180} INFO - Setting next_dagrun for Task_groups to 2025-07-20 00:00:00+00:00, run_after=2025-07-21 00:00:00+00:00
[2025-07-20T15:06:50.147+0000] {processor.py:208} INFO - Processing /opt/airflow/dags/Task_groups.py took 0.225 seconds
[2025-07-20T15:07:20.842+0000] {processor.py:186} INFO - Started process (PID=1338) to work on /opt/airflow/dags/Task_groups.py
[2025-07-20T15:07:20.843+0000] {processor.py:914} INFO - Processing file /opt/airflow/dags/Task_groups.py for tasks to queue
[2025-07-20T15:07:20.846+0000] {logging_mixin.py:190} INFO - [2025-07-20T15:07:20.846+0000] {dagbag.py:588} INFO - Filling up the DagBag from /opt/airflow/dags/Task_groups.py
[2025-07-20T15:07:20.864+0000] {processor.py:925} INFO - DAG(s) 'Task_groups' retrieved from /opt/airflow/dags/Task_groups.py
[2025-07-20T15:07:20.897+0000] {logging_mixin.py:190} INFO - [2025-07-20T15:07:20.896+0000] {dag.py:3239} INFO - Sync 1 DAGs
[2025-07-20T15:07:20.923+0000] {logging_mixin.py:190} INFO - [2025-07-20T15:07:20.923+0000] {dag.py:4180} INFO - Setting next_dagrun for Task_groups to 2025-07-20 00:00:00+00:00, run_after=2025-07-21 00:00:00+00:00
[2025-07-20T15:07:20.947+0000] {processor.py:208} INFO - Processing /opt/airflow/dags/Task_groups.py took 0.111 seconds
