[2025-07-20T14:21:41.787+0000] {processor.py:186} INFO - Started process (PID=186) to work on /opt/airflow/dags/xcoms.py
[2025-07-20T14:21:41.789+0000] {processor.py:914} INFO - Processing file /opt/airflow/dags/xcoms.py for tasks to queue
[2025-07-20T14:21:41.795+0000] {logging_mixin.py:190} INFO - [2025-07-20T14:21:41.794+0000] {dagbag.py:588} INFO - Filling up the DagBag from /opt/airflow/dags/xcoms.py
[2025-07-20T14:21:41.822+0000] {processor.py:925} INFO - DAG(s) 'xcoms_in_action' retrieved from /opt/airflow/dags/xcoms.py
[2025-07-20T14:21:41.878+0000] {logging_mixin.py:190} INFO - [2025-07-20T14:21:41.878+0000] {dag.py:3239} INFO - Sync 1 DAGs
[2025-07-20T14:21:41.928+0000] {logging_mixin.py:190} INFO - [2025-07-20T14:21:41.927+0000] {dag.py:4180} INFO - Setting next_dagrun for xcoms_in_action to 2025-07-19 00:00:00+00:00, run_after=2025-07-20 00:00:00+00:00
[2025-07-20T14:21:41.961+0000] {processor.py:208} INFO - Processing /opt/airflow/dags/xcoms.py took 0.189 seconds
[2025-07-20T14:22:12.483+0000] {processor.py:186} INFO - Started process (PID=213) to work on /opt/airflow/dags/xcoms.py
[2025-07-20T14:22:12.484+0000] {processor.py:914} INFO - Processing file /opt/airflow/dags/xcoms.py for tasks to queue
[2025-07-20T14:22:12.486+0000] {logging_mixin.py:190} INFO - [2025-07-20T14:22:12.486+0000] {dagbag.py:588} INFO - Filling up the DagBag from /opt/airflow/dags/xcoms.py
[2025-07-20T14:22:12.509+0000] {processor.py:925} INFO - DAG(s) 'xcoms_in_action' retrieved from /opt/airflow/dags/xcoms.py
[2025-07-20T14:22:12.543+0000] {logging_mixin.py:190} INFO - [2025-07-20T14:22:12.542+0000] {dag.py:3239} INFO - Sync 1 DAGs
[2025-07-20T14:22:12.578+0000] {logging_mixin.py:190} INFO - [2025-07-20T14:22:12.577+0000] {dag.py:4180} INFO - Setting next_dagrun for xcoms_in_action to 2025-07-19 00:00:00+00:00, run_after=2025-07-20 00:00:00+00:00
[2025-07-20T14:22:12.605+0000] {processor.py:208} INFO - Processing /opt/airflow/dags/xcoms.py took 0.133 seconds
[2025-07-20T14:22:43.120+0000] {processor.py:186} INFO - Started process (PID=240) to work on /opt/airflow/dags/xcoms.py
[2025-07-20T14:22:43.121+0000] {processor.py:914} INFO - Processing file /opt/airflow/dags/xcoms.py for tasks to queue
[2025-07-20T14:22:43.124+0000] {logging_mixin.py:190} INFO - [2025-07-20T14:22:43.123+0000] {dagbag.py:588} INFO - Filling up the DagBag from /opt/airflow/dags/xcoms.py
[2025-07-20T14:22:43.143+0000] {processor.py:925} INFO - DAG(s) 'xcoms_in_action' retrieved from /opt/airflow/dags/xcoms.py
[2025-07-20T14:22:43.172+0000] {logging_mixin.py:190} INFO - [2025-07-20T14:22:43.172+0000] {dag.py:3239} INFO - Sync 1 DAGs
[2025-07-20T14:22:43.203+0000] {logging_mixin.py:190} INFO - [2025-07-20T14:22:43.203+0000] {dag.py:4180} INFO - Setting next_dagrun for xcoms_in_action to 2025-07-19 00:00:00+00:00, run_after=2025-07-20 00:00:00+00:00
[2025-07-20T14:22:43.227+0000] {processor.py:208} INFO - Processing /opt/airflow/dags/xcoms.py took 0.114 seconds
[2025-07-20T14:49:07.894+0000] {processor.py:186} INFO - Started process (PID=182) to work on /opt/airflow/dags/xcoms.py
[2025-07-20T14:49:07.897+0000] {processor.py:914} INFO - Processing file /opt/airflow/dags/xcoms.py for tasks to queue
[2025-07-20T14:49:07.906+0000] {logging_mixin.py:190} INFO - [2025-07-20T14:49:07.905+0000] {dagbag.py:588} INFO - Filling up the DagBag from /opt/airflow/dags/xcoms.py
[2025-07-20T14:49:07.990+0000] {processor.py:925} INFO - DAG(s) 'xcoms_in_action' retrieved from /opt/airflow/dags/xcoms.py
[2025-07-20T14:49:08.025+0000] {logging_mixin.py:190} INFO - [2025-07-20T14:49:08.025+0000] {dag.py:3239} INFO - Sync 1 DAGs
[2025-07-20T14:49:08.065+0000] {logging_mixin.py:190} INFO - [2025-07-20T14:49:08.064+0000] {dag.py:4180} INFO - Setting next_dagrun for xcoms_in_action to 2025-07-19 00:00:00+00:00, run_after=2025-07-20 00:00:00+00:00
[2025-07-20T14:49:08.089+0000] {processor.py:208} INFO - Processing /opt/airflow/dags/xcoms.py took 0.238 seconds
[2025-07-20T14:49:38.184+0000] {processor.py:186} INFO - Started process (PID=217) to work on /opt/airflow/dags/xcoms.py
[2025-07-20T14:49:38.185+0000] {processor.py:914} INFO - Processing file /opt/airflow/dags/xcoms.py for tasks to queue
[2025-07-20T14:49:38.188+0000] {logging_mixin.py:190} INFO - [2025-07-20T14:49:38.187+0000] {dagbag.py:588} INFO - Filling up the DagBag from /opt/airflow/dags/xcoms.py
[2025-07-20T14:49:38.203+0000] {processor.py:925} INFO - DAG(s) 'xcoms_in_action' retrieved from /opt/airflow/dags/xcoms.py
[2025-07-20T14:49:38.231+0000] {logging_mixin.py:190} INFO - [2025-07-20T14:49:38.231+0000] {dag.py:3239} INFO - Sync 1 DAGs
[2025-07-20T14:49:38.258+0000] {logging_mixin.py:190} INFO - [2025-07-20T14:49:38.257+0000] {dag.py:4180} INFO - Setting next_dagrun for xcoms_in_action to 2025-07-19 00:00:00+00:00, run_after=2025-07-20 00:00:00+00:00
[2025-07-20T14:49:38.279+0000] {processor.py:208} INFO - Processing /opt/airflow/dags/xcoms.py took 0.103 seconds
[2025-07-20T14:50:08.839+0000] {processor.py:186} INFO - Started process (PID=247) to work on /opt/airflow/dags/xcoms.py
[2025-07-20T14:50:08.840+0000] {processor.py:914} INFO - Processing file /opt/airflow/dags/xcoms.py for tasks to queue
[2025-07-20T14:50:08.843+0000] {logging_mixin.py:190} INFO - [2025-07-20T14:50:08.843+0000] {dagbag.py:588} INFO - Filling up the DagBag from /opt/airflow/dags/xcoms.py
[2025-07-20T14:50:08.862+0000] {processor.py:925} INFO - DAG(s) 'xcoms_in_action' retrieved from /opt/airflow/dags/xcoms.py
[2025-07-20T14:50:08.903+0000] {logging_mixin.py:190} INFO - [2025-07-20T14:50:08.903+0000] {dag.py:3239} INFO - Sync 1 DAGs
[2025-07-20T14:50:08.934+0000] {logging_mixin.py:190} INFO - [2025-07-20T14:50:08.934+0000] {dag.py:4180} INFO - Setting next_dagrun for xcoms_in_action to 2025-07-19 00:00:00+00:00, run_after=2025-07-20 00:00:00+00:00
[2025-07-20T14:50:08.954+0000] {processor.py:208} INFO - Processing /opt/airflow/dags/xcoms.py took 0.120 seconds
[2025-07-20T14:50:39.582+0000] {processor.py:186} INFO - Started process (PID=285) to work on /opt/airflow/dags/xcoms.py
[2025-07-20T14:50:39.583+0000] {processor.py:914} INFO - Processing file /opt/airflow/dags/xcoms.py for tasks to queue
[2025-07-20T14:50:39.585+0000] {logging_mixin.py:190} INFO - [2025-07-20T14:50:39.585+0000] {dagbag.py:588} INFO - Filling up the DagBag from /opt/airflow/dags/xcoms.py
[2025-07-20T14:50:39.601+0000] {processor.py:925} INFO - DAG(s) 'xcoms_in_action' retrieved from /opt/airflow/dags/xcoms.py
[2025-07-20T14:50:39.636+0000] {logging_mixin.py:190} INFO - [2025-07-20T14:50:39.636+0000] {dag.py:3239} INFO - Sync 1 DAGs
[2025-07-20T14:50:39.664+0000] {logging_mixin.py:190} INFO - [2025-07-20T14:50:39.663+0000] {dag.py:4180} INFO - Setting next_dagrun for xcoms_in_action to 2025-07-19 00:00:00+00:00, run_after=2025-07-20 00:00:00+00:00
[2025-07-20T14:50:39.686+0000] {processor.py:208} INFO - Processing /opt/airflow/dags/xcoms.py took 0.111 seconds
[2025-07-20T14:51:09.777+0000] {processor.py:186} INFO - Started process (PID=319) to work on /opt/airflow/dags/xcoms.py
[2025-07-20T14:51:09.779+0000] {processor.py:914} INFO - Processing file /opt/airflow/dags/xcoms.py for tasks to queue
[2025-07-20T14:51:09.783+0000] {logging_mixin.py:190} INFO - [2025-07-20T14:51:09.783+0000] {dagbag.py:588} INFO - Filling up the DagBag from /opt/airflow/dags/xcoms.py
[2025-07-20T14:51:09.801+0000] {processor.py:925} INFO - DAG(s) 'xcoms_in_action' retrieved from /opt/airflow/dags/xcoms.py
[2025-07-20T14:51:09.833+0000] {logging_mixin.py:190} INFO - [2025-07-20T14:51:09.833+0000] {dag.py:3239} INFO - Sync 1 DAGs
[2025-07-20T14:51:09.860+0000] {logging_mixin.py:190} INFO - [2025-07-20T14:51:09.860+0000] {dag.py:4180} INFO - Setting next_dagrun for xcoms_in_action to 2025-07-19 00:00:00+00:00, run_after=2025-07-20 00:00:00+00:00
[2025-07-20T14:51:09.891+0000] {processor.py:208} INFO - Processing /opt/airflow/dags/xcoms.py took 0.121 seconds
[2025-07-20T14:51:40.364+0000] {processor.py:186} INFO - Started process (PID=351) to work on /opt/airflow/dags/xcoms.py
[2025-07-20T14:51:40.365+0000] {processor.py:914} INFO - Processing file /opt/airflow/dags/xcoms.py for tasks to queue
[2025-07-20T14:51:40.367+0000] {logging_mixin.py:190} INFO - [2025-07-20T14:51:40.367+0000] {dagbag.py:588} INFO - Filling up the DagBag from /opt/airflow/dags/xcoms.py
[2025-07-20T14:51:40.388+0000] {processor.py:925} INFO - DAG(s) 'xcoms_in_action' retrieved from /opt/airflow/dags/xcoms.py
[2025-07-20T14:51:40.414+0000] {logging_mixin.py:190} INFO - [2025-07-20T14:51:40.414+0000] {dag.py:3239} INFO - Sync 1 DAGs
[2025-07-20T14:51:40.437+0000] {logging_mixin.py:190} INFO - [2025-07-20T14:51:40.436+0000] {dag.py:4180} INFO - Setting next_dagrun for xcoms_in_action to 2025-07-19 00:00:00+00:00, run_after=2025-07-20 00:00:00+00:00
[2025-07-20T14:51:40.463+0000] {processor.py:208} INFO - Processing /opt/airflow/dags/xcoms.py took 0.105 seconds
[2025-07-20T14:52:10.988+0000] {processor.py:186} INFO - Started process (PID=383) to work on /opt/airflow/dags/xcoms.py
[2025-07-20T14:52:10.990+0000] {processor.py:914} INFO - Processing file /opt/airflow/dags/xcoms.py for tasks to queue
[2025-07-20T14:52:10.992+0000] {logging_mixin.py:190} INFO - [2025-07-20T14:52:10.992+0000] {dagbag.py:588} INFO - Filling up the DagBag from /opt/airflow/dags/xcoms.py
[2025-07-20T14:52:11.013+0000] {processor.py:925} INFO - DAG(s) 'xcoms_in_action' retrieved from /opt/airflow/dags/xcoms.py
[2025-07-20T14:52:11.040+0000] {logging_mixin.py:190} INFO - [2025-07-20T14:52:11.040+0000] {dag.py:3239} INFO - Sync 1 DAGs
[2025-07-20T14:52:11.064+0000] {logging_mixin.py:190} INFO - [2025-07-20T14:52:11.064+0000] {dag.py:4180} INFO - Setting next_dagrun for xcoms_in_action to 2025-07-19 00:00:00+00:00, run_after=2025-07-20 00:00:00+00:00
[2025-07-20T14:52:11.086+0000] {processor.py:208} INFO - Processing /opt/airflow/dags/xcoms.py took 0.103 seconds
[2025-07-20T14:52:41.231+0000] {processor.py:186} INFO - Started process (PID=415) to work on /opt/airflow/dags/xcoms.py
[2025-07-20T14:52:41.232+0000] {processor.py:914} INFO - Processing file /opt/airflow/dags/xcoms.py for tasks to queue
[2025-07-20T14:52:41.235+0000] {logging_mixin.py:190} INFO - [2025-07-20T14:52:41.235+0000] {dagbag.py:588} INFO - Filling up the DagBag from /opt/airflow/dags/xcoms.py
[2025-07-20T14:52:41.254+0000] {processor.py:925} INFO - DAG(s) 'xcoms_in_action' retrieved from /opt/airflow/dags/xcoms.py
[2025-07-20T14:52:41.281+0000] {logging_mixin.py:190} INFO - [2025-07-20T14:52:41.280+0000] {dag.py:3239} INFO - Sync 1 DAGs
[2025-07-20T14:52:41.303+0000] {logging_mixin.py:190} INFO - [2025-07-20T14:52:41.303+0000] {dag.py:4180} INFO - Setting next_dagrun for xcoms_in_action to 2025-07-19 00:00:00+00:00, run_after=2025-07-20 00:00:00+00:00
[2025-07-20T14:52:41.325+0000] {processor.py:208} INFO - Processing /opt/airflow/dags/xcoms.py took 0.100 seconds
[2025-07-20T14:53:11.853+0000] {processor.py:186} INFO - Started process (PID=447) to work on /opt/airflow/dags/xcoms.py
[2025-07-20T14:53:11.854+0000] {processor.py:914} INFO - Processing file /opt/airflow/dags/xcoms.py for tasks to queue
[2025-07-20T14:53:11.857+0000] {logging_mixin.py:190} INFO - [2025-07-20T14:53:11.856+0000] {dagbag.py:588} INFO - Filling up the DagBag from /opt/airflow/dags/xcoms.py
[2025-07-20T14:53:11.876+0000] {processor.py:925} INFO - DAG(s) 'xcoms_in_action' retrieved from /opt/airflow/dags/xcoms.py
[2025-07-20T14:53:11.906+0000] {logging_mixin.py:190} INFO - [2025-07-20T14:53:11.905+0000] {dag.py:3239} INFO - Sync 1 DAGs
[2025-07-20T14:53:11.932+0000] {logging_mixin.py:190} INFO - [2025-07-20T14:53:11.932+0000] {dag.py:4180} INFO - Setting next_dagrun for xcoms_in_action to 2025-07-19 00:00:00+00:00, run_after=2025-07-20 00:00:00+00:00
[2025-07-20T14:53:11.955+0000] {processor.py:208} INFO - Processing /opt/airflow/dags/xcoms.py took 0.108 seconds
[2025-07-20T14:53:42.470+0000] {processor.py:186} INFO - Started process (PID=479) to work on /opt/airflow/dags/xcoms.py
[2025-07-20T14:53:42.471+0000] {processor.py:914} INFO - Processing file /opt/airflow/dags/xcoms.py for tasks to queue
[2025-07-20T14:53:42.474+0000] {logging_mixin.py:190} INFO - [2025-07-20T14:53:42.474+0000] {dagbag.py:588} INFO - Filling up the DagBag from /opt/airflow/dags/xcoms.py
[2025-07-20T14:53:42.497+0000] {processor.py:925} INFO - DAG(s) 'xcoms_in_action' retrieved from /opt/airflow/dags/xcoms.py
[2025-07-20T14:53:42.522+0000] {logging_mixin.py:190} INFO - [2025-07-20T14:53:42.522+0000] {dag.py:3239} INFO - Sync 1 DAGs
[2025-07-20T14:53:42.545+0000] {logging_mixin.py:190} INFO - [2025-07-20T14:53:42.545+0000] {dag.py:4180} INFO - Setting next_dagrun for xcoms_in_action to 2025-07-19 00:00:00+00:00, run_after=2025-07-20 00:00:00+00:00
[2025-07-20T14:53:42.564+0000] {processor.py:208} INFO - Processing /opt/airflow/dags/xcoms.py took 0.100 seconds
[2025-07-20T14:54:12.682+0000] {processor.py:186} INFO - Started process (PID=511) to work on /opt/airflow/dags/xcoms.py
[2025-07-20T14:54:12.683+0000] {processor.py:914} INFO - Processing file /opt/airflow/dags/xcoms.py for tasks to queue
[2025-07-20T14:54:12.686+0000] {logging_mixin.py:190} INFO - [2025-07-20T14:54:12.685+0000] {dagbag.py:588} INFO - Filling up the DagBag from /opt/airflow/dags/xcoms.py
[2025-07-20T14:54:12.707+0000] {processor.py:925} INFO - DAG(s) 'xcoms_in_action' retrieved from /opt/airflow/dags/xcoms.py
[2025-07-20T14:54:12.733+0000] {logging_mixin.py:190} INFO - [2025-07-20T14:54:12.733+0000] {dag.py:3239} INFO - Sync 1 DAGs
[2025-07-20T14:54:12.761+0000] {logging_mixin.py:190} INFO - [2025-07-20T14:54:12.761+0000] {dag.py:4180} INFO - Setting next_dagrun for xcoms_in_action to 2025-07-19 00:00:00+00:00, run_after=2025-07-20 00:00:00+00:00
[2025-07-20T14:54:12.907+0000] {processor.py:208} INFO - Processing /opt/airflow/dags/xcoms.py took 0.231 seconds
[2025-07-20T14:54:43.017+0000] {processor.py:186} INFO - Started process (PID=543) to work on /opt/airflow/dags/xcoms.py
[2025-07-20T14:54:43.018+0000] {processor.py:914} INFO - Processing file /opt/airflow/dags/xcoms.py for tasks to queue
[2025-07-20T14:54:43.020+0000] {logging_mixin.py:190} INFO - [2025-07-20T14:54:43.020+0000] {dagbag.py:588} INFO - Filling up the DagBag from /opt/airflow/dags/xcoms.py
[2025-07-20T14:54:43.038+0000] {processor.py:925} INFO - DAG(s) 'xcoms_in_action' retrieved from /opt/airflow/dags/xcoms.py
[2025-07-20T14:54:43.068+0000] {logging_mixin.py:190} INFO - [2025-07-20T14:54:43.067+0000] {dag.py:3239} INFO - Sync 1 DAGs
[2025-07-20T14:54:43.097+0000] {logging_mixin.py:190} INFO - [2025-07-20T14:54:43.096+0000] {dag.py:4180} INFO - Setting next_dagrun for xcoms_in_action to 2025-07-19 00:00:00+00:00, run_after=2025-07-20 00:00:00+00:00
[2025-07-20T14:54:43.119+0000] {processor.py:208} INFO - Processing /opt/airflow/dags/xcoms.py took 0.109 seconds
[2025-07-20T14:55:13.201+0000] {processor.py:186} INFO - Started process (PID=575) to work on /opt/airflow/dags/xcoms.py
[2025-07-20T14:55:13.203+0000] {processor.py:914} INFO - Processing file /opt/airflow/dags/xcoms.py for tasks to queue
[2025-07-20T14:55:13.206+0000] {logging_mixin.py:190} INFO - [2025-07-20T14:55:13.206+0000] {dagbag.py:588} INFO - Filling up the DagBag from /opt/airflow/dags/xcoms.py
[2025-07-20T14:55:13.230+0000] {processor.py:925} INFO - DAG(s) 'xcoms_in_action' retrieved from /opt/airflow/dags/xcoms.py
[2025-07-20T14:55:13.261+0000] {logging_mixin.py:190} INFO - [2025-07-20T14:55:13.261+0000] {dag.py:3239} INFO - Sync 1 DAGs
[2025-07-20T14:55:13.288+0000] {logging_mixin.py:190} INFO - [2025-07-20T14:55:13.288+0000] {dag.py:4180} INFO - Setting next_dagrun for xcoms_in_action to 2025-07-19 00:00:00+00:00, run_after=2025-07-20 00:00:00+00:00
[2025-07-20T14:55:13.313+0000] {processor.py:208} INFO - Processing /opt/airflow/dags/xcoms.py took 0.118 seconds
[2025-07-20T14:55:43.856+0000] {processor.py:186} INFO - Started process (PID=607) to work on /opt/airflow/dags/xcoms.py
[2025-07-20T14:55:43.858+0000] {processor.py:914} INFO - Processing file /opt/airflow/dags/xcoms.py for tasks to queue
[2025-07-20T14:55:43.861+0000] {logging_mixin.py:190} INFO - [2025-07-20T14:55:43.860+0000] {dagbag.py:588} INFO - Filling up the DagBag from /opt/airflow/dags/xcoms.py
[2025-07-20T14:55:43.878+0000] {processor.py:925} INFO - DAG(s) 'xcoms_in_action' retrieved from /opt/airflow/dags/xcoms.py
[2025-07-20T14:55:43.907+0000] {logging_mixin.py:190} INFO - [2025-07-20T14:55:43.907+0000] {dag.py:3239} INFO - Sync 1 DAGs
[2025-07-20T14:55:43.933+0000] {logging_mixin.py:190} INFO - [2025-07-20T14:55:43.933+0000] {dag.py:4180} INFO - Setting next_dagrun for xcoms_in_action to 2025-07-19 00:00:00+00:00, run_after=2025-07-20 00:00:00+00:00
[2025-07-20T14:55:43.953+0000] {processor.py:208} INFO - Processing /opt/airflow/dags/xcoms.py took 0.104 seconds
[2025-07-20T14:56:14.057+0000] {processor.py:186} INFO - Started process (PID=639) to work on /opt/airflow/dags/xcoms.py
[2025-07-20T14:56:14.059+0000] {processor.py:914} INFO - Processing file /opt/airflow/dags/xcoms.py for tasks to queue
[2025-07-20T14:56:14.061+0000] {logging_mixin.py:190} INFO - [2025-07-20T14:56:14.061+0000] {dagbag.py:588} INFO - Filling up the DagBag from /opt/airflow/dags/xcoms.py
[2025-07-20T14:56:14.081+0000] {processor.py:925} INFO - DAG(s) 'xcoms_in_action' retrieved from /opt/airflow/dags/xcoms.py
[2025-07-20T14:56:14.108+0000] {logging_mixin.py:190} INFO - [2025-07-20T14:56:14.108+0000] {dag.py:3239} INFO - Sync 1 DAGs
[2025-07-20T14:56:14.133+0000] {logging_mixin.py:190} INFO - [2025-07-20T14:56:14.133+0000] {dag.py:4180} INFO - Setting next_dagrun for xcoms_in_action to 2025-07-19 00:00:00+00:00, run_after=2025-07-20 00:00:00+00:00
[2025-07-20T14:56:14.157+0000] {processor.py:208} INFO - Processing /opt/airflow/dags/xcoms.py took 0.106 seconds
[2025-07-20T14:56:44.662+0000] {processor.py:186} INFO - Started process (PID=671) to work on /opt/airflow/dags/xcoms.py
[2025-07-20T14:56:44.663+0000] {processor.py:914} INFO - Processing file /opt/airflow/dags/xcoms.py for tasks to queue
[2025-07-20T14:56:44.665+0000] {logging_mixin.py:190} INFO - [2025-07-20T14:56:44.665+0000] {dagbag.py:588} INFO - Filling up the DagBag from /opt/airflow/dags/xcoms.py
[2025-07-20T14:56:44.691+0000] {processor.py:925} INFO - DAG(s) 'xcoms_in_action' retrieved from /opt/airflow/dags/xcoms.py
[2025-07-20T14:56:44.727+0000] {logging_mixin.py:190} INFO - [2025-07-20T14:56:44.727+0000] {dag.py:3239} INFO - Sync 1 DAGs
[2025-07-20T14:56:44.780+0000] {logging_mixin.py:190} INFO - [2025-07-20T14:56:44.780+0000] {dag.py:4180} INFO - Setting next_dagrun for xcoms_in_action to 2025-07-19 00:00:00+00:00, run_after=2025-07-20 00:00:00+00:00
[2025-07-20T14:56:44.806+0000] {processor.py:208} INFO - Processing /opt/airflow/dags/xcoms.py took 0.151 seconds
[2025-07-20T14:57:15.451+0000] {processor.py:186} INFO - Started process (PID=703) to work on /opt/airflow/dags/xcoms.py
[2025-07-20T14:57:15.452+0000] {processor.py:914} INFO - Processing file /opt/airflow/dags/xcoms.py for tasks to queue
[2025-07-20T14:57:15.455+0000] {logging_mixin.py:190} INFO - [2025-07-20T14:57:15.455+0000] {dagbag.py:588} INFO - Filling up the DagBag from /opt/airflow/dags/xcoms.py
[2025-07-20T14:57:15.476+0000] {processor.py:925} INFO - DAG(s) 'xcoms_in_action' retrieved from /opt/airflow/dags/xcoms.py
[2025-07-20T14:57:15.503+0000] {logging_mixin.py:190} INFO - [2025-07-20T14:57:15.502+0000] {dag.py:3239} INFO - Sync 1 DAGs
[2025-07-20T14:57:15.644+0000] {logging_mixin.py:190} INFO - [2025-07-20T14:57:15.644+0000] {dag.py:4180} INFO - Setting next_dagrun for xcoms_in_action to 2025-07-19 00:00:00+00:00, run_after=2025-07-20 00:00:00+00:00
[2025-07-20T14:57:15.665+0000] {processor.py:208} INFO - Processing /opt/airflow/dags/xcoms.py took 0.220 seconds
[2025-07-20T14:57:45.812+0000] {processor.py:186} INFO - Started process (PID=735) to work on /opt/airflow/dags/xcoms.py
[2025-07-20T14:57:45.813+0000] {processor.py:914} INFO - Processing file /opt/airflow/dags/xcoms.py for tasks to queue
[2025-07-20T14:57:45.815+0000] {logging_mixin.py:190} INFO - [2025-07-20T14:57:45.815+0000] {dagbag.py:588} INFO - Filling up the DagBag from /opt/airflow/dags/xcoms.py
[2025-07-20T14:57:45.839+0000] {processor.py:925} INFO - DAG(s) 'xcoms_in_action' retrieved from /opt/airflow/dags/xcoms.py
[2025-07-20T14:57:45.867+0000] {logging_mixin.py:190} INFO - [2025-07-20T14:57:45.867+0000] {dag.py:3239} INFO - Sync 1 DAGs
[2025-07-20T14:57:45.892+0000] {logging_mixin.py:190} INFO - [2025-07-20T14:57:45.892+0000] {dag.py:4180} INFO - Setting next_dagrun for xcoms_in_action to 2025-07-19 00:00:00+00:00, run_after=2025-07-20 00:00:00+00:00
[2025-07-20T14:57:45.916+0000] {processor.py:208} INFO - Processing /opt/airflow/dags/xcoms.py took 0.111 seconds
[2025-07-20T14:58:16.073+0000] {processor.py:186} INFO - Started process (PID=767) to work on /opt/airflow/dags/xcoms.py
[2025-07-20T14:58:16.074+0000] {processor.py:914} INFO - Processing file /opt/airflow/dags/xcoms.py for tasks to queue
[2025-07-20T14:58:16.077+0000] {logging_mixin.py:190} INFO - [2025-07-20T14:58:16.077+0000] {dagbag.py:588} INFO - Filling up the DagBag from /opt/airflow/dags/xcoms.py
[2025-07-20T14:58:16.100+0000] {processor.py:925} INFO - DAG(s) 'xcoms_in_action' retrieved from /opt/airflow/dags/xcoms.py
[2025-07-20T14:58:16.130+0000] {logging_mixin.py:190} INFO - [2025-07-20T14:58:16.130+0000] {dag.py:3239} INFO - Sync 1 DAGs
[2025-07-20T14:58:16.162+0000] {logging_mixin.py:190} INFO - [2025-07-20T14:58:16.161+0000] {dag.py:4180} INFO - Setting next_dagrun for xcoms_in_action to 2025-07-19 00:00:00+00:00, run_after=2025-07-20 00:00:00+00:00
[2025-07-20T14:58:16.186+0000] {processor.py:208} INFO - Processing /opt/airflow/dags/xcoms.py took 0.119 seconds
[2025-07-20T14:58:46.406+0000] {processor.py:186} INFO - Started process (PID=799) to work on /opt/airflow/dags/xcoms.py
[2025-07-20T14:58:46.407+0000] {processor.py:914} INFO - Processing file /opt/airflow/dags/xcoms.py for tasks to queue
[2025-07-20T14:58:46.411+0000] {logging_mixin.py:190} INFO - [2025-07-20T14:58:46.410+0000] {dagbag.py:588} INFO - Filling up the DagBag from /opt/airflow/dags/xcoms.py
[2025-07-20T14:58:46.430+0000] {processor.py:925} INFO - DAG(s) 'xcoms_in_action' retrieved from /opt/airflow/dags/xcoms.py
[2025-07-20T14:58:46.456+0000] {logging_mixin.py:190} INFO - [2025-07-20T14:58:46.456+0000] {dag.py:3239} INFO - Sync 1 DAGs
[2025-07-20T14:58:46.479+0000] {logging_mixin.py:190} INFO - [2025-07-20T14:58:46.479+0000] {dag.py:4180} INFO - Setting next_dagrun for xcoms_in_action to 2025-07-19 00:00:00+00:00, run_after=2025-07-20 00:00:00+00:00
[2025-07-20T14:58:46.502+0000] {processor.py:208} INFO - Processing /opt/airflow/dags/xcoms.py took 0.102 seconds
[2025-07-20T14:59:16.558+0000] {processor.py:186} INFO - Started process (PID=831) to work on /opt/airflow/dags/xcoms.py
[2025-07-20T14:59:16.559+0000] {processor.py:914} INFO - Processing file /opt/airflow/dags/xcoms.py for tasks to queue
[2025-07-20T14:59:16.563+0000] {logging_mixin.py:190} INFO - [2025-07-20T14:59:16.562+0000] {dagbag.py:588} INFO - Filling up the DagBag from /opt/airflow/dags/xcoms.py
[2025-07-20T14:59:16.581+0000] {processor.py:925} INFO - DAG(s) 'xcoms_in_action' retrieved from /opt/airflow/dags/xcoms.py
[2025-07-20T14:59:16.606+0000] {logging_mixin.py:190} INFO - [2025-07-20T14:59:16.606+0000] {dag.py:3239} INFO - Sync 1 DAGs
[2025-07-20T14:59:16.632+0000] {logging_mixin.py:190} INFO - [2025-07-20T14:59:16.631+0000] {dag.py:4180} INFO - Setting next_dagrun for xcoms_in_action to 2025-07-19 00:00:00+00:00, run_after=2025-07-20 00:00:00+00:00
[2025-07-20T14:59:16.776+0000] {processor.py:208} INFO - Processing /opt/airflow/dags/xcoms.py took 0.223 seconds
[2025-07-20T14:59:47.436+0000] {processor.py:186} INFO - Started process (PID=863) to work on /opt/airflow/dags/xcoms.py
[2025-07-20T14:59:47.437+0000] {processor.py:914} INFO - Processing file /opt/airflow/dags/xcoms.py for tasks to queue
[2025-07-20T14:59:47.440+0000] {logging_mixin.py:190} INFO - [2025-07-20T14:59:47.439+0000] {dagbag.py:588} INFO - Filling up the DagBag from /opt/airflow/dags/xcoms.py
[2025-07-20T14:59:47.460+0000] {processor.py:925} INFO - DAG(s) 'xcoms_in_action' retrieved from /opt/airflow/dags/xcoms.py
[2025-07-20T14:59:47.491+0000] {logging_mixin.py:190} INFO - [2025-07-20T14:59:47.491+0000] {dag.py:3239} INFO - Sync 1 DAGs
[2025-07-20T14:59:47.519+0000] {logging_mixin.py:190} INFO - [2025-07-20T14:59:47.518+0000] {dag.py:4180} INFO - Setting next_dagrun for xcoms_in_action to 2025-07-19 00:00:00+00:00, run_after=2025-07-20 00:00:00+00:00
[2025-07-20T14:59:47.543+0000] {processor.py:208} INFO - Processing /opt/airflow/dags/xcoms.py took 0.114 seconds
[2025-07-20T15:00:18.047+0000] {processor.py:186} INFO - Started process (PID=895) to work on /opt/airflow/dags/xcoms.py
[2025-07-20T15:00:18.048+0000] {processor.py:914} INFO - Processing file /opt/airflow/dags/xcoms.py for tasks to queue
[2025-07-20T15:00:18.053+0000] {logging_mixin.py:190} INFO - [2025-07-20T15:00:18.053+0000] {dagbag.py:588} INFO - Filling up the DagBag from /opt/airflow/dags/xcoms.py
[2025-07-20T15:00:18.106+0000] {processor.py:925} INFO - DAG(s) 'xcoms_in_action' retrieved from /opt/airflow/dags/xcoms.py
[2025-07-20T15:00:18.147+0000] {logging_mixin.py:190} INFO - [2025-07-20T15:00:18.147+0000] {dag.py:3239} INFO - Sync 1 DAGs
[2025-07-20T15:00:18.175+0000] {logging_mixin.py:190} INFO - [2025-07-20T15:00:18.175+0000] {dag.py:4180} INFO - Setting next_dagrun for xcoms_in_action to 2025-07-19 00:00:00+00:00, run_after=2025-07-20 00:00:00+00:00
[2025-07-20T15:00:18.204+0000] {processor.py:208} INFO - Processing /opt/airflow/dags/xcoms.py took 0.170 seconds
[2025-07-20T15:00:48.305+0000] {processor.py:186} INFO - Started process (PID=927) to work on /opt/airflow/dags/xcoms.py
[2025-07-20T15:00:48.306+0000] {processor.py:914} INFO - Processing file /opt/airflow/dags/xcoms.py for tasks to queue
[2025-07-20T15:00:48.308+0000] {logging_mixin.py:190} INFO - [2025-07-20T15:00:48.308+0000] {dagbag.py:588} INFO - Filling up the DagBag from /opt/airflow/dags/xcoms.py
[2025-07-20T15:00:48.325+0000] {processor.py:925} INFO - DAG(s) 'xcoms_in_action' retrieved from /opt/airflow/dags/xcoms.py
[2025-07-20T15:00:48.352+0000] {logging_mixin.py:190} INFO - [2025-07-20T15:00:48.352+0000] {dag.py:3239} INFO - Sync 1 DAGs
[2025-07-20T15:00:48.377+0000] {logging_mixin.py:190} INFO - [2025-07-20T15:00:48.377+0000] {dag.py:4180} INFO - Setting next_dagrun for xcoms_in_action to 2025-07-19 00:00:00+00:00, run_after=2025-07-20 00:00:00+00:00
[2025-07-20T15:00:48.399+0000] {processor.py:208} INFO - Processing /opt/airflow/dags/xcoms.py took 0.102 seconds
[2025-07-20T15:01:18.890+0000] {processor.py:186} INFO - Started process (PID=959) to work on /opt/airflow/dags/xcoms.py
[2025-07-20T15:01:18.891+0000] {processor.py:914} INFO - Processing file /opt/airflow/dags/xcoms.py for tasks to queue
[2025-07-20T15:01:18.894+0000] {logging_mixin.py:190} INFO - [2025-07-20T15:01:18.894+0000] {dagbag.py:588} INFO - Filling up the DagBag from /opt/airflow/dags/xcoms.py
[2025-07-20T15:01:18.915+0000] {processor.py:925} INFO - DAG(s) 'xcoms_in_action' retrieved from /opt/airflow/dags/xcoms.py
[2025-07-20T15:01:18.945+0000] {logging_mixin.py:190} INFO - [2025-07-20T15:01:18.944+0000] {dag.py:3239} INFO - Sync 1 DAGs
[2025-07-20T15:01:18.972+0000] {logging_mixin.py:190} INFO - [2025-07-20T15:01:18.972+0000] {dag.py:4180} INFO - Setting next_dagrun for xcoms_in_action to 2025-07-19 00:00:00+00:00, run_after=2025-07-20 00:00:00+00:00
[2025-07-20T15:01:19.119+0000] {processor.py:208} INFO - Processing /opt/airflow/dags/xcoms.py took 0.235 seconds
[2025-07-20T15:01:49.547+0000] {processor.py:186} INFO - Started process (PID=991) to work on /opt/airflow/dags/xcoms.py
[2025-07-20T15:01:49.549+0000] {processor.py:914} INFO - Processing file /opt/airflow/dags/xcoms.py for tasks to queue
[2025-07-20T15:01:49.552+0000] {logging_mixin.py:190} INFO - [2025-07-20T15:01:49.552+0000] {dagbag.py:588} INFO - Filling up the DagBag from /opt/airflow/dags/xcoms.py
[2025-07-20T15:01:49.570+0000] {processor.py:925} INFO - DAG(s) 'xcoms_in_action' retrieved from /opt/airflow/dags/xcoms.py
[2025-07-20T15:01:49.598+0000] {logging_mixin.py:190} INFO - [2025-07-20T15:01:49.597+0000] {dag.py:3239} INFO - Sync 1 DAGs
[2025-07-20T15:01:49.754+0000] {logging_mixin.py:190} INFO - [2025-07-20T15:01:49.754+0000] {dag.py:4180} INFO - Setting next_dagrun for xcoms_in_action to 2025-07-19 00:00:00+00:00, run_after=2025-07-20 00:00:00+00:00
[2025-07-20T15:01:49.776+0000] {processor.py:208} INFO - Processing /opt/airflow/dags/xcoms.py took 0.235 seconds
[2025-07-20T15:02:20.247+0000] {processor.py:186} INFO - Started process (PID=1023) to work on /opt/airflow/dags/xcoms.py
[2025-07-20T15:02:20.248+0000] {processor.py:914} INFO - Processing file /opt/airflow/dags/xcoms.py for tasks to queue
[2025-07-20T15:02:20.251+0000] {logging_mixin.py:190} INFO - [2025-07-20T15:02:20.250+0000] {dagbag.py:588} INFO - Filling up the DagBag from /opt/airflow/dags/xcoms.py
[2025-07-20T15:02:20.272+0000] {processor.py:925} INFO - DAG(s) 'xcoms_in_action' retrieved from /opt/airflow/dags/xcoms.py
[2025-07-20T15:02:20.302+0000] {logging_mixin.py:190} INFO - [2025-07-20T15:02:20.302+0000] {dag.py:3239} INFO - Sync 1 DAGs
[2025-07-20T15:02:20.327+0000] {logging_mixin.py:190} INFO - [2025-07-20T15:02:20.327+0000] {dag.py:4180} INFO - Setting next_dagrun for xcoms_in_action to 2025-07-19 00:00:00+00:00, run_after=2025-07-20 00:00:00+00:00
[2025-07-20T15:02:20.350+0000] {processor.py:208} INFO - Processing /opt/airflow/dags/xcoms.py took 0.110 seconds
[2025-07-20T15:02:50.457+0000] {processor.py:186} INFO - Started process (PID=1055) to work on /opt/airflow/dags/xcoms.py
[2025-07-20T15:02:50.458+0000] {processor.py:914} INFO - Processing file /opt/airflow/dags/xcoms.py for tasks to queue
[2025-07-20T15:02:50.461+0000] {logging_mixin.py:190} INFO - [2025-07-20T15:02:50.461+0000] {dagbag.py:588} INFO - Filling up the DagBag from /opt/airflow/dags/xcoms.py
[2025-07-20T15:02:50.479+0000] {processor.py:925} INFO - DAG(s) 'xcoms_in_action' retrieved from /opt/airflow/dags/xcoms.py
[2025-07-20T15:02:50.508+0000] {logging_mixin.py:190} INFO - [2025-07-20T15:02:50.508+0000] {dag.py:3239} INFO - Sync 1 DAGs
[2025-07-20T15:02:50.537+0000] {logging_mixin.py:190} INFO - [2025-07-20T15:02:50.537+0000] {dag.py:4180} INFO - Setting next_dagrun for xcoms_in_action to 2025-07-19 00:00:00+00:00, run_after=2025-07-20 00:00:00+00:00
[2025-07-20T15:02:50.560+0000] {processor.py:208} INFO - Processing /opt/airflow/dags/xcoms.py took 0.109 seconds
[2025-07-20T15:03:20.672+0000] {processor.py:186} INFO - Started process (PID=1087) to work on /opt/airflow/dags/xcoms.py
[2025-07-20T15:03:20.674+0000] {processor.py:914} INFO - Processing file /opt/airflow/dags/xcoms.py for tasks to queue
[2025-07-20T15:03:20.676+0000] {logging_mixin.py:190} INFO - [2025-07-20T15:03:20.676+0000] {dagbag.py:588} INFO - Filling up the DagBag from /opt/airflow/dags/xcoms.py
[2025-07-20T15:03:20.696+0000] {processor.py:925} INFO - DAG(s) 'xcoms_in_action' retrieved from /opt/airflow/dags/xcoms.py
[2025-07-20T15:03:20.725+0000] {logging_mixin.py:190} INFO - [2025-07-20T15:03:20.724+0000] {dag.py:3239} INFO - Sync 1 DAGs
[2025-07-20T15:03:20.751+0000] {logging_mixin.py:190} INFO - [2025-07-20T15:03:20.751+0000] {dag.py:4180} INFO - Setting next_dagrun for xcoms_in_action to 2025-07-19 00:00:00+00:00, run_after=2025-07-20 00:00:00+00:00
[2025-07-20T15:03:20.776+0000] {processor.py:208} INFO - Processing /opt/airflow/dags/xcoms.py took 0.111 seconds
[2025-07-20T15:03:50.961+0000] {processor.py:186} INFO - Started process (PID=1119) to work on /opt/airflow/dags/xcoms.py
[2025-07-20T15:03:50.963+0000] {processor.py:914} INFO - Processing file /opt/airflow/dags/xcoms.py for tasks to queue
[2025-07-20T15:03:50.965+0000] {logging_mixin.py:190} INFO - [2025-07-20T15:03:50.965+0000] {dagbag.py:588} INFO - Filling up the DagBag from /opt/airflow/dags/xcoms.py
[2025-07-20T15:03:50.986+0000] {processor.py:925} INFO - DAG(s) 'xcoms_in_action' retrieved from /opt/airflow/dags/xcoms.py
[2025-07-20T15:03:51.013+0000] {logging_mixin.py:190} INFO - [2025-07-20T15:03:51.013+0000] {dag.py:3239} INFO - Sync 1 DAGs
[2025-07-20T15:03:51.037+0000] {logging_mixin.py:190} INFO - [2025-07-20T15:03:51.037+0000] {dag.py:4180} INFO - Setting next_dagrun for xcoms_in_action to 2025-07-19 00:00:00+00:00, run_after=2025-07-20 00:00:00+00:00
[2025-07-20T15:03:51.173+0000] {processor.py:208} INFO - Processing /opt/airflow/dags/xcoms.py took 0.218 seconds
[2025-07-20T15:04:21.881+0000] {processor.py:186} INFO - Started process (PID=1151) to work on /opt/airflow/dags/xcoms.py
[2025-07-20T15:04:21.882+0000] {processor.py:914} INFO - Processing file /opt/airflow/dags/xcoms.py for tasks to queue
[2025-07-20T15:04:21.885+0000] {logging_mixin.py:190} INFO - [2025-07-20T15:04:21.884+0000] {dagbag.py:588} INFO - Filling up the DagBag from /opt/airflow/dags/xcoms.py
[2025-07-20T15:04:21.912+0000] {processor.py:925} INFO - DAG(s) 'xcoms_in_action' retrieved from /opt/airflow/dags/xcoms.py
[2025-07-20T15:04:21.938+0000] {logging_mixin.py:190} INFO - [2025-07-20T15:04:21.938+0000] {dag.py:3239} INFO - Sync 1 DAGs
[2025-07-20T15:04:22.078+0000] {logging_mixin.py:190} INFO - [2025-07-20T15:04:22.078+0000] {dag.py:4180} INFO - Setting next_dagrun for xcoms_in_action to 2025-07-19 00:00:00+00:00, run_after=2025-07-20 00:00:00+00:00
[2025-07-20T15:04:22.101+0000] {processor.py:208} INFO - Processing /opt/airflow/dags/xcoms.py took 0.227 seconds
[2025-07-20T15:04:52.496+0000] {processor.py:186} INFO - Started process (PID=1183) to work on /opt/airflow/dags/xcoms.py
[2025-07-20T15:04:52.497+0000] {processor.py:914} INFO - Processing file /opt/airflow/dags/xcoms.py for tasks to queue
[2025-07-20T15:04:52.500+0000] {logging_mixin.py:190} INFO - [2025-07-20T15:04:52.500+0000] {dagbag.py:588} INFO - Filling up the DagBag from /opt/airflow/dags/xcoms.py
[2025-07-20T15:04:52.516+0000] {processor.py:925} INFO - DAG(s) 'xcoms_in_action' retrieved from /opt/airflow/dags/xcoms.py
[2025-07-20T15:04:52.544+0000] {logging_mixin.py:190} INFO - [2025-07-20T15:04:52.544+0000] {dag.py:3239} INFO - Sync 1 DAGs
[2025-07-20T15:04:52.571+0000] {logging_mixin.py:190} INFO - [2025-07-20T15:04:52.570+0000] {dag.py:4180} INFO - Setting next_dagrun for xcoms_in_action to 2025-07-19 00:00:00+00:00, run_after=2025-07-20 00:00:00+00:00
[2025-07-20T15:04:52.593+0000] {processor.py:208} INFO - Processing /opt/airflow/dags/xcoms.py took 0.104 seconds
[2025-07-20T15:05:22.694+0000] {processor.py:186} INFO - Started process (PID=1215) to work on /opt/airflow/dags/xcoms.py
[2025-07-20T15:05:22.695+0000] {processor.py:914} INFO - Processing file /opt/airflow/dags/xcoms.py for tasks to queue
[2025-07-20T15:05:22.698+0000] {logging_mixin.py:190} INFO - [2025-07-20T15:05:22.697+0000] {dagbag.py:588} INFO - Filling up the DagBag from /opt/airflow/dags/xcoms.py
[2025-07-20T15:05:22.720+0000] {processor.py:925} INFO - DAG(s) 'xcoms_in_action' retrieved from /opt/airflow/dags/xcoms.py
[2025-07-20T15:05:22.748+0000] {logging_mixin.py:190} INFO - [2025-07-20T15:05:22.748+0000] {dag.py:3239} INFO - Sync 1 DAGs
[2025-07-20T15:05:22.772+0000] {logging_mixin.py:190} INFO - [2025-07-20T15:05:22.772+0000] {dag.py:4180} INFO - Setting next_dagrun for xcoms_in_action to 2025-07-19 00:00:00+00:00, run_after=2025-07-20 00:00:00+00:00
[2025-07-20T15:05:22.798+0000] {processor.py:208} INFO - Processing /opt/airflow/dags/xcoms.py took 0.110 seconds
[2025-07-20T15:05:52.913+0000] {processor.py:186} INFO - Started process (PID=1247) to work on /opt/airflow/dags/xcoms.py
[2025-07-20T15:05:52.914+0000] {processor.py:914} INFO - Processing file /opt/airflow/dags/xcoms.py for tasks to queue
[2025-07-20T15:05:52.917+0000] {logging_mixin.py:190} INFO - [2025-07-20T15:05:52.917+0000] {dagbag.py:588} INFO - Filling up the DagBag from /opt/airflow/dags/xcoms.py
[2025-07-20T15:05:52.934+0000] {processor.py:925} INFO - DAG(s) 'xcoms_in_action' retrieved from /opt/airflow/dags/xcoms.py
[2025-07-20T15:05:52.962+0000] {logging_mixin.py:190} INFO - [2025-07-20T15:05:52.962+0000] {dag.py:3239} INFO - Sync 1 DAGs
[2025-07-20T15:05:52.991+0000] {logging_mixin.py:190} INFO - [2025-07-20T15:05:52.991+0000] {dag.py:4180} INFO - Setting next_dagrun for xcoms_in_action to 2025-07-19 00:00:00+00:00, run_after=2025-07-20 00:00:00+00:00
[2025-07-20T15:05:53.011+0000] {processor.py:208} INFO - Processing /opt/airflow/dags/xcoms.py took 0.105 seconds
[2025-07-20T15:06:23.521+0000] {processor.py:186} INFO - Started process (PID=1279) to work on /opt/airflow/dags/xcoms.py
[2025-07-20T15:06:23.522+0000] {processor.py:914} INFO - Processing file /opt/airflow/dags/xcoms.py for tasks to queue
[2025-07-20T15:06:23.525+0000] {logging_mixin.py:190} INFO - [2025-07-20T15:06:23.524+0000] {dagbag.py:588} INFO - Filling up the DagBag from /opt/airflow/dags/xcoms.py
[2025-07-20T15:06:23.542+0000] {processor.py:925} INFO - DAG(s) 'xcoms_in_action' retrieved from /opt/airflow/dags/xcoms.py
[2025-07-20T15:06:23.571+0000] {logging_mixin.py:190} INFO - [2025-07-20T15:06:23.570+0000] {dag.py:3239} INFO - Sync 1 DAGs
[2025-07-20T15:06:23.602+0000] {logging_mixin.py:190} INFO - [2025-07-20T15:06:23.602+0000] {dag.py:4180} INFO - Setting next_dagrun for xcoms_in_action to 2025-07-19 00:00:00+00:00, run_after=2025-07-20 00:00:00+00:00
[2025-07-20T15:06:23.774+0000] {processor.py:208} INFO - Processing /opt/airflow/dags/xcoms.py took 0.260 seconds
[2025-07-20T15:06:53.983+0000] {processor.py:186} INFO - Started process (PID=1311) to work on /opt/airflow/dags/xcoms.py
[2025-07-20T15:06:53.984+0000] {processor.py:914} INFO - Processing file /opt/airflow/dags/xcoms.py for tasks to queue
[2025-07-20T15:06:53.986+0000] {logging_mixin.py:190} INFO - [2025-07-20T15:06:53.986+0000] {dagbag.py:588} INFO - Filling up the DagBag from /opt/airflow/dags/xcoms.py
[2025-07-20T15:06:54.009+0000] {processor.py:925} INFO - DAG(s) 'xcoms_in_action' retrieved from /opt/airflow/dags/xcoms.py
[2025-07-20T15:06:54.034+0000] {logging_mixin.py:190} INFO - [2025-07-20T15:06:54.034+0000] {dag.py:3239} INFO - Sync 1 DAGs
[2025-07-20T15:06:54.174+0000] {logging_mixin.py:190} INFO - [2025-07-20T15:06:54.174+0000] {dag.py:4180} INFO - Setting next_dagrun for xcoms_in_action to 2025-07-19 00:00:00+00:00, run_after=2025-07-20 00:00:00+00:00
[2025-07-20T15:06:54.194+0000] {processor.py:208} INFO - Processing /opt/airflow/dags/xcoms.py took 0.217 seconds
